C51 COMPILER V9.01   A1                                                                    02/11/2012 09:07:25 PAGE 1   


C51 COMPILER V9.01, COMPILATION OF MODULE A1
OBJECT MODULE PLACED IN A1.OBJ
COMPILER INVOKED BY: C:\Keil\C51\BIN\C51.EXE A1.C BROWSE DEBUG OBJECTEXTEND

line level    source

   1          #include <reg51.h>
   2          #define  LED P1                 // 宣告 LED 位址 
   3          #define  B0 50000               // 定義基本節拍
   4          sbit Buzzer=P3^7;               // 宣告蜂鳴器位址 
   5          unsigned int code BaseTone[37]={        // 宣告基本音階陣列
   6          // 中音 
   7          //  0   1               2               3               4               5               6               7
   8                  1,      956,    852,    759,    716,  638,      568,    506,
   9          //  8   9       10
  10                  1,      1, 1,
  11          // 低音 
  12          //  11          12              13              14              15              16              17
  13                  1908,   1701,   1515,   1433,   1276,   1136,   1012,
  14          //  18  19      20
  15                  1,      1, 1,
  16          // 高音 
  17          //  21          22              23              24              25              26              27
  18                  478,    426,    379,    358,    319,    284,    253,
  19          //  28  29      30
  20                  1,      1, 1,
  21          // 中音(Do#, Re#,-,Fa#,So#,La# ) 
  22          //  31          32              33              34              35              36              
  23                  903,    804,    1,              676,    602,    526     };
  24          // 點仔膠 音調表 
  25          char code SONG[]={
  26                  6,6,6,          5,3,6,  22,21,22,       6,5,6,                  //1     
  27                  21,21,22,23,23,22,22,21,21,6,6, 5,7,6,  100};   //2
  28          // 點仔膠 節拍表 
  29          char code BEAT[]={
  30                  4,4,6,          4,4,6,  4,4,6,          4,4,6,          //1
  31                  4,4,6,2,        4,4,6,  4,4,4,4,        4,4,6};         //2
  32          //========================================
  33          int t0H,t0L;                    // 宣告變數
  34          void beat(char);                // 宣告節拍函數
  35          void DELAY(int);                // 宣告延時函數
  36          void DELAY1ms(int);     // 宣告延時函數
  37          // ==================================================
  38          main()
  39          {       unsigned char i;        // 宣告播歌指標
  40   1              Buzzer=1;                       // 初始化
  41   1              IE=0x82;                        // 啟用Timer 0中斷
  42   1              TMOD=TMOD|1;            // 設定Timer 0 Mode 1
  43   1              while(1)                        // 若開關on
  44   1              {       i=0;                    // 若播歌指標歸零
  45   2                      TR0=1;                  // 開始播歌
  46   2                      while(SONG[i]!=100)     // 若非結束符號，則播歌
  47   2                      {       TH0=t0H=(65536-BaseTone[SONG[i]])/256;
  48   3                              // 載入所要播音階之高8位元
  49   3                              TL0=t0L=(65536-BaseTone[SONG[i]])%256;
  50   3                              // 載入所要播音階之低8位元
  51   3                              beat(BEAT[i]);  // 等待節拍結束
  52   3                              LED=~(1<<(SONG[i])%7);
  53   3                              i++;                    // 下一個音
  54   3                      }
  55   2                      LED=0xff;                       // 停止播放 
C51 COMPILER V9.01   A1                                                                    02/11/2012 09:07:25 PAGE 2   

  56   2                      TR0=0;                          // 停止播放 
  57   2                      DELAY1ms(30000);        // 等30秒
  58   2              } 
  59   1      } 
  60          // ==================================================
  61          void beat(char x)
  62          {       char i;
  63   1              for (i=0;i<x;i++)
  64   1                      DELAY((B0-23)/12);      
  65   1      }       
  66          // ==================================================
  67          void DELAY1ms(int x)    // 宣告延時函數
  68          {       int i,j;
  69   1              for(i=0;i<x;i++)
  70   1                      for(j=0;j<120;j++);
  71   1      }
  72          // ==================================================
  73          void DELAY(int x)
  74          {       int i;
  75   1              for(i=0;i<x;i++);
  76   1      }
  77          // ==================================================
  78          void TONE_int(void) interrupt 1
  79          {       TH0=t0H; TL0=t0L;       // 重新填入計時量
  80   1              Buzzer=!Buzzer;         // 切換蜂鳴器
  81   1      }


MODULE INFORMATION:   STATIC OVERLAYABLE
   CODE SIZE        =    317    ----
   CONSTANT SIZE    =    127    ----
   XDATA SIZE       =   ----    ----
   PDATA SIZE       =   ----    ----
   DATA SIZE        =      4       3
   IDATA SIZE       =   ----    ----
   BIT SIZE         =   ----    ----
END OF MODULE INFORMATION.


C51 COMPILATION COMPLETE.  0 WARNING(S),  0 ERROR(S)
