C51 COMPILER V9.01   CH6_5_1                                                               02/10/2012 23:12:10 PAGE 1   


C51 COMPILER V9.01, COMPILATION OF MODULE CH6_5_1
OBJECT MODULE PLACED IN Ch6-5-1.OBJ
COMPILER INVOKED BY: C:\Keil\C51\BIN\C51.EXE Ch6-5-1.C BROWSE DEBUG OBJECTEXTEND

line level    source

   1          #include <reg51.h>
   2          #define  KEY P2                 // 定義按鍵位址
   3          sbit Buzzer=P3^7;               // 宣告蜂鳴器位址 
   4          unsigned int code BaseTone[8]={ // 宣告基本音階陣列
   5          //  0    1       2       3       4       5       6       7
   6                  956,852,759,716,638,568,506,478};
   7          int t0H,t0L;                    // 宣告變數
   8          void DELAY1ms(int);     // 宣告延時函數
   9          void Sound(char);       // 宣告發音函數
  10          // ==================================================
  11          main()
  12          {       Buzzer=1;                       // 初始化
  13   1              KEY=0xff;                       // 初始化
  14   1              IE=0x82;                        // 啟用Timer 0中斷
  15   1              TMOD=TMOD|1;            // 設定Timer 0 Mode 1
  16   1              while(1)                        // 無窮盡迴圈
  17   1              {       switch (~KEY)           // 讀取按鍵
  18   2                      {       case 0x01:Sound(0);break;                       // Do
  19   3                              case 0x02:Sound(1);break;                       // Re
  20   3                              case 0x04:Sound(2);break;                       // Mi
  21   3                              case 0x08:Sound(3);break;                       // Fa
  22   3                              case 0x10:Sound(4);break;                       // So
  23   3                              case 0x20:Sound(5);break;                       // La
  24   3                              case 0x40:Sound(6);break;                       // Si
  25   3                              case 0x80:Sound(7);break;                       // Do#
  26   3                      }
  27   2              }
  28   1      }
  29          // ==================================================
  30          void Sound(char x)
  31          {       TH0=t0H=(65536-BaseTone[x])/256;
  32   1              // 載入所要播音階之高8位元
  33   1              TL0=t0L=(65536-BaseTone[x])%256;
  34   1              // 載入所要播音階之低8位元
  35   1              TR0=1;DELAY1ms(200);    // 發音
  36   1              TR0=0;                                  // 停止發音
  37   1      }
  38          // ==================================================
  39          void DELAY1ms(int x)
  40          {       int i,j;
  41   1              for(i=0;i<x;i++)
  42   1                      for(j=0;j<120;j++);
  43   1      }
  44          // ==================================================
  45          void TONE_int(void) interrupt 1
  46          {       TH0=t0H; TL0=t0L;// 重新填入計時量
  47   1              Buzzer=!Buzzer;         // 切換蜂鳴器
  48   1      }


MODULE INFORMATION:   STATIC OVERLAYABLE
   CODE SIZE        =    271    ----
   CONSTANT SIZE    =     16    ----
   XDATA SIZE       =   ----    ----
   PDATA SIZE       =   ----    ----
C51 COMPILER V9.01   CH6_5_1                                                               02/10/2012 23:12:10 PAGE 2   

   DATA SIZE        =      4       1
   IDATA SIZE       =   ----    ----
   BIT SIZE         =   ----    ----
END OF MODULE INFORMATION.


C51 COMPILATION COMPLETE.  0 WARNING(S),  0 ERROR(S)
