C51 COMPILER V9.01   TIMER_EXPLOSION                                                       11/15/2018 13:16:35 PAGE 1   


C51 COMPILER V9.01, COMPILATION OF MODULE TIMER_EXPLOSION
OBJECT MODULE PLACED IN timer_explosion.OBJ
COMPILER INVOKED BY: C:\Keil\C51\BIN\C51.EXE timer_explosion.c BROWSE DEBUG OBJECTEXTEND

line level    source

   1          /*
   2          programmer      :LuckyPig
   3          fuctions        :倒數60秒後beep兩聲的定時炸彈倒數計時器
   4          version         :20181115A
   5          */
   6          /*
   7          接線說明:
   8          a -> P0.0 (P0^0) a為LSB(最低位元)
   9          b -> P0.1
  10          依序a,b,c,d,e,f,g......
  11          最後為dp -> P0.7 dp為MSB(最高位元)
  12          D0 -> P2^0為LSB
  13          依序接線
  14          D3 -> P2^3為MSB
  15          */
  16          #include<reg51.h>
  17          #define seg7 P0
  18          #define scan7seg P2
  19          #define led P1
  20          sbit seg7dp = P0^7;
  21          sbit buzzer = P3^7;
  22          char seg7hexCode[20] = {0xc0,0xf9,0xa4,0xb0,0x99,0x92,0x82,0xf8,0x80,0x98};
  23          // 7-seg對應顯示輸出0~9
  24          char scan7segCode[8] = {0x7f,0xbf,0xdf,0xef,0xf7,0xfb,0xfd,0xfe};//使用char比int節省空間
  25          //7-seg的掃描碼
  26          char countDownNumber[8] = {19,19,19,19,19,19,6,0};
  27          char dataPointer = 0;
  28          void display8digitsData(char dataIn[]);
  29          void delay(int ms);
  30          void delay100us(int time);
  31          void beep(int beepcount);
  32          int displayTime = 0;
  33          char power = 1;
  34          void main(){
  35   1              //int i;
  36   1              seg7hexCode[19] = 0xff;//清除顯示器
  37   1              while(power == 1){
  38   2                      if(displayTime <= 100){
  39   3                              display8digitsData(countDownNumber);
  40   3                      }
  41   2                      else {
  42   3                              if(countDownNumber[7]!=0){
  43   4                                      countDownNumber[7] -= 1;
  44   4                              }
  45   3                              else if(countDownNumber[7]==0 && countDownNumber[6]!=0){
  46   4                                      countDownNumber[7] = 9;
  47   4                                      countDownNumber[6] -= 1;
  48   4                              }
  49   3                              else{
  50   4                                      countDownNumber[6] = countDownNumber[7] = 19;
  51   4                                      display8digitsData(countDownNumber);
  52   4                                      beep(2);
  53   4                                      power = 0;
  54   4                                      led = 0x00;
  55   4                              }
C51 COMPILER V9.01   TIMER_EXPLOSION                                                       11/15/2018 13:16:35 PAGE 2   

  56   3                              displayTime = 0;
  57   3                      }
  58   2              }
  59   1              while(power == 0){
  60   2                      
  61   2              }
  62   1      }
  63          
  64          void delay(int ms){
  65   1              int i,j;
  66   1              for(i = 0;i < ms;i++)
  67   1                      for(j=0;j<120;j++);//do null
  68   1      }
  69          
  70          void display8digitsData(char dataIn[]){
  71   1              int i = 0;
  72   1              for(i = 0;i<8;i++){
  73   2                      seg7 = seg7hexCode[dataIn[i]];
  74   2                      scan7seg = scan7segCode[i];
  75   2                      delay(1);
  76   2                      displayTime +=1;
  77   2              }                                                                
  78   1      }
  79          void beep(int beepcount){
  80   1              int i,j;
  81   1              for(i=0;i<beepcount;i++){
  82   2                      for(j=0;j<100;j++){
  83   3                              buzzer = 0;delay100us(1);
  84   3                              buzzer = 1;delay100us(1);
  85   3                      }
  86   2                      delay100us(1000); //100ms
  87   2              }  
  88   1      }
  89          void delay100us(int time){
  90   1              int i,j;
  91   1              for(i=0;i<time;i++){
  92   2                      for(j=0;j<12;j++);
  93   2              }
  94   1      }


MODULE INFORMATION:   STATIC OVERLAYABLE
   CODE SIZE        =    330    ----
   CONSTANT SIZE    =   ----    ----
   XDATA SIZE       =   ----    ----
   PDATA SIZE       =   ----    ----
   DATA SIZE        =     40      11
   IDATA SIZE       =   ----    ----
   BIT SIZE         =   ----    ----
END OF MODULE INFORMATION.


C51 COMPILATION COMPLETE.  0 WARNING(S),  0 ERROR(S)
