C51 COMPILER V9.01   BUTTON                                                                10/04/2018 09:59:15 PAGE 1   


C51 COMPILER V9.01, COMPILATION OF MODULE BUTTON
OBJECT MODULE PLACED IN button.OBJ
COMPILER INVOKED BY: C:\Keil\C51\BIN\C51.EXE button.c BROWSE DEBUG OBJECTEXTEND

line level    source

   1          #include <reg51.h>
   2          #define led P1
   3          sbit pb4 = P2^1;
   4          void delay(int ms);
   5          
   6          void main(){
   7   1              led = 0x00;
   8   1              while(1){
   9   2                      if(pb4 == 0){
  10   3                              delay(5);
  11   3                              if(pb4==0)led =~ led;
  12   3                              while(pb4==0);//wait until button is released
  13   3                              delay(5);
  14   3                      }
  15   2                      
  16   2              }
  17   1      }
  18          
  19          void delay(int ms){
  20   1              int i,j;
  21   1              for(i = 0;i<ms;i++)
  22   1                      for(j=0;j<120;j++);//do nothing
  23   1      }
  24          
  25          
  26          
  27          
  28          


MODULE INFORMATION:   STATIC OVERLAYABLE
   CODE SIZE        =     69    ----
   CONSTANT SIZE    =   ----    ----
   XDATA SIZE       =   ----    ----
   PDATA SIZE       =   ----    ----
   DATA SIZE        =   ----    ----
   IDATA SIZE       =   ----    ----
   BIT SIZE         =   ----    ----
END OF MODULE INFORMATION.


C51 COMPILATION COMPLETE.  0 WARNING(S),  0 ERROR(S)
