Classic Timing Analyzer report for Quiz_phone_number_VHDL_180608
Fri Jun 08 11:14:33 2018
Quartus II Version 9.1 Build 350 03/24/2010 Service Pack 2 SJ Web Edition


---------------------
; Table of Contents ;
---------------------
  1. Legal Notice
  2. Timing Analyzer Summary
  3. Timing Analyzer Settings
  4. Parallel Compilation
  5. tpd
  6. Timing Analyzer Messages



----------------
; Legal Notice ;
----------------
Copyright (C) 1991-2010 Altera Corporation
Your use of Altera Corporation's design tools, logic functions 
and other software and tools, and its AMPP partner logic 
functions, and any output files from any of the foregoing 
(including device programming or simulation files), and any 
associated documentation or information are expressly subject 
to the terms and conditions of the Altera Program License 
Subscription Agreement, Altera MegaCore Function License 
Agreement, or other applicable license agreement, including, 
without limitation, that your use is for the sole purpose of 
programming logic devices manufactured by Altera and sold by 
Altera or its authorized distributors.  Please refer to the 
applicable agreement for further details.



+-----------------------------------------------------------------------------------------------------------------------------------+
; Timing Analyzer Summary                                                                                                           ;
+------------------------------+-------+---------------+-------------+-----------+-----------+------------+----------+--------------+
; Type                         ; Slack ; Required Time ; Actual Time ; From      ; To        ; From Clock ; To Clock ; Failed Paths ;
+------------------------------+-------+---------------+-------------+-----------+-----------+------------+----------+--------------+
; Worst-case tpd               ; N/A   ; None          ; 8.332 ns    ; inputS[2] ; segOut[0] ; --         ; --       ; 0            ;
; Total number of failed paths ;       ;               ;             ;           ;           ;            ;          ; 0            ;
+------------------------------+-------+---------------+-------------+-----------+-----------+------------+----------+--------------+


+-----------------------------------------------------------------------------------------------------------------------------------------------------+
; Timing Analyzer Settings                                                                                                                            ;
+------------------------------------------------------------------------------------------------------+--------------------+------+----+-------------+
; Option                                                                                               ; Setting            ; From ; To ; Entity Name ;
+------------------------------------------------------------------------------------------------------+--------------------+------+----+-------------+
; Device Name                                                                                          ; EPM1270T144C5      ;      ;    ;             ;
; Timing Models                                                                                        ; Final              ;      ;    ;             ;
; Default hold multicycle                                                                              ; Same as Multicycle ;      ;    ;             ;
; Cut paths between unrelated clock domains                                                            ; On                 ;      ;    ;             ;
; Cut off read during write signal paths                                                               ; On                 ;      ;    ;             ;
; Cut off feedback from I/O pins                                                                       ; On                 ;      ;    ;             ;
; Report Combined Fast/Slow Timing                                                                     ; Off                ;      ;    ;             ;
; Ignore Clock Settings                                                                                ; Off                ;      ;    ;             ;
; Analyze latches as synchronous elements                                                              ; On                 ;      ;    ;             ;
; Enable Recovery/Removal analysis                                                                     ; Off                ;      ;    ;             ;
; Enable Clock Latency                                                                                 ; Off                ;      ;    ;             ;
; Use TimeQuest Timing Analyzer                                                                        ; Off                ;      ;    ;             ;
; Minimum Core Junction Temperature                                                                    ; 0                  ;      ;    ;             ;
; Maximum Core Junction Temperature                                                                    ; 85                 ;      ;    ;             ;
; Number of source nodes to report per destination node                                                ; 10                 ;      ;    ;             ;
; Number of destination nodes to report                                                                ; 10                 ;      ;    ;             ;
; Number of paths to report                                                                            ; 200                ;      ;    ;             ;
; Report Minimum Timing Checks                                                                         ; Off                ;      ;    ;             ;
; Use Fast Timing Models                                                                               ; Off                ;      ;    ;             ;
; Report IO Paths Separately                                                                           ; Off                ;      ;    ;             ;
; Perform Multicorner Analysis                                                                         ; Off                ;      ;    ;             ;
; Reports the worst-case path for each clock domain and analysis                                       ; Off                ;      ;    ;             ;
; Reports worst-case timing paths for each clock domain and analysis                                   ; On                 ;      ;    ;             ;
; Specifies the maximum number of worst-case timing paths to report for each clock domain and analysis ; 100                ;      ;    ;             ;
; Removes common clock path pessimism (CCPP) during slack computation                                  ; Off                ;      ;    ;             ;
; Output I/O Timing Endpoint                                                                           ; Near End           ;      ;    ;             ;
+------------------------------------------------------------------------------------------------------+--------------------+------+----+-------------+


Parallel compilation was disabled, but you have multiple processors available. Enable parallel compilation to reduce compilation time.
+-------------------------------------+
; Parallel Compilation                ;
+----------------------------+--------+
; Processors                 ; Number ;
+----------------------------+--------+
; Number detected on machine ; 4      ;
; Maximum allowed            ; 1      ;
+----------------------------+--------+


+---------------------------------------------------------------------+
; tpd                                                                 ;
+-------+-------------------+-----------------+-----------+-----------+
; Slack ; Required P2P Time ; Actual P2P Time ; From      ; To        ;
+-------+-------------------+-----------------+-----------+-----------+
; N/A   ; None              ; 8.332 ns        ; inputS[2] ; segOut[0] ;
; N/A   ; None              ; 8.331 ns        ; inputS[2] ; segOut[1] ;
; N/A   ; None              ; 8.327 ns        ; inputS[1] ; segOut[6] ;
; N/A   ; None              ; 8.318 ns        ; inputS[2] ; segOut[5] ;
; N/A   ; None              ; 8.197 ns        ; inputS[2] ; segOut[6] ;
; N/A   ; None              ; 8.118 ns        ; inputS[0] ; segOut[5] ;
; N/A   ; None              ; 8.117 ns        ; inputS[1] ; segOut[1] ;
; N/A   ; None              ; 8.117 ns        ; inputS[1] ; segOut[0] ;
; N/A   ; None              ; 8.010 ns        ; inputS[0] ; segOut[1] ;
; N/A   ; None              ; 8.004 ns        ; inputS[0] ; segOut[0] ;
; N/A   ; None              ; 7.993 ns        ; inputS[0] ; segOut[6] ;
; N/A   ; None              ; 7.292 ns        ; inputS[2] ; segOut[3] ;
; N/A   ; None              ; 7.291 ns        ; inputS[2] ; segOut[4] ;
; N/A   ; None              ; 7.251 ns        ; inputS[0] ; segOut[2] ;
; N/A   ; None              ; 7.250 ns        ; inputS[2] ; segOut[2] ;
; N/A   ; None              ; 7.244 ns        ; inputS[0] ; segOut[3] ;
; N/A   ; None              ; 7.243 ns        ; inputS[0] ; segOut[4] ;
; N/A   ; None              ; 6.702 ns        ; inputS[1] ; segOut[2] ;
; N/A   ; None              ; 6.701 ns        ; inputS[1] ; segOut[4] ;
; N/A   ; None              ; 6.699 ns        ; inputS[1] ; segOut[3] ;
+-------+-------------------+-----------------+-----------+-----------+


+--------------------------+
; Timing Analyzer Messages ;
+--------------------------+
Info: *******************************************************************
Info: Running Quartus II Classic Timing Analyzer
    Info: Version 9.1 Build 350 03/24/2010 Service Pack 2 SJ Web Edition
    Info: Processing started: Fri Jun 08 11:14:33 2018
Info: Command: quartus_tan --read_settings_files=off --write_settings_files=off Quiz_phone_number_VHDL_180608 -c Quiz_phone_number_VHDL_180608
Info: Started post-fitting delay annotation
Info: Delay annotation completed successfully
Info: Longest tpd from source pin "inputS[2]" to destination pin "segOut[0]" is 8.332 ns
    Info: 1: + IC(0.000 ns) + CELL(1.132 ns) = 1.132 ns; Loc. = PIN_1; Fanout = 7; PIN Node = 'inputS[2]'
    Info: 2: + IC(2.439 ns) + CELL(0.740 ns) = 4.311 ns; Loc. = LC_X8_Y10_N7; Fanout = 1; COMB Node = 'Mux6~0'
    Info: 3: + IC(1.699 ns) + CELL(2.322 ns) = 8.332 ns; Loc. = PIN_133; Fanout = 0; PIN Node = 'segOut[0]'
    Info: Total cell delay = 4.194 ns ( 50.34 % )
    Info: Total interconnect delay = 4.138 ns ( 49.66 % )
Info: Quartus II Classic Timing Analyzer was successful. 0 errors, 0 warnings
    Info: Peak virtual memory: 155 megabytes
    Info: Processing ended: Fri Jun 08 11:14:33 2018
    Info: Elapsed time: 00:00:00
    Info: Total CPU time (on all processors): 00:00:00


