C51 COMPILER V9.01   BUTTON_CONTROL_LED                                                    09/13/2018 13:34:15 PAGE 1   


C51 COMPILER V9.01, COMPILATION OF MODULE BUTTON_CONTROL_LED
OBJECT MODULE PLACED IN button_control_led.OBJ
COMPILER INVOKED BY: C:\Keil\C51\BIN\C51.EXE button_control_led.c BROWSE DEBUG OBJECTEXTEND

line level    source

   1          #include <reg51.h>
   2          #define led P1
   3          #define sw P0
   4          sbit on = P2^0;
   5          sbit off = P2^1;
   6          void delay(int);
   7          void flash();
   8          void main(){
   9   1              int enableLED = 0;
  10   1              led = 0xff;
  11   1              on = off = 1;//初始化按鈕狀態
  12   1              while(1){
  13   2                      if(!on)enableLED = 1;
  14   2                      if(!off)enableLED = 0;
  15   2                      if(enableLED == 1)flash();
  16   2                      else led = 0xff;
  17   2              }
  18   1      }
  19          void flash(){
  20   1              led = 0xff;
  21   1              delay(100);
  22   1              led = 0x00;
  23   1              delay(100);
  24   1      }
  25          void delay(int delayXms){
  26   1              int i,j;
  27   1              for(i = 0;i < delayXms;i++)
  28   1                      for(j=0;j<120;j++);
  29   1      }


MODULE INFORMATION:   STATIC OVERLAYABLE
   CODE SIZE        =    104    ----
   CONSTANT SIZE    =   ----    ----
   XDATA SIZE       =   ----    ----
   PDATA SIZE       =   ----    ----
   DATA SIZE        =   ----       2
   IDATA SIZE       =   ----    ----
   BIT SIZE         =   ----    ----
END OF MODULE INFORMATION.


C51 COMPILATION COMPLETE.  0 WARNING(S),  0 ERROR(S)
