C51 COMPILER V9.01   7SEG                                                                  10/04/2018 11:24:21 PAGE 1   


C51 COMPILER V9.01, COMPILATION OF MODULE 7SEG
OBJECT MODULE PLACED IN 7seg.OBJ
COMPILER INVOKED BY: C:\Keil\C51\BIN\C51.EXE 7seg.c BROWSE DEBUG OBJECTEXTEND

line level    source

   1          #include<reg51.h>
   2          #define seg7 P2
   3          sbit seg7dp = P2^7;
   4          char seg7hexCode[16] = {0xc0,0xf9,0xa4,0xb0,0x99,0x92,0x82,0xf8,0x80,0x98};
   5          /*
   6          接線說明:
   7          a -> P2.0 (P2^0)
   8          b -> P2.1
   9          依序a,b,c,d,e,f,g......
  10          最後為dp -> P2.7
  11          */
  12          void delay(int ms);
  13          void main(){
  14   1              while(1){
  15   2                      int i = 0;
  16   2                      for(i = 0;i<10;i++){
  17   3                              seg7 = seg7hexCode[i];
  18   3                              delay(300);
  19   3                              seg7 = 0xff;//turn off 7seg
  20   3                              delay(300);
  21   3                      }
  22   2                      seg7 = 0xff;
  23   2                      delay(1000);
  24   2                      for(i = 9;i>=0;i--){
  25   3                              seg7 = seg7hexCode[i];
  26   3                              delay(300);
  27   3                              seg7 = 0xff;//turn off 7seg
  28   3                              delay(300);
  29   3                      }
  30   2                      seg7 = 0xff;
  31   2                      delay(1000);
  32   2              }
  33   1      }
  34          
  35          void delay(int ms){
  36   1              int i,j;
  37   1              for(i = 0;i < ms;i++)
  38   1                      for(j=0;j<120;j++);//do null
  39   1      }


MODULE INFORMATION:   STATIC OVERLAYABLE
   CODE SIZE        =    141    ----
   CONSTANT SIZE    =   ----    ----
   XDATA SIZE       =   ----    ----
   PDATA SIZE       =   ----    ----
   DATA SIZE        =     16       2
   IDATA SIZE       =   ----    ----
   BIT SIZE         =   ----    ----
END OF MODULE INFORMATION.


C51 COMPILATION COMPLETE.  0 WARNING(S),  0 ERROR(S)
