C51 COMPILER V9.01   A1                                                                    02/12/2012 17:12:42 PAGE 1   


C51 COMPILER V9.01, COMPILATION OF MODULE A1
OBJECT MODULE PLACED IN A1.OBJ
COMPILER INVOKED BY: C:\Keil\C51\BIN\C51.EXE A1.C BROWSE DEBUG OBJECTEXTEND

line level    source

   1          #include        <reg51.h> 
   2          #define StepMotor P0                    // Port 0連接步進馬達 
   3          #define LED P1                                  // 定義LED位址 
   4          #define SW      P2                                      // 定義開關位址 
   5          #define Speed   5                               // 定義步進馬達速度(每步0.5S) 
   6          char code PHASE1[4]={1,2,4,8};  // 1相激磁信號陣列
   7          char code PHASE2[4]={3,6,12,9}; // 2相激磁信號陣列
   8          void    DELAY1ms(int);                          // 宣告延時函數
   9          // =========================================================
  10          main()
  11          {       char i;                                                 // 宣告變數 
  12   1              LED=0xff;                                               // 關閉 LED 
  13   1              StepMotor=0;                                    // 關閉步進馬達 
  14   1              SW=0xff;                                                // 開關初始化 
  15   1              while(1)                                                // 無窮盡迴圈 
  16   1              {       switch (~SW&0x03)
  17   2                      {       case 1: 
  18   3                              {       for(i=0;i<4;i++)                // 正轉
  19   4                                      {       StepMotor=PHASE1[i];// 輸出到步進馬達
  20   5                                              LED=~StepMotor;         // 輸出到 LED
  21   5                                              DELAY1ms(Speed*100);// 延遲Speed * 0.5秒
  22   5                                      }
  23   4                                      break;  
  24   4                              }
  25   3                              case 2: 
  26   3                              {       for(i=0;i<4;i++)                        // 反轉
  27   4                                      {       StepMotor=PHASE1[3-i];  // 輸出到步進馬達
  28   5                                              LED=~StepMotor;         // 輸出到 LED
  29   5                                              DELAY1ms(Speed*100);    // 延遲Speed * 0.5秒
  30   5                                      }
  31   4                                      break;  
  32   4                              }
  33   3                      }
  34   2                      LED=0xff;
  35   2              }
  36   1      }
  37          // =========================================================
  38          void    DELAY1ms(int x) 
  39          {       int i,j;                                                // 宣告變數
  40   1              for(i=0;i<x;i++)                                // 外迴圈(x*1ms)
  41   1                      for(j=0;j<120;j++);             // 內迴圈(1ms)
  42   1      }


MODULE INFORMATION:   STATIC OVERLAYABLE
   CODE SIZE        =    144    ----
   CONSTANT SIZE    =      8    ----
   XDATA SIZE       =   ----    ----
   PDATA SIZE       =   ----    ----
   DATA SIZE        =   ----       1
   IDATA SIZE       =   ----    ----
   BIT SIZE         =   ----    ----
END OF MODULE INFORMATION.


C51 COMPILATION COMPLETE.  0 WARNING(S),  0 ERROR(S)
