Classic Timing Analyzer report for Divider_with_switch_7seg_180608
Fri Jun 08 16:02:06 2018
Quartus II Version 9.1 Build 350 03/24/2010 Service Pack 2 SJ Web Edition


---------------------
; Table of Contents ;
---------------------
  1. Legal Notice
  2. Timing Analyzer Summary
  3. Timing Analyzer Settings
  4. Clock Settings Summary
  5. Parallel Compilation
  6. Clock Setup: 'GCKP18'
  7. tco
  8. Timing Analyzer Messages



----------------
; Legal Notice ;
----------------
Copyright (C) 1991-2010 Altera Corporation
Your use of Altera Corporation's design tools, logic functions 
and other software and tools, and its AMPP partner logic 
functions, and any output files from any of the foregoing 
(including device programming or simulation files), and any 
associated documentation or information are expressly subject 
to the terms and conditions of the Altera Program License 
Subscription Agreement, Altera MegaCore Function License 
Agreement, or other applicable license agreement, including, 
without limitation, that your use is for the sole purpose of 
programming logic devices manufactured by Altera and sold by 
Altera or its authorized distributors.  Please refer to the 
applicable agreement for further details.



+--------------------------------------------------------------------------------------------------------------------------------------------------+
; Timing Analyzer Summary                                                                                                                          ;
+------------------------------+-------+---------------+----------------------------------+---------+-------+------------+----------+--------------+
; Type                         ; Slack ; Required Time ; Actual Time                      ; From    ; To    ; From Clock ; To Clock ; Failed Paths ;
+------------------------------+-------+---------------+----------------------------------+---------+-------+------------+----------+--------------+
; Worst-case tco               ; N/A   ; None          ; 17.781 ns                        ; SCAN[1] ; D[6]  ; GCKP18     ; --       ; 0            ;
; Clock Setup: 'GCKP18'        ; N/A   ; None          ; 230.04 MHz ( period = 4.347 ns ) ; FD[0]   ; FD[4] ; GCKP18     ; GCKP18   ; 0            ;
; Total number of failed paths ;       ;               ;                                  ;         ;       ;            ;          ; 0            ;
+------------------------------+-------+---------------+----------------------------------+---------+-------+------------+----------+--------------+


+-----------------------------------------------------------------------------------------------------------------------------------------------------+
; Timing Analyzer Settings                                                                                                                            ;
+------------------------------------------------------------------------------------------------------+--------------------+------+----+-------------+
; Option                                                                                               ; Setting            ; From ; To ; Entity Name ;
+------------------------------------------------------------------------------------------------------+--------------------+------+----+-------------+
; Device Name                                                                                          ; EPM1270T144C5      ;      ;    ;             ;
; Timing Models                                                                                        ; Final              ;      ;    ;             ;
; Default hold multicycle                                                                              ; Same as Multicycle ;      ;    ;             ;
; Cut paths between unrelated clock domains                                                            ; On                 ;      ;    ;             ;
; Cut off read during write signal paths                                                               ; On                 ;      ;    ;             ;
; Cut off feedback from I/O pins                                                                       ; On                 ;      ;    ;             ;
; Report Combined Fast/Slow Timing                                                                     ; Off                ;      ;    ;             ;
; Ignore Clock Settings                                                                                ; Off                ;      ;    ;             ;
; Analyze latches as synchronous elements                                                              ; On                 ;      ;    ;             ;
; Enable Recovery/Removal analysis                                                                     ; Off                ;      ;    ;             ;
; Enable Clock Latency                                                                                 ; Off                ;      ;    ;             ;
; Use TimeQuest Timing Analyzer                                                                        ; Off                ;      ;    ;             ;
; Minimum Core Junction Temperature                                                                    ; 0                  ;      ;    ;             ;
; Maximum Core Junction Temperature                                                                    ; 85                 ;      ;    ;             ;
; Number of source nodes to report per destination node                                                ; 10                 ;      ;    ;             ;
; Number of destination nodes to report                                                                ; 10                 ;      ;    ;             ;
; Number of paths to report                                                                            ; 200                ;      ;    ;             ;
; Report Minimum Timing Checks                                                                         ; Off                ;      ;    ;             ;
; Use Fast Timing Models                                                                               ; Off                ;      ;    ;             ;
; Report IO Paths Separately                                                                           ; Off                ;      ;    ;             ;
; Perform Multicorner Analysis                                                                         ; Off                ;      ;    ;             ;
; Reports the worst-case path for each clock domain and analysis                                       ; Off                ;      ;    ;             ;
; Reports worst-case timing paths for each clock domain and analysis                                   ; On                 ;      ;    ;             ;
; Specifies the maximum number of worst-case timing paths to report for each clock domain and analysis ; 100                ;      ;    ;             ;
; Removes common clock path pessimism (CCPP) during slack computation                                  ; Off                ;      ;    ;             ;
; Output I/O Timing Endpoint                                                                           ; Near End           ;      ;    ;             ;
+------------------------------------------------------------------------------------------------------+--------------------+------+----+-------------+


+------------------------------------------------------------------------------------------------------------------------------------------------------------------------------------+
; Clock Settings Summary                                                                                                                                                             ;
+-----------------+--------------------+----------+------------------+---------------+--------------+----------+-----------------------+---------------------+--------+--------------+
; Clock Node Name ; Clock Setting Name ; Type     ; Fmax Requirement ; Early Latency ; Late Latency ; Based on ; Multiply Base Fmax by ; Divide Base Fmax by ; Offset ; Phase offset ;
+-----------------+--------------------+----------+------------------+---------------+--------------+----------+-----------------------+---------------------+--------+--------------+
; GCKP18          ;                    ; User Pin ; None             ; 0.000 ns      ; 0.000 ns     ; --       ; N/A                   ; N/A                 ; N/A    ;              ;
+-----------------+--------------------+----------+------------------+---------------+--------------+----------+-----------------------+---------------------+--------+--------------+


Parallel compilation was disabled, but you have multiple processors available. Enable parallel compilation to reduce compilation time.
+-------------------------------------+
; Parallel Compilation                ;
+----------------------------+--------+
; Processors                 ; Number ;
+----------------------------+--------+
; Number detected on machine ; 4      ;
; Maximum allowed            ; 1      ;
+----------------------------+--------+


+----------------------------------------------------------------------------------------------------------------------------------------------------------------------------------------+
; Clock Setup: 'GCKP18'                                                                                                                                                                  ;
+-------+------------------------------------------------+---------+---------+------------+----------+-----------------------------+---------------------------+-------------------------+
; Slack ; Actual fmax (period)                           ; From    ; To      ; From Clock ; To Clock ; Required Setup Relationship ; Required Longest P2P Time ; Actual Longest P2P Time ;
+-------+------------------------------------------------+---------+---------+------------+----------+-----------------------------+---------------------------+-------------------------+
; N/A   ; 230.04 MHz ( period = 4.347 ns )               ; FD[0]   ; FD[6]   ; GCKP18     ; GCKP18   ; None                        ; None                      ; 3.638 ns                ;
; N/A   ; 230.04 MHz ( period = 4.347 ns )               ; FD[0]   ; FD[5]   ; GCKP18     ; GCKP18   ; None                        ; None                      ; 3.638 ns                ;
; N/A   ; 230.04 MHz ( period = 4.347 ns )               ; FD[0]   ; FD[4]   ; GCKP18     ; GCKP18   ; None                        ; None                      ; 3.638 ns                ;
; N/A   ; 237.64 MHz ( period = 4.208 ns )               ; FD[2]   ; FD[6]   ; GCKP18     ; GCKP18   ; None                        ; None                      ; 3.499 ns                ;
; N/A   ; 237.64 MHz ( period = 4.208 ns )               ; FD[2]   ; FD[5]   ; GCKP18     ; GCKP18   ; None                        ; None                      ; 3.499 ns                ;
; N/A   ; 237.64 MHz ( period = 4.208 ns )               ; FD[2]   ; FD[4]   ; GCKP18     ; GCKP18   ; None                        ; None                      ; 3.499 ns                ;
; N/A   ; 244.02 MHz ( period = 4.098 ns )               ; FD[1]   ; FD[6]   ; GCKP18     ; GCKP18   ; None                        ; None                      ; 3.389 ns                ;
; N/A   ; 244.02 MHz ( period = 4.098 ns )               ; FD[1]   ; FD[5]   ; GCKP18     ; GCKP18   ; None                        ; None                      ; 3.389 ns                ;
; N/A   ; 244.02 MHz ( period = 4.098 ns )               ; FD[1]   ; FD[4]   ; GCKP18     ; GCKP18   ; None                        ; None                      ; 3.389 ns                ;
; N/A   ; 247.16 MHz ( period = 4.046 ns )               ; FD[3]   ; FD[6]   ; GCKP18     ; GCKP18   ; None                        ; None                      ; 3.337 ns                ;
; N/A   ; 247.16 MHz ( period = 4.046 ns )               ; FD[3]   ; FD[5]   ; GCKP18     ; GCKP18   ; None                        ; None                      ; 3.337 ns                ;
; N/A   ; 247.16 MHz ( period = 4.046 ns )               ; FD[3]   ; FD[4]   ; GCKP18     ; GCKP18   ; None                        ; None                      ; 3.337 ns                ;
; N/A   ; 257.73 MHz ( period = 3.880 ns )               ; FD[0]   ; FD[3]   ; GCKP18     ; GCKP18   ; None                        ; None                      ; 3.171 ns                ;
; N/A   ; 258.87 MHz ( period = 3.863 ns )               ; FD[4]   ; FD[6]   ; GCKP18     ; GCKP18   ; None                        ; None                      ; 3.154 ns                ;
; N/A   ; 266.17 MHz ( period = 3.757 ns )               ; FD[0]   ; FD[2]   ; GCKP18     ; GCKP18   ; None                        ; None                      ; 3.048 ns                ;
; N/A   ; 267.31 MHz ( period = 3.741 ns )               ; FD[5]   ; FD[6]   ; GCKP18     ; GCKP18   ; None                        ; None                      ; 3.032 ns                ;
; N/A   ; 267.31 MHz ( period = 3.741 ns )               ; FD[2]   ; FD[3]   ; GCKP18     ; GCKP18   ; None                        ; None                      ; 3.032 ns                ;
; N/A   ; 267.38 MHz ( period = 3.740 ns )               ; FD[4]   ; FD[5]   ; GCKP18     ; GCKP18   ; None                        ; None                      ; 3.031 ns                ;
; N/A   ; 275.41 MHz ( period = 3.631 ns )               ; FD[1]   ; FD[3]   ; GCKP18     ; GCKP18   ; None                        ; None                      ; 2.922 ns                ;
; N/A   ; 285.06 MHz ( period = 3.508 ns )               ; FD[1]   ; FD[2]   ; GCKP18     ; GCKP18   ; None                        ; None                      ; 2.799 ns                ;
; N/A   ; Restricted to 304.04 MHz ( period = 3.289 ns ) ; SCAN[2] ; SCAN[2] ; GCKP18     ; GCKP18   ; None                        ; None                      ; 2.180 ns                ;
; N/A   ; Restricted to 304.04 MHz ( period = 3.289 ns ) ; SCAN[0] ; SCAN[2] ; GCKP18     ; GCKP18   ; None                        ; None                      ; 2.111 ns                ;
; N/A   ; Restricted to 304.04 MHz ( period = 3.289 ns ) ; FD[0]   ; FD[1]   ; GCKP18     ; GCKP18   ; None                        ; None                      ; 2.092 ns                ;
; N/A   ; Restricted to 304.04 MHz ( period = 3.289 ns ) ; FD[5]   ; FD[5]   ; GCKP18     ; GCKP18   ; None                        ; None                      ; 2.076 ns                ;
; N/A   ; Restricted to 304.04 MHz ( period = 3.289 ns ) ; FD[3]   ; FD[3]   ; GCKP18     ; GCKP18   ; None                        ; None                      ; 2.076 ns                ;
; N/A   ; Restricted to 304.04 MHz ( period = 3.289 ns ) ; FD[2]   ; FD[2]   ; GCKP18     ; GCKP18   ; None                        ; None                      ; 2.076 ns                ;
; N/A   ; Restricted to 304.04 MHz ( period = 3.289 ns ) ; FD[4]   ; FD[4]   ; GCKP18     ; GCKP18   ; None                        ; None                      ; 2.075 ns                ;
; N/A   ; Restricted to 304.04 MHz ( period = 3.289 ns ) ; FD[6]   ; FD[6]   ; GCKP18     ; GCKP18   ; None                        ; None                      ; 1.953 ns                ;
; N/A   ; Restricted to 304.04 MHz ( period = 3.289 ns ) ; FD[1]   ; FD[1]   ; GCKP18     ; GCKP18   ; None                        ; None                      ; 1.952 ns                ;
; N/A   ; Restricted to 304.04 MHz ( period = 3.289 ns ) ; SCAN[0] ; SCAN[1] ; GCKP18     ; GCKP18   ; None                        ; None                      ; 1.902 ns                ;
; N/A   ; Restricted to 304.04 MHz ( period = 3.289 ns ) ; SCAN[0] ; SCAN[0] ; GCKP18     ; GCKP18   ; None                        ; None                      ; 1.888 ns                ;
; N/A   ; Restricted to 304.04 MHz ( period = 3.289 ns ) ; SCAN[1] ; SCAN[2] ; GCKP18     ; GCKP18   ; None                        ; None                      ; 1.616 ns                ;
; N/A   ; Restricted to 304.04 MHz ( period = 3.289 ns ) ; SCAN[1] ; SCAN[1] ; GCKP18     ; GCKP18   ; None                        ; None                      ; 1.613 ns                ;
; N/A   ; Restricted to 304.04 MHz ( period = 3.289 ns ) ; FD[0]   ; FD[0]   ; GCKP18     ; GCKP18   ; None                        ; None                      ; 1.513 ns                ;
+-------+------------------------------------------------+---------+---------+------------+----------+-----------------------------+---------------------------+-------------------------+


+-------------------------------------------------------------------+
; tco                                                               ;
+-------+--------------+------------+---------+--------+------------+
; Slack ; Required tco ; Actual tco ; From    ; To     ; From Clock ;
+-------+--------------+------------+---------+--------+------------+
; N/A   ; None         ; 17.781 ns  ; SCAN[1] ; D[6]   ; GCKP18     ;
; N/A   ; None         ; 17.731 ns  ; SCAN[2] ; D[3]   ; GCKP18     ;
; N/A   ; None         ; 17.641 ns  ; SCAN[2] ; D[6]   ; GCKP18     ;
; N/A   ; None         ; 17.630 ns  ; SCAN[1] ; SEG[7] ; GCKP18     ;
; N/A   ; None         ; 17.628 ns  ; SCAN[1] ; SEG[4] ; GCKP18     ;
; N/A   ; None         ; 17.628 ns  ; SCAN[1] ; SEG[3] ; GCKP18     ;
; N/A   ; None         ; 17.611 ns  ; SCAN[1] ; D[2]   ; GCKP18     ;
; N/A   ; None         ; 17.605 ns  ; SCAN[2] ; SEG[2] ; GCKP18     ;
; N/A   ; None         ; 17.588 ns  ; SCAN[1] ; D[5]   ; GCKP18     ;
; N/A   ; None         ; 17.510 ns  ; SCAN[1] ; D[7]   ; GCKP18     ;
; N/A   ; None         ; 17.485 ns  ; SCAN[1] ; SEG[6] ; GCKP18     ;
; N/A   ; None         ; 17.466 ns  ; SCAN[0] ; D[2]   ; GCKP18     ;
; N/A   ; None         ; 17.461 ns  ; SCAN[0] ; SEG[7] ; GCKP18     ;
; N/A   ; None         ; 17.459 ns  ; SCAN[0] ; SEG[4] ; GCKP18     ;
; N/A   ; None         ; 17.459 ns  ; SCAN[0] ; SEG[3] ; GCKP18     ;
; N/A   ; None         ; 17.457 ns  ; SCAN[1] ; SEG[5] ; GCKP18     ;
; N/A   ; None         ; 17.423 ns  ; SCAN[0] ; D[3]   ; GCKP18     ;
; N/A   ; None         ; 17.419 ns  ; SCAN[0] ; D[5]   ; GCKP18     ;
; N/A   ; None         ; 17.349 ns  ; SCAN[1] ; D[4]   ; GCKP18     ;
; N/A   ; None         ; 17.346 ns  ; SCAN[0] ; D[7]   ; GCKP18     ;
; N/A   ; None         ; 17.340 ns  ; SCAN[0] ; SEG[6] ; GCKP18     ;
; N/A   ; None         ; 17.293 ns  ; SCAN[0] ; SEG[5] ; GCKP18     ;
; N/A   ; None         ; 17.275 ns  ; SCAN[0] ; D[6]   ; GCKP18     ;
; N/A   ; None         ; 17.237 ns  ; SCAN[0] ; SEG[2] ; GCKP18     ;
; N/A   ; None         ; 17.207 ns  ; SCAN[2] ; D[4]   ; GCKP18     ;
; N/A   ; None         ; 17.083 ns  ; SCAN[2] ; SEG[7] ; GCKP18     ;
; N/A   ; None         ; 17.081 ns  ; SCAN[2] ; SEG[4] ; GCKP18     ;
; N/A   ; None         ; 17.081 ns  ; SCAN[2] ; SEG[3] ; GCKP18     ;
; N/A   ; None         ; 17.070 ns  ; SCAN[2] ; D[2]   ; GCKP18     ;
; N/A   ; None         ; 17.044 ns  ; SCAN[1] ; D[3]   ; GCKP18     ;
; N/A   ; None         ; 17.041 ns  ; SCAN[2] ; D[5]   ; GCKP18     ;
; N/A   ; None         ; 17.034 ns  ; SCAN[1] ; D[1]   ; GCKP18     ;
; N/A   ; None         ; 16.964 ns  ; SCAN[2] ; D[7]   ; GCKP18     ;
; N/A   ; None         ; 16.944 ns  ; SCAN[2] ; SEG[6] ; GCKP18     ;
; N/A   ; None         ; 16.911 ns  ; SCAN[2] ; SEG[5] ; GCKP18     ;
; N/A   ; None         ; 16.909 ns  ; SCAN[1] ; SEG[1] ; GCKP18     ;
; N/A   ; None         ; 16.861 ns  ; SCAN[0] ; D[1]   ; GCKP18     ;
; N/A   ; None         ; 16.827 ns  ; SCAN[0] ; D[4]   ; GCKP18     ;
; N/A   ; None         ; 16.735 ns  ; SCAN[0] ; SEG[1] ; GCKP18     ;
; N/A   ; None         ; 16.487 ns  ; SCAN[2] ; D[1]   ; GCKP18     ;
; N/A   ; None         ; 16.361 ns  ; SCAN[2] ; SEG[1] ; GCKP18     ;
; N/A   ; None         ; 16.270 ns  ; SCAN[1] ; D[0]   ; GCKP18     ;
; N/A   ; None         ; 16.234 ns  ; SCAN[0] ; D[0]   ; GCKP18     ;
; N/A   ; None         ; 15.934 ns  ; SCAN[2] ; D[0]   ; GCKP18     ;
+-------+--------------+------------+---------+--------+------------+


+--------------------------+
; Timing Analyzer Messages ;
+--------------------------+
Info: *******************************************************************
Info: Running Quartus II Classic Timing Analyzer
    Info: Version 9.1 Build 350 03/24/2010 Service Pack 2 SJ Web Edition
    Info: Processing started: Fri Jun 08 16:02:06 2018
Info: Command: quartus_tan --read_settings_files=off --write_settings_files=off Divider_with_switch_7seg_180608 -c Divider_with_switch_7seg_180608
Info: Started post-fitting delay annotation
Info: Delay annotation completed successfully
Warning: Found pins functioning as undefined clocks and/or memory enables
    Info: Assuming node "GCKP18" is an undefined clock
Warning: Found 1 node(s) in clock paths which may be acting as ripple and/or gated clocks -- node(s) analyzed as buffer(s) resulting in clock skew
    Info: Detected ripple clock "FD[6]" as buffer
Info: Clock "GCKP18" has Internal fmax of 230.04 MHz between source register "FD[0]" and destination register "FD[6]" (period= 4.347 ns)
    Info: + Longest register to register delay is 3.638 ns
        Info: 1: + IC(0.000 ns) + CELL(0.000 ns) = 0.000 ns; Loc. = LC_X3_Y7_N8; Fanout = 4; REG Node = 'FD[0]'
        Info: 2: + IC(0.909 ns) + CELL(0.978 ns) = 1.887 ns; Loc. = LC_X3_Y7_N2; Fanout = 2; COMB Node = 'FD[1]~11'
        Info: 3: + IC(0.000 ns) + CELL(0.123 ns) = 2.010 ns; Loc. = LC_X3_Y7_N3; Fanout = 2; COMB Node = 'FD[2]~9'
        Info: 4: + IC(0.000 ns) + CELL(0.261 ns) = 2.271 ns; Loc. = LC_X3_Y7_N4; Fanout = 3; COMB Node = 'FD[3]~7'
        Info: 5: + IC(0.000 ns) + CELL(1.367 ns) = 3.638 ns; Loc. = LC_X3_Y7_N7; Fanout = 4; REG Node = 'FD[6]'
        Info: Total cell delay = 2.729 ns ( 75.01 % )
        Info: Total interconnect delay = 0.909 ns ( 24.99 % )
    Info: - Smallest clock skew is 0.000 ns
        Info: + Shortest clock path from clock "GCKP18" to destination register is 3.819 ns
            Info: 1: + IC(0.000 ns) + CELL(1.163 ns) = 1.163 ns; Loc. = PIN_18; Fanout = 7; CLK Node = 'GCKP18'
            Info: 2: + IC(1.738 ns) + CELL(0.918 ns) = 3.819 ns; Loc. = LC_X3_Y7_N7; Fanout = 4; REG Node = 'FD[6]'
            Info: Total cell delay = 2.081 ns ( 54.49 % )
            Info: Total interconnect delay = 1.738 ns ( 45.51 % )
        Info: - Longest clock path from clock "GCKP18" to source register is 3.819 ns
            Info: 1: + IC(0.000 ns) + CELL(1.163 ns) = 1.163 ns; Loc. = PIN_18; Fanout = 7; CLK Node = 'GCKP18'
            Info: 2: + IC(1.738 ns) + CELL(0.918 ns) = 3.819 ns; Loc. = LC_X3_Y7_N8; Fanout = 4; REG Node = 'FD[0]'
            Info: Total cell delay = 2.081 ns ( 54.49 % )
            Info: Total interconnect delay = 1.738 ns ( 45.51 % )
    Info: + Micro clock to output delay of source is 0.376 ns
    Info: + Micro setup delay of destination is 0.333 ns
Info: tco from clock "GCKP18" to destination pin "D[6]" through register "SCAN[1]" is 17.781 ns
    Info: + Longest clock path from clock "GCKP18" to source register is 10.748 ns
        Info: 1: + IC(0.000 ns) + CELL(1.163 ns) = 1.163 ns; Loc. = PIN_18; Fanout = 7; CLK Node = 'GCKP18'
        Info: 2: + IC(1.738 ns) + CELL(1.294 ns) = 4.195 ns; Loc. = LC_X3_Y7_N7; Fanout = 4; REG Node = 'FD[6]'
        Info: 3: + IC(5.635 ns) + CELL(0.918 ns) = 10.748 ns; Loc. = LC_X6_Y10_N2; Fanout = 11; REG Node = 'SCAN[1]'
        Info: Total cell delay = 3.375 ns ( 31.40 % )
        Info: Total interconnect delay = 7.373 ns ( 68.60 % )
    Info: + Micro clock to output delay of source is 0.376 ns
    Info: + Longest register to pin delay is 6.657 ns
        Info: 1: + IC(0.000 ns) + CELL(0.000 ns) = 0.000 ns; Loc. = LC_X6_Y10_N2; Fanout = 11; REG Node = 'SCAN[1]'
        Info: 2: + IC(1.330 ns) + CELL(0.740 ns) = 2.070 ns; Loc. = LC_X5_Y10_N2; Fanout = 1; COMB Node = 'Equal6~4'
        Info: 3: + IC(2.265 ns) + CELL(2.322 ns) = 6.657 ns; Loc. = PIN_143; Fanout = 0; PIN Node = 'D[6]'
        Info: Total cell delay = 3.062 ns ( 46.00 % )
        Info: Total interconnect delay = 3.595 ns ( 54.00 % )
Info: Quartus II Classic Timing Analyzer was successful. 0 errors, 2 warnings
    Info: Peak virtual memory: 155 megabytes
    Info: Processing ended: Fri Jun 08 16:02:07 2018
    Info: Elapsed time: 00:00:01
    Info: Total CPU time (on all processors): 00:00:00


