C51 COMPILER V9.01   TIMER_INTERRUPTER_AND_KEYPAD                                          11/08/2018 15:28:08 PAGE 1   


C51 COMPILER V9.01, COMPILATION OF MODULE TIMER_INTERRUPTER_AND_KEYPAD
OBJECT MODULE PLACED IN timer_interrupter_and_keyPad.OBJ
COMPILER INVOKED BY: C:\Keil\C51\BIN\C51.EXE timer_interrupter_and_keyPad.c BROWSE DEBUG OBJECTEXTEND

line level    source

   1          #include        <reg51.h>               // 包含reg51.h標頭檔  
   2          #define SEGP  P0                        // 定義顯示信號埠 
   3          #define SCANP P1                        // 定義掃瞄埠 
   4          #define KEYP  P2                        // 定義鍵盤埠 
   5          #define count0 250                      // 預設計數量(0.25ms)
   6          char    int0_CNT=0;             // 宣告預設中斷重複次數
   7          char    SEGX=0;                         // 宣告掃瞄指標
   8          void    keyscan(void);          // 宣告鍵盤掃瞄函數 
   9          void    DELAY100us(int);        // 宣告延時函數 
  10          void    BEEP(char);                     // 宣告嗶聲函數 
  11          sbit    Buzzer=P3^7;            // 宣告蜂鳴器位址
  12          // 七節顯示器編碼表
  13          char code TAB[11]={     0xc0,0xf9,0xa4,0xb0,0x99,
  14                                                  0x92,0x82,0xf8,0x80,0x98, 0xff};        
  15          // 低態驅動掃瞄碼 
  16          char code SCAN_CODE[8]={0x7f,0xbf,0xdf,0xef,
  17                                                          0xf7,0xfb,0xfd,0xfe };  
  18          // 顯示資料
  19          char DISP[8]={0,10,10,10, 10,10,10,10};// 初值為0 
  20          //==== 主程式 =========================================
  21          main()           
  22          {       IE=0x82;                                // 啟用Timer 0中斷  
  23   1              TMOD=0x02;                              // 設定Timer 0為Mode 2 
  24   1              TH0=TL0=256-count0;             // 設置計數量 
  25   1              TR0=1;                                  // 啟動Timer 0(開始計時) 
  26   1              while(1) keyscan();             // 呼叫鍵盤掃瞄函數 
  27   1      }
  28          //=== 八位七節顯示器掃瞄中斷副程式(T0) ===
  29          void segscan(void) interrupt 1 using 1  
  30          {       if (++int0_CNT==4)                      // 中斷次數超過4次(即1ms)
  31   1              {       int0_CNT=0;                     // 中斷次數歸零 
  32   2                      if (++SEGX==8) SEGX=0;  // 調整掃瞄指標
  33   2                      SEGP=0xff;                              // 關閉顯示信號(防殘影)
  34   2                      SCANP=SCAN_CODE[7-SEGX];// 輸出掃瞄信號
  35   2                      SEGP=TAB[DISP[SEGX]];   // 輸出顯示信號
  36   2              }       
  37   1      }       
  38          //=== 4 4鍵盤掃瞄函數 ===
  39          void keyscan(void)      
  40          {       char X,Y, Ycode,Kcode,i;
  41   1              for(X=0;X<4;X++)                        // 掃瞄4行
  42   1              {       KEYP=SCAN_CODE[X];              // 輸出掃瞄信號
  43   2                      Y=~KEYP & 0x0f;                 // 讀取鍵盤 
  44   2                      if      (Y!=0)                  // 若有按鍵被按下 
  45   2                      {       if(Y==1) Ycode=0;       // 第0列有按鍵按下 
  46   3                              else if (Y==2) Ycode=1; // 第1列有按鍵按下 
  47   3                              else if (Y==4) Ycode=2; // 第2列有按鍵按下  
  48   3                              else if (Y==8) Ycode=3; // 第3列有按鍵按下 
  49   3                              Kcode=4*X + Ycode;              // 計算按鍵值
  50   3                              if (Kcode<10 && Kcode>=0)       // 偵測數值鍵
  51   3                              {       for(i=0;i<7;i++)        
  52   4                                              DISP[7-i]=DISP[6-i];// 顯示資料移位
  53   4                                      DISP[0]=Kcode;                  // 將鍵值存入個位數
  54   4                              }
  55   3                              BEEP(1);                                        // 嗶一聲 
C51 COMPILER V9.01   TIMER_INTERRUPTER_AND_KEYPAD                                          11/08/2018 15:28:08 PAGE 2   

  56   3                              while(Y!=0) Y=~KEYP & 0x0f;     // 等待放開按鍵
  57   3                              DELAY100us(10);                         // 延遲1ms
  58   3                      }
  59   2              }
  60   1      }
  61          //==== 延時函數(0.5ms) ==============================
  62          void DELAY100us(int x) 
  63          {       int     i,j;
  64   1              for(i=0;i<x;i++)                        // 外迴圈(0.5ms*x)
  65   1                      for(j=0;j<12;j++);              // 內迴圈(0.5ms)
  66   1      }
  67          //==== 嗶聲函數 ==============================
  68          void BEEP(char x) 
  69          {       int     i,j;
  70   1              for(i=0;i<x;i++)                        // 嗶x聲 
  71   1              {       for(j=0;j<50;j++)               // 重複吸放100次
  72   2                      {       Buzzer=0;DELAY100us(1);// 蜂鳴器吸 
  73   3                              Buzzer=1;DELAY100us(1);// 蜂鳴器放
  74   3                      } 
  75   2                      DELAY100us(200);                // 靜音0.02秒
  76   2              } 
  77   1      }


MODULE INFORMATION:   STATIC OVERLAYABLE
   CODE SIZE        =    385    ----
   CONSTANT SIZE    =     19    ----
   XDATA SIZE       =   ----    ----
   PDATA SIZE       =   ----    ----
   DATA SIZE        =     10       5
   IDATA SIZE       =   ----    ----
   BIT SIZE         =   ----    ----
END OF MODULE INFORMATION.


C51 COMPILATION COMPLETE.  0 WARNING(S),  0 ERROR(S)
