C51 COMPILER V9.01   A1                                                                    02/08/2012 15:27:56 PAGE 1   


C51 COMPILER V9.01, COMPILATION OF MODULE A1
OBJECT MODULE PLACED IN A1.OBJ
COMPILER INVOKED BY: C:\Keil\C51\BIN\C51.EXE A1.C BROWSE DEBUG OBJECTEXTEND

line level    source

   1          #include        <reg51.h>               // 包含reg51.h標頭檔 
   2          #define SW       P0                     // 定義SW接至Port 0
   3          #define LED      P1                     // 定義LED接至Port 1
   4          //==主程式======================================
   5          main()                          
   6          {       SW=0xff;                                // 設定SW輸入埠
   7   1              PCON |= 0x80;                   // 設定SMOD=1
   8   1              SCON=0x90;                              // 設定串列埠採Mode 2
   9   1              while(1)
  10   1              {       SBUF=SW;                        // 將SW的值透過串列埠輸出
  11   2                      while(!RI);                     // 等待接收完成
  12   2                      LED=SBUF;                       // 將接收到的資料，反映到LED
  13   2                      TI=RI=0;                        // 清除RI,TI旗標(重傳)
  14   2              } 
  15   1      } 


MODULE INFORMATION:   STATIC OVERLAYABLE
   CODE SIZE        =     24    ----
   CONSTANT SIZE    =   ----    ----
   XDATA SIZE       =   ----    ----
   PDATA SIZE       =   ----    ----
   DATA SIZE        =   ----    ----
   IDATA SIZE       =   ----    ----
   BIT SIZE         =   ----    ----
END OF MODULE INFORMATION.


C51 COMPILATION COMPLETE.  0 WARNING(S),  0 ERROR(S)
