C51 COMPILER V9.01   CH5_4_1                                                               02/08/2012 11:16:40 PAGE 1   


C51 COMPILER V9.01, COMPILATION OF MODULE CH5_4_1
OBJECT MODULE PLACED IN Ch5-4-1.OBJ
COMPILER INVOKED BY: C:\Keil\C51\BIN\C51.EXE Ch5-4-1.C BROWSE DEBUG OBJECTEXTEND

line level    source

   1          #include        <reg51.h>       // 包含reg51.h標頭檔 
   2          #define LED      P1                     // 定義LED接至Port 1
   3          sbit    load=P3^2;              // 定義load接腳的位址
   4          //==主程式======================================
   5          main()                          
   6          {       SCON=0x11;                      // 設定為mode 0、REN=1、RI=1
   7   1              while(1)
   8   1              {       load=0;load=1;  // 產生負脈波
   9   2                      RI=0;                   // 清除RI旗標
  10   2                      while(!RI);             // 等待串列輸入中斷(RI旗標=1)
  11   2                      LED=SBUF;                       // 將串列輸入反映到LED
  12   2              }
  13   1      }


MODULE INFORMATION:   STATIC OVERLAYABLE
   CODE SIZE        =     17    ----
   CONSTANT SIZE    =   ----    ----
   XDATA SIZE       =   ----    ----
   PDATA SIZE       =   ----    ----
   DATA SIZE        =   ----    ----
   IDATA SIZE       =   ----    ----
   BIT SIZE         =   ----    ----
END OF MODULE INFORMATION.


C51 COMPILATION COMPLETE.  0 WARNING(S),  0 ERROR(S)
