C51 COMPILER V9.01   4DIGIT_7SEG                                                           10/11/2018 10:43:24 PAGE 1   


C51 COMPILER V9.01, COMPILATION OF MODULE 4DIGIT_7SEG
OBJECT MODULE PLACED IN 4digit_7seg.OBJ
COMPILER INVOKED BY: C:\Keil\C51\BIN\C51.EXE 4digit_7seg.c BROWSE DEBUG OBJECTEXTEND

line level    source

   1          #include<reg51.h>
   2          #define seg7 P0
   3          #define scan7seg P1
   4          sbit seg7dp = P0^7;
   5          sbit pb4 = P2^1;//7seg number add one when pressed
   6          sbit pb3 = P2^0;//7seg number sub one when pressed
   7          char seg7hexCode[16] = {0xc0,0xf9,0xa4,0xb0,0x99,0x92,0x82,0xf8,0x80,0x98};
   8          int seg7number = 0;
   9          char scan7segCode[4] = {0xf7,0xfb,0xfd,0xfe};//使用char比int節省空間
  10          char show4numbers[4] = {0,0,0,0};//千位數至個位數
  11          //===========================================
  12          /*
  13          接線說明:
  14          a -> P0.0 (P0^0) a為LSB(最低位元)
  15          b -> P0.1
  16          依序a,b,c,d,e,f,g......
  17          最後為dp -> P0.7 dp為MSB(最高位元)
  18          D0 -> P1^0為LSB
  19          依序接線
  20          D3 -> P1^3為MSB
  21          */
  22          //===========================================
  23          void delay(int ms);
  24          int check7segNumber();
  25          void main(){
  26   1              int i;
  27   1              while(1){
  28   2                      seg7 = seg7hexCode[seg7number];//show number on 7Seg
  29   2                      for(i = 0;i<4;i++){
  30   3                              scan7seg = scan7segCode[i];
  31   3                              seg7 = seg7hexCode[show4numbers[i]];
  32   3                              delay(2);
  33   3                      }
  34   2                      if(pb4 == 0){
  35   3                              delay(10);
  36   3                              if(pb4 == 0){//判斷是否為雜訊
  37   4                                      if(check7segNumber() == 9) seg7number = 0;
  38   4                                      else seg7number +=1;
  39   4                                      while(pb4 == 0);//wait until button released
  40   4                              }
  41   3                              delay(10);
  42   3                      }
  43   2                      if(pb3 == 0){
  44   3                              delay(10);
  45   3                              if(pb3 == 0){//判斷是否為雜訊
  46   4                                      if(check7segNumber() == 0) seg7number = 9;
  47   4                                      else seg7number -=1;
  48   4                                      while(pb3 == 0);//wait until button released
  49   4                              }
  50   3                              delay(10);
  51   3                      }
  52   2                      
  53   2              }
  54   1      }
  55          
C51 COMPILER V9.01   4DIGIT_7SEG                                                           10/11/2018 10:43:24 PAGE 2   

  56          void delay(int ms){
  57   1              int i,j;
  58   1              for(i = 0;i < ms;i++)
  59   1                      for(j=0;j<120;j++);//do null
  60   1      }
  61          
  62          int check7segNumber(){
  63   1              if(seg7number >= 9) return 9;
  64   1              else if(seg7number <= 0) return 0;
  65   1              else return -1;
  66   1      }
  67          


MODULE INFORMATION:   STATIC OVERLAYABLE
   CODE SIZE        =    219    ----
   CONSTANT SIZE    =   ----    ----
   XDATA SIZE       =   ----    ----
   PDATA SIZE       =   ----    ----
   DATA SIZE        =     26       2
   IDATA SIZE       =   ----    ----
   BIT SIZE         =   ----    ----
END OF MODULE INFORMATION.


C51 COMPILATION COMPLETE.  0 WARNING(S),  0 ERROR(S)
