C51 COMPILER V9.01   TIMER_DELAY_FUCTION                                                   11/15/2018 10:45:30 PAGE 1   


C51 COMPILER V9.01, COMPILATION OF MODULE TIMER_DELAY_FUCTION
OBJECT MODULE PLACED IN timer_delay_fuction.OBJ
COMPILER INVOKED BY: C:\Keil\C51\BIN\C51.EXE timer_delay_fuction.c BROWSE DEBUG OBJECTEXTEND

line level    source

   1          #include <reg51.h>
   2          #define LED P1
   3          #define count   50000
   4          #define TH_M1   (65536-count)/256
   5          #define TL_M1   (65536-count)%256
   6          
   7          void main(){
   8   1              int i;
   9   1              TMOD = 1;
  10   1              LED = 0xf0;
  11   1              while(1){
  12   2                      for(i=0;i<5;i++){
  13   3                              TH0 = TH_M1;
  14   3                              TL0 = TL_M1;
  15   3                              TR0 = 1;
  16   3                              while(!TF0);
  17   3                              TF0=0;
  18   3                      }
  19   2                      LED =~ LED;
  20   2              }
  21   1      }
  22          
  23          void delay(int ms){
  24   1              
  25   1      }
*** WARNING C280 IN LINE 23 OF TIMER_DELAY_FUCTION.C: 'ms': unreferenced local variable


MODULE INFORMATION:   STATIC OVERLAYABLE
   CODE SIZE        =     43    ----
   CONSTANT SIZE    =   ----    ----
   XDATA SIZE       =   ----    ----
   PDATA SIZE       =   ----    ----
   DATA SIZE        =   ----       2
   IDATA SIZE       =   ----    ----
   BIT SIZE         =   ----    ----
END OF MODULE INFORMATION.


C51 COMPILATION COMPLETE.  1 WARNING(S),  0 ERROR(S)
