C51 COMPILER V9.01   INTERRUPT_AND_TIMER                                                   11/08/2018 13:59:37 PAGE 1   


C51 COMPILER V9.01, COMPILATION OF MODULE INTERRUPT_AND_TIMER
OBJECT MODULE PLACED IN interrupt_and_timer.OBJ
COMPILER INVOKED BY: C:\Keil\C51\BIN\C51.EXE interrupt_and_timer.C BROWSE DEBUG OBJECTEXTEND

line level    source

   1          #include        <reg51.h>       // 包含reg51.h標頭檔
   2          #define LED      P1
   3          #define seg7Scan         P1                     // 定義七段顯示器掃描訊號接至Port 1
   4          #define seg7    P0      //七段顯示器的a b c ...接到P0
   5          void delay(int);        
   6          void left(char);                // 宣告單燈左移函數
   7          void right(char);               // 宣告單燈右移函數
   8          void BEEP(char);                // 宣告嗶聲函數
   9          char seg7hexCode[20] = {0xc0,0xf9,0xa4,0xb0,0x99,
  10                                                          0x92,0x82,0xf8,0x80,0x98};
  11                                                          // 7-seg對應顯示輸出0~9
  12          char seg7scanCode[8] = {0x7f,0xbf,0xdf,0xef,0xf7,0xfb,0xfd,0xfe};
  13          sbit Buzzer=P3^7;               // 宣告蜂鳴器位址 
  14          int i=0;
  15          int countNumber=0;
  16          //==主程式================================
  17          main()                           
  18          {       IE=0x85;                //      啟用INT 0,INT 1中斷(0x85=10000101)
  19   1              IP=0x01;                //      設定高優先等級
  20   1              LED=0;                  //      初值(LED全亮)   
  21   1              while(1){                               //      無窮迴圈,程式一直跑     
  22   2                      seg7Scan = seg7scanCode[7];//固定最後一個seg7顯示
  23   2                      seg7 = seg7hexCode[countNumber];
  24   2                      delay(1000);
  25   2                      if(countNumber < 9)countNumber += 1;
  26   2                      else countNumber = 0;
  27   2                      //BEEP(1);                      // 嗶1聲 
  28   2              }                       
  29   1      }
  30          void int0_blink0() interrupt 0 using 1{
  31   1              int owo;
  32   1              for(owo=0;owo<3;owo++){
  33   2                      seg7Scan = seg7scanCode[7];
  34   2                      seg7 = seg7hexCode[0];
  35   2                      delay(300);
  36   2                      seg7 = 0xff;//turn off
  37   2                      delay(300);
  38   2              }
  39   1              seg7 = seg7hexCode[countNumber];
  40   1      }       
  41          /*
  42          // === INT 0的中斷副程式 - 單燈左移1圈 ===
  43          void int0_left(void) interrupt 0 using 1        
  44          {       unsigned saveLED=LED;   // 儲存中斷前LED狀態
  45                  left(3);                                        // 單燈左移3圈
  46                  LED=saveLED;                            // 恢復中斷前LED狀態
  47          }
  48          // === INT 1中斷副程式 - 單燈右移1圈 ===
  49          void int1_right(void) interrupt 2 using 2 
  50          {       unsigned saveLED=LED;           // 儲存中斷前LED狀態
  51                  right(3);                                       // 單燈右移3圈
  52                  LED=saveLED;                            // 恢復中斷前LED狀態
  53          }       
  54          */
  55          
C51 COMPILER V9.01   INTERRUPT_AND_TIMER                                                   11/08/2018 13:59:37 PAGE 2   

  56          void delay(int ms) 
  57          {       int i,j;                
  58   1              for (i=0;i<ms;i++)      
  59   1                      for (j=0;j<120;j++);    
  60   1      }                                       
  61          // === 單燈左移函數 ==
  62          void left(char x)
  63          {       char i, j;                              // 宣告變數i,j
  64   1              for(i=0;i<x;i++)                // i迴圈,執行x圈 
  65   1              {       LED=0xfe;                       // 初始狀態=1111 1110,最右燈亮
  66   2                      for(j=0;j<7;j++)        //      j迴圈,左移7次
  67   2                      {       delay(500);             //      延遲500 0.5m=0.25s
  68   3                              LED=(LED<<1)|0x01;      //      左移1位後,LSB設為1
  69   3                      }                       
  70   2                      delay(500);     //      延遲0.25s
  71   2              }       
  72   1      }               
  73          // === 單燈右移函數 ===
  74          void right(char x)      
  75          {       char i, j;                              // 宣告變數i,j
  76   1              for(i=0;i<x;i++)                // i迴圈,執行x圈 
  77   1              {       LED=0x7f;                       // 初始狀態=0111 1111,最左燈亮
  78   2                      for(j=0;j<7;j++)        //      j迴圈,右移7次
  79   2                      {       delay(500);     //      延遲500 0.5m=0.25s
  80   3                              LED=(LED>>1)|0x80;      //      右移1位後,MSB設為1
  81   3                      }                       
  82   2                      delay(500);     //      延遲0.25s
  83   2              }       
  84   1      }               
  85          // === 嗶聲函數 ===
  86          void BEEP(char x) 
  87          {       int     i,j;
  88   1              for(i=0;i<x;i++)                                // 嗶x聲
  89   1              {       for(j=0;j<100;j++)              // 重複吸放100次
  90   2                      {       Buzzer=0;delay(1);// 蜂鳴器吸
  91   3                              Buzzer=1;delay(1);// 蜂鳴器放
  92   3                      } 
  93   2                      delay(200);                     // 靜音0.1秒
  94   2              } 
  95   1      }


MODULE INFORMATION:   STATIC OVERLAYABLE
   CODE SIZE        =    343    ----
   CONSTANT SIZE    =   ----    ----
   XDATA SIZE       =   ----    ----
   PDATA SIZE       =   ----    ----
   DATA SIZE        =     32       8
   IDATA SIZE       =   ----    ----
   BIT SIZE         =   ----    ----
END OF MODULE INFORMATION.


C51 COMPILATION COMPLETE.  0 WARNING(S),  0 ERROR(S)
