C51 COMPILER V9.01   A2                                                                    02/02/2012 15:05:26 PAGE 1   


C51 COMPILER V9.01, COMPILATION OF MODULE A2
OBJECT MODULE PLACED IN A2.OBJ
COMPILER INVOKED BY: C:\Keil\C51\BIN\C51.EXE A2.C BROWSE DEBUG OBJECTEXTEND

line level    source

   1          #include        <reg51.h>                       // 包含reg51.h標頭檔  
   2          #define LED  P1                                 // 定義LED連接到Port 1 
   3          sbit    PB = P2^0;                              // 宣告按鈕開關位址 
   4          void    DELAY1ms(int);                  // 宣告1ms延時函數 
   5          void    RIGHT(char);                    // 宣告單燈右移函數
   6          void    FLASH(char);                    // 宣告8燈閃爍函數
   7          //==== 主程式 =========================================
   8          main()           
   9          {       LED=0xff;                                               // 初始設定(LED全滅)
  10   1              PB=1;                                                   // 按鈕設定為輸入埠
  11   1              while(1)                                                // 無窮盡迴圈
  12   1                      while(!PB)                                      // 若按下PB函數
  13   1                      {       RIGHT(1);                               // 單燈右移一圈
  14   2                              FLASH(3);                               // 8燈閃爍一次
  15   2                      }
  16   1      }
  17          //==== 單燈右移函數 ==============================
  18          void    RIGHT(char x)
  19          {       char i,j;
  20   1              for(i=0;i<x;i++)                // 產生x圈單燈左移  
  21   1              {       LED=0x7f;                       // 設定單燈右移初值0x7f=0111 1111 
  22   2                      for(j=0;j<7;j++)        // 移位7次  
  23   2                      {       DELAY1ms(100);  // 延遲0.1秒(即顯示0.1秒)  
  24   3                              LED=(LED>>1)|0x80;      // LED右移一位，而最左邊強制為1
  25   3                      }
  26   2                      DELAY1ms(100);          // 延遲0.1秒(即顯示0.1秒) 
  27   2              }
  28   1      }
  29          //==== 8燈閃爍函數 ==============================
  30          void    FLASH(char x)
  31          {       char i;
  32   1              for(i=0;i<x;i++)
  33   1              {       LED=0; DELAY1ms(100);           // 8燈全亮0.1秒
  34   2                      LED=0xff; DELAY1ms(100);        // 8燈全滅0.1秒
  35   2              }
  36   1      }
  37          //==== 延時函數(1ms) ==============================
  38          void    DELAY1ms(int x) 
  39          {       int     i,j;
  40   1              for(i=0;i<x;i++)                        // 外迴圈(1ms*x)
  41   1                      for(j=0;j<120;j++);     // 內迴圈(1ms)
  42   1      }


MODULE INFORMATION:   STATIC OVERLAYABLE
   CODE SIZE        =    154    ----
   CONSTANT SIZE    =   ----    ----
   XDATA SIZE       =   ----    ----
   PDATA SIZE       =   ----    ----
   DATA SIZE        =   ----       5
   IDATA SIZE       =   ----    ----
   BIT SIZE         =   ----    ----
END OF MODULE INFORMATION.


C51 COMPILATION COMPLETE.  0 WARNING(S),  0 ERROR(S)
