C51 COMPILER V9.01   CH7_3_4                                                               02/12/2012 19:59:27 PAGE 1   


C51 COMPILER V9.01, COMPILATION OF MODULE CH7_3_4
OBJECT MODULE PLACED IN Ch7-3-4.OBJ
COMPILER INVOKED BY: C:\Keil\C51\BIN\C51.EXE Ch7-3-4.C BROWSE DEBUG OBJECTEXTEND

line level    source

   1          #include        <reg51.h> 
   2          #define StepMotor P0                    // Port 0連接步進馬達 
   3          #define LED P1                                  // Port 1連接LED 
   4          #define STEPS   100                             // 定義步數 
   5          #define Speed   5                               // 定義步進馬達速度(每步0.5S) 
   6          #define t0H (65536-50000)/256   // 定義計數起點之高8位元 
   7          #define t0L (65536-50000)%256   // 定義計數起點之低8位元 
   8          char code PHASE1[4]={1,2,4,8};  // 1相激磁信號陣列 
   9          sbit    Buzzer=P3^7;                    // 宣告蜂鳴器位址 
  10          bit             FR_Flag=0;                              // 宣告正反轉旗標 
  11          char    int_CNT=0;                              // 宣告中斷次數計數器 
  12          char    i=0,j=0;                                // 宣告變數 
  13          void    DELAY1ms(int);                  // 宣告延時函數
  14          void    DELAY500us(int);                // 宣告延時函數
  15          void    BEEP(char);                     // 宣告嗶聲函數
  16          void    LEFT(char);                     // 宣告單燈左移函數
  17          void    RIGHT(char);                    // 宣告單燈左移函數
  18          // =========================================================
  19          main()
  20          {       StepMotor=0;                                    // 關閉步進馬達 
  21   1              IE=0x82;                                                // 啟用Timer 0中斷 
  22   1              TMOD |= 0x01;                                   // 設定Timer 0 Mode 1 
  23   1              TH0=t0H; TL0=t0L;                               // 設置計數量 
  24   1              TR0=1;                                                  // 啟動計數器(步進馬達開動) 
  25   1              while(1)                                                // 無窮盡迴圈 
  26   1              {       LEFT(1);                                        // 單燈左移
  27   2                      RIGHT(1);                                       // 單燈右移
  28   2                      BEEP(2);                                        // 嗶兩聲
  29   2              } 
  30   1      }
  31          // =========================================================
  32          void    DELAY1ms(int x) 
  33          {       int i,j;                                                // 宣告變數
  34   1              for(i=0;i<x;i++)                                // 外迴圈(x*1ms)
  35   1                      for(j=0;j<120;j++);                     // 內迴圈(1ms)
  36   1      }
  37          // =========================================================
  38          void    DELAY500us(int x) 
  39          {       int i,j;                                                // 宣告變數
  40   1              for(i=0;i<x;i++)                                // 外迴圈(x*1ms)
  41   1                      for(j=0;j<60;j++);                      // 內迴圈(0.5ms)
  42   1      }
  43          // =========================================================
  44          void    BEEP(char x) 
  45          {       char i,j;                                               // 宣告變數
  46   1              for(i=0;i<x;i++)                                // 外迴圈(x聲)
  47   1              {       for(j=0;j<100;j++)                      // 吸放100次 
  48   2                      {       Buzzer=0;DELAY500us(1); // 吸0.5ms
  49   3                              Buzzer=1;DELAY500us(1); // 放0.5ms
  50   3                      }       
  51   2                      DELAY500us(200);                        // 靜音(0.1s)
  52   2              }       
  53   1      }
  54          // =========================================================
  55          void SM_int(void)       interrupt 1                     // 中斷副程式
C51 COMPILER V9.01   CH7_3_4                                                               02/12/2012 19:59:27 PAGE 2   

  56          {       if (++int_CNT==10)                                      // 若已中斷10次(0.5S)
  57   1              {       int_CNT=0;                                              // 中斷計數器歸零
  58   2                      if (++i==STEPS)                                 // 若已STEPS步
  59   2                      {       i=0;                                            // 計數器歸零
  60   3                              FR_Flag=!FR_Flag;                       // 改變方向旗標
  61   3                      }
  62   2                      if (++j==4) j=0;                                // 調整激磁指標
  63   2                      if (FR_Flag) StepMotor=PHASE1[j];       // 正轉 
  64   2                      else StepMotor=PHASE1[3-j];                     // 反轉
  65   2                      DELAY1ms(200);                                  // 延遲0.2秒
  66   2              }
  67   1              TH0=t0H;TL0=t0L;                                        // 重填計時量
  68   1      }
  69          // =========================================================
  70          void    LEFT(char x)                            // 單燈左移函數
  71          {       char i,j;                                               // 宣告變數
  72   1              for(i=0;i<x;i++)                                // 外迴圈(x圈)
  73   1              {       LED=0xfe;                                       // LED初值
  74   2                      for(j=0;j<7;j++)                        // 內迴圈(7次)
  75   2                      {       DELAY1ms(100);                  // 延遲0.1秒
  76   3                              LED=(LED<<1)|1;                 // 左移
  77   3                      } 
  78   2                      DELAY1ms(100);                          // 延遲0.1秒
  79   2              } 
  80   1      }
  81          // =========================================================
  82          void    RIGHT(char x)                           // 單燈右移函數
  83          {       char i,j;                                               // 宣告變數
  84   1              for(i=0;i<x;i++)                                // 外迴圈(x圈)
  85   1              {       LED=0x7f;                                       // LED初值
  86   2                      for(j=0;j<7;j++)                        // 內迴圈(7次)
  87   2                      {       DELAY1ms(100);                  // 延遲0.1秒
  88   3                              LED=(LED>>1)|0x80;              // 右移
  89   3                      } 
  90   2                      DELAY1ms(100);                          // 延遲0.1秒
  91   2              } 
  92   1      }


MODULE INFORMATION:   STATIC OVERLAYABLE
   CODE SIZE        =    383    ----
   CONSTANT SIZE    =      4    ----
   XDATA SIZE       =   ----    ----
   PDATA SIZE       =   ----    ----
   DATA SIZE        =      3       6
   IDATA SIZE       =   ----    ----
   BIT SIZE         =      1    ----
END OF MODULE INFORMATION.


C51 COMPILATION COMPLETE.  0 WARNING(S),  0 ERROR(S)
