C51 COMPILER V9.01   A1                                                                    02/02/2012 15:27:02 PAGE 1   


C51 COMPILER V9.01, COMPILATION OF MODULE A1
OBJECT MODULE PLACED IN A1.OBJ
COMPILER INVOKED BY: C:\Keil\C51\BIN\C51.EXE A1.c BROWSE DEBUG OBJECTEXTEND

line level    source

   1          #include        <reg51.h>                               // 包含reg51.h標頭檔  
   2          #define LED  P1                                         // 定義LED連接到Port 1 
   3          sbit    Buzzer= P3^7;                           // 宣告蜂鳴器位址 
   4          void    BEEP(char);                                     // 宣告嗶聲函數 
   5          void    DELAY500us(int);                        // 宣告0.5ms延時函數 
   6          void    DELAY1ms(int);                          // 宣告1ms延時函數 
   7          void    LEFT(char);                                     // 宣告單燈左移函數 
   8          void    RIGHT(char);                            // 宣告單燈右移函數 
   9          //==== 主程式 =========================================
  10          main()           
  11          {       while(1)                                                // 無窮盡迴圈 
  12   1              {       LEFT(1);BEEP(1);                        // 單燈左移一圈 
  13   2                      RIGHT(1);BEEP(2);                       // 單燈右移一圈 
  14   2              }
  15   1      }
  16          //==== 單燈左移函數 ==============================
  17          void    LEFT(char x)
  18          {       char i,j;
  19   1              for(i=0;i<x;i++)                // 產生x圈單燈左移  
  20   1              {       LED=0xfe;                       // 設定單燈左移初值0xfe=1111 1110 
  21   2                      for(j=0;j<7;j++)        // 移位7次
  22   2                      {       DELAY1ms(100);  // 延遲0.1秒(即顯示0.1秒)  
  23   3                              LED=(LED<<1)|1;// LED左移一位，而最右邊強制為1
  24   3                      }
  25   2                      DELAY1ms(100);          // 延遲0.1秒(即顯示0.1秒) 
  26   2              }
  27   1      }
  28          //==== 單燈右移函數 ==============================
  29          void    RIGHT(char x)
  30          {       char i,j;
  31   1              for(i=0;i<x;i++)                // 產生x圈單燈右移  
  32   1              {       LED=0x7f;                       // 設定單燈右移初值0x7f=0111 1111 
  33   2                      for(j=0;j<7;j++)        // 移位7次  
  34   2                      {       DELAY1ms(100);  // 延遲0.1秒(即顯示0.1秒)  
  35   3                              LED=(LED>>1)|0x80;// LED右移一位，而最左邊強制為1
  36   3                      }
  37   2                      DELAY1ms(100);          // 延遲0.1秒(即顯示0.1秒) 
  38   2              }
  39   1      }
  40          //==== 延時函數(1ms) ==============================
  41          void    DELAY1ms(int x) 
  42          {       int     i,j;
  43   1              for(i=0;i<x;i++)                        // 外迴圈(1ms*x)
  44   1                      for(j=0;j<120;j++);             // 內迴圈(1ms)
  45   1      }
  46          //==== 嗶聲函數 ==============================
  47          void    BEEP(char x)
  48          {       char i,j;
  49   1              for(i=0;i<x;i++)                        // 產生x聲  
  50   1              {       for(j=0;j<100;j++)              // 蜂鳴器吸放100次  
  51   2                      {       Buzzer=0;DELAY500us(1); // 蜂鳴器吸0.5ms  
  52   3                              Buzzer=1;DELAY500us(1); // 蜂鳴器放0.5ms
  53   3                      }
  54   2                      DELAY500us(200);                // 蜂鳴器靜音0.1秒(0.5ms*200)  
  55   2              }
C51 COMPILER V9.01   A1                                                                    02/02/2012 15:27:02 PAGE 2   

  56   1      }
  57          //==== 延時函數(0.5ms) ==============================
  58          void    DELAY500us(int x) 
  59          {       int     i,j;
  60   1              for(i=0;i<x;i++)                        // 外迴圈(0.5ms*x)
  61   1                      for(j=0;j<60;j++);              // 內迴圈(0.5ms)
  62   1      }


MODULE INFORMATION:   STATIC OVERLAYABLE
   CODE SIZE        =    272    ----
   CONSTANT SIZE    =   ----    ----
   XDATA SIZE       =   ----    ----
   PDATA SIZE       =   ----    ----
   DATA SIZE        =   ----       9
   IDATA SIZE       =   ----    ----
   BIT SIZE         =   ----    ----
END OF MODULE INFORMATION.


C51 COMPILATION COMPLETE.  0 WARNING(S),  0 ERROR(S)
