C51 COMPILER V9.01   KEYPAD                                                                10/11/2018 14:27:00 PAGE 1   


C51 COMPILER V9.01, COMPILATION OF MODULE KEYPAD
OBJECT MODULE PLACED IN keypad.OBJ
COMPILER INVOKED BY: C:\Keil\C51\BIN\C51.EXE keypad.c BROWSE DEBUG OBJECTEXTEND

line level    source

   1          /*
   2          接線說明:
   3          a -> P0.0 (P0^0) a為LSB(最低位元)
   4          b -> P0.1
   5          依序a,b,c,d,e,f,g......
   6          最後為dp -> P0.7 dp為MSB(最高位元)
   7          D0 -> P1^0為LSB
   8          依序接線
   9          D3 -> P1^3為MSB
  10          */
  11          #include<reg51.h>
  12          #define seg7Output P0
  13          #define keyInput P2
  14          sbit seg7dp = P0^7;
  15          sbit Buzzer = P3^7;
  16          char seg7hexCode[20] = {0xc0,0xf9,0xa4,0xb0,0x99,0x92,0x82,0xf8,0x80,0x98,0xa0,0x83,0xa7,0xa1,0x86,0x8e,0x
             -ff};
  17          char SCAN_CODE[8]={     0x7f,0xbf,0xdf,0xef,0xf7,0xfb,0xfd,0xfe };      
  18          char DisplayData[4]={16,16,16,16};
  19          void DELAY500us(int);
  20          void keyscan();
  21          void BEEP(char);
  22          void DELAY100us(int);
  23          
  24          void main(){
  25   1              while(1){
  26   2                      keyscan();
  27   2              }
  28   1      }
  29          //=== 4x4鍵盤掃瞄函數 ===
  30          void keyscan() {
  31   1              char X,Y,Ycode,Kcode,i;
  32   1              for(X=0;X<4;X++){                       // 掃瞄4行
  33   2                      seg7Output=0xff;                                // 關閉顯示信號(防殘影)
  34   2                      keyInput=SCAN_CODE[X];          // 輸出掃瞄信號
  35   2                      seg7Output=seg7hexCode[DisplayData[X]];         // 輸出顯示信號
  36   2                      Y=~keyInput & 0x0f;                     // 讀取鍵盤  
  37   2                      if      (Y!=0){                 // 若有按鍵被按下 
  38   3                              if(Y==8) Ycode=0;        
  39   3                              else if (Y==4) Ycode=1; 
  40   3                              else if (Y==2) Ycode=2; 
  41   3                              else if (Y==1) Ycode=3; 
  42   3                              Kcode=4*Ycode + X;              // 計算按鍵值
  43   3                              for(i=0;i<3;i++)
  44   3                                      DisplayData[3-i]=DisplayData[2-i];// 顯示資料移位
  45   3                              DisplayData[0]=Kcode;                   // 將鍵值存入個位數
  46   3                              BEEP(1);                                        // 嗶一聲 
  47   3                              while(Y!=0) Y=~keyInput & 0x0f;// 等待放開按鍵
  48   3                      }
  49   2                      DELAY500us(4);                                  // 延遲2ms
  50   2              }
  51   1      }
  52          
  53          void DELAY500us(int time){
  54   1              int i,j;
C51 COMPILER V9.01   KEYPAD                                                                10/11/2018 14:27:00 PAGE 2   

  55   1              for(i = 0;i<time;i++)
  56   1                      for(j=0;j<60;j++);//do nothing
  57   1      }
  58          void DELAY100us(int time){
  59   1              int i,j;
  60   1              for(i = 0;i<time;i++)
  61   1                      for(j=0;j<12;j++);//do nothing
  62   1      }
  63          //==== 嗶聲函數 ========
  64          void BEEP(char x) 
  65          {       int     i,j;
  66   1              for(i=0;i<x;i++)                                // 嗶x聲
  67   1              {       for(j=0;j<100;j++)              // 重複吸放100次
  68   2                      {       Buzzer=0;DELAY100us(1);// 蜂鳴器吸
  69   3                              Buzzer=1;DELAY100us(1);// 蜂鳴器放
  70   3                      } 
  71   2                      DELAY500us(200);                        // 靜音0.1秒
  72   2              } 
  73   1      }


MODULE INFORMATION:   STATIC OVERLAYABLE
   CODE SIZE        =    299    ----
   CONSTANT SIZE    =   ----    ----
   XDATA SIZE       =   ----    ----
   PDATA SIZE       =   ----    ----
   DATA SIZE        =     32       5
   IDATA SIZE       =   ----    ----
   BIT SIZE         =   ----    ----
END OF MODULE INFORMATION.


C51 COMPILATION COMPLETE.  0 WARNING(S),  0 ERROR(S)
