C51 COMPILER V9.01   CH5_4_2                                                               02/08/2012 11:34:45 PAGE 1   


C51 COMPILER V9.01, COMPILATION OF MODULE CH5_4_2
OBJECT MODULE PLACED IN Ch5-4-2.OBJ
COMPILER INVOKED BY: C:\Keil\C51\BIN\C51.EXE Ch5-4-2.C BROWSE DEBUG OBJECTEXTEND

line level    source

   1          #include        <reg51.h>               // 包含reg51.h標頭檔 
   2          #define SW       P0                     // 定義SW接至Port 0
   3          #define LED      P1                     // 定義LED接至Port 1
   4          //==主程式======================================
   5          main()                          
   6          {       SW=0xff;                                // 設定SW輸入埠
   7   1              EA=ES=1;                                // 設定串列埠中斷
   8   1              SBUF=SW;                                // 將SW的值透過串列埠輸出
   9   1              SCON=0;                                 // 設定為mode 0、REN=0、TI=0
  10   1              while(1) LED=SW;                // 將SW狀態反映在LED
  11   1      }
  12          // ===================================
  13          void ES_int(void) interrupt 4
  14          {       SBUF=SW;                        // 將SW的值透過串列埠輸出
  15   1              TI=0;                           // 清除TI旗標
  16   1      }


MODULE INFORMATION:   STATIC OVERLAYABLE
   CODE SIZE        =     24    ----
   CONSTANT SIZE    =   ----    ----
   XDATA SIZE       =   ----    ----
   PDATA SIZE       =   ----    ----
   DATA SIZE        =   ----    ----
   IDATA SIZE       =   ----    ----
   BIT SIZE         =   ----    ----
END OF MODULE INFORMATION.


C51 COMPILATION COMPLETE.  0 WARNING(S),  0 ERROR(S)
