C51 COMPILER V9.01   FIRST_TRY_OF_89S51                                                    07/25/2018 11:02:22 PAGE 1   


C51 COMPILER V9.01, COMPILATION OF MODULE FIRST_TRY_OF_89S51
OBJECT MODULE PLACED IN first_try_of_89S51.OBJ
COMPILER INVOKED BY: C:\Keil\C51\BIN\C51.EXE first_try_of_89S51.c BROWSE DEBUG OBJECTEXTEND

line level    source

   1          //20180725育廷主任的89S51及C語言實習課
   2          #include <reg51.h>
   3          #define ledPin P1
   4          sbit switch1 = P0^0;//宣告單一位元
   5          void delay(int ms);//ms means millisecond
   6          //-----------------------------------
   7          main(){
   8   1              while(1){
   9   2                      if(switch1 == 0){
  10   3                              for(ledPin = 0x00;ledPin<=0xff;ledPin++){
  11   4                                      if(switch1==0)delay(100);
  12   4                                      else break;//離開for迴圈
  13   4                              }
  14   3                      }
  15   2                      else{
  16   3                              ledPin = 0x00;
  17   3                              /*特別解說
  18   3                              數值以0x開頭，表示使用16進制
  19   3                              例如:0xFF即為十進制中的255*/
  20   3                              delay(100);
  21   3                              ledPin = 0xff;
  22   3                              delay(100);
  23   3                      }
  24   2              }
  25   1              
  26   1      }
  27          //=====================================
  28          void delay(int ms){
  29   1              int i,j;
  30   1              for(i=0;i<ms;i++)
  31   1                      for(j=0;j<120;j++);
  32   1              //120是依據這塊板子上的石英晶體
  33   1              //(12MHz)推算出來的
  34   1      }
  35          
  36          
  37          
  38          
  39          
  40          
  41          
  42          
  43          
  44          


MODULE INFORMATION:   STATIC OVERLAYABLE
   CODE SIZE        =     86    ----
   CONSTANT SIZE    =   ----    ----
   XDATA SIZE       =   ----    ----
   PDATA SIZE       =   ----    ----
   DATA SIZE        =   ----    ----
   IDATA SIZE       =   ----    ----
   BIT SIZE         =   ----    ----
END OF MODULE INFORMATION.

C51 COMPILER V9.01   FIRST_TRY_OF_89S51                                                    07/25/2018 11:02:22 PAGE 2   


C51 COMPILATION COMPLETE.  0 WARNING(S),  0 ERROR(S)
