C51 COMPILER V9.01   FOR_LOOP                                                              09/13/2018 10:41:07 PAGE 1   


C51 COMPILER V9.01, COMPILATION OF MODULE FOR_LOOP
OBJECT MODULE PLACED IN for_loop.OBJ
COMPILER INVOKED BY: C:\Keil\C51\BIN\C51.EXE for_loop.c BROWSE DEBUG OBJECTEXTEND

line level    source

   1          #include <reg51.h>
   2          sbit sw = P0^0;
   3          sbit buzzer = P3^7;
   4          void delay(int);
   5          void beep(int);
   6          
   7          main(){
   8   1              buzzer = sw = 1;//disable buzzer and switch所以送高態訊號
   9   1              while(1){
  10   2                      if(!sw)beep(1);// (!sw) = (sw==0)
  11   2              }
  12   1      }
  13          void beep(int beepcount){
  14   1              int i,j;
  15   1              for(i = 0;i < beepcount;i++){
  16   2                      for(j = 0;j<100;j++){
  17   3                              buzzer = 0;delay(1);
  18   3                              buzzer = 1;delay(1);
  19   3                      }
  20   2                      delay(100);
  21   2              }
  22   1      }
  23          void delay(int delayXms){
  24   1              int i,j;
  25   1              for(i = 0;i < delayXms;i++)
  26   1                      for(j=0;j<120;j++);
  27   1      }


MODULE INFORMATION:   STATIC OVERLAYABLE
   CODE SIZE        =    140    ----
   CONSTANT SIZE    =   ----    ----
   XDATA SIZE       =   ----    ----
   PDATA SIZE       =   ----    ----
   DATA SIZE        =   ----       6
   IDATA SIZE       =   ----    ----
   BIT SIZE         =   ----    ----
END OF MODULE INFORMATION.


C51 COMPILATION COMPLETE.  0 WARNING(S),  0 ERROR(S)
