C51 COMPILER V9.01   CH8_4_2                                                               02/16/2012 18:00:19 PAGE 1   


C51 COMPILER V9.01, COMPILATION OF MODULE CH8_4_2
OBJECT MODULE PLACED IN Ch8-4-2.OBJ
COMPILER INVOKED BY: C:\Keil\C51\BIN\C51.EXE Ch8-4-2.C BROWSE DEBUG OBJECTEXTEND

line level    source

   1          #include        <reg51.h> 
   2          #include        "BMP.h" 
   3          // === 定義 LCD 介面 ==================
   4          sbit            E=P3^0;                         // 宣告E信號的輸出入埠 
   5          sbit            RW=P3^1;                        // 宣告RW信號的輸出入埠 
   6          sbit            RS=P3^2 ;                       // 宣告RS信號的輸出入埠 
   7          sbit            BF=P0^7;                        // 宣告忙碌旗標的位址 
   8          #define LCDP P0                                 // Port 0連接LCD匯流排 
   9          // === 定義蜂鳴器介面 ============
  10          sbit    Buzzer=P3^7;                    // 宣告蜂鳴器位址 
  11          // === 定義 Timer 0計時量(50ms) ============
  12          #define t0H (65536-50000)/256   // 定義計數起點之高8位元 
  13          #define t0L (65536-50000)%256   // 定義計數起點之低8位元 
  14          int             int_CNT=0;                              // 宣告中斷次數計數器 
  15          // === 宣告函數 ============
  16          void    INIT8(void);                    // 宣告LCD初始化函數
  17          void    check_BF(void);                 // 宣告檢查忙碌函數
  18          void    write_inst(char);               // 宣告寫入指令函數
  19          void    write_bmp(void);                // 宣告圖形顯示函數
  20          void    flash(bit,char,int);    // 宣告閃爍函數
  21          void    DELAY500us(int);                // 宣告延時函數
  22          void    BEEP(char);                     // 宣告嗶聲函數
  23          // =========================================================
  24          main()
  25          {       INIT8();                                        // LCD初始化
  26   1              write_bmp();                            // 顯示靚圖
  27   1              IE=0x82;                                        // 啟用Timer 0中斷 
  28   1              TMOD |= 0x01;                           // 設定Timer 0 Mode 1 
  29   1              TH0=t0H; TL0=t0L;                       // 設置計數量 
  30   1              TR0=1;                                          // 啟動計數器 
  31   1              while(1);                                       // 閒置 
  32   1      }
  33          // =========================================================
  34          void    DELAY500us(int x) 
  35          {       int i,j;                                        // 宣告變數
  36   1              for(i=0;i<x;i++)                        // 外迴圈(x*1ms)
  37   1                      for(j=0;j<60;j++);              // 內迴圈(0.5ms)
  38   1      }
  39          // =========================================================
  40          void    BEEP(char x) 
  41          {       char i,j;                                               // 宣告變數
  42   1              for(i=0;i<x;i++)                                // 外迴圈(x聲)
  43   1              {       for(j=0;j<100;j++)                      // 吸放100次 
  44   2                      {       Buzzer=0;DELAY500us(1); // 吸0.5ms
  45   3                              Buzzer=1;DELAY500us(1); // 放0.5ms
  46   3                      }       
  47   2                      DELAY500us(200);                        // 靜音(0.1s)
  48   2              }       
  49   1      }
  50          // =========================================================
  51          void Flash_int(void)    interrupt 1     // 中斷副程式
  52          {       if (++int_CNT==200)                             // 判斷是否已中斷200次(10S)
  53   1              {       int_CNT=0;                                      // 中斷次數計數器歸零
  54   2                      flash(1,5,400);                         // 閃爍5次
  55   2                      BEEP(3);                                        // 嗶三聲
C51 COMPILER V9.01   CH8_4_2                                                               02/16/2012 18:00:19 PAGE 2   

  56   2              }
  57   1              TH0=t0H;TL0=t0L;                                // 重填計時量
  58   1      }
  59          // === 8位元傳輸介面之LCM初始化函數 ===
  60          void INIT8(void) 
  61          {       write_inst(0x30);                       // 設定功能(8位元傳輸介面)
  62   1              write_inst(0x30);                       // 設定功能(8位元傳輸介面)
  63   1              write_inst(0x08);                       // 關閉顯示器
  64   1              write_inst(0x01);                       // 清除顯示器
  65   1              write_inst(0x06);                       // 設定輸入模式
  66   1              write_inst(0x0c);                       // 開啟顯示器
  67   1      } 
  68          // === 檢查忙碌旗標函數 ===
  69          void check_BF(void)
  70          {       E=0;                            // 禁能 
  71   1              do
  72   1              {       BF=1;                   // 設定BF為輸入埠  
  73   2                      RS=0;RW=1;E=1;  // 讀取BF與AC  
  74   2              }while(BF);             // 等待BF旗標為0
  75   1      }        
  76          // === 寫入指令函數 ==
  77          void write_inst(char inst)
  78          {       check_BF();                     // 檢查忙錄旗標函數 
  79   1              LCDP=inst;                      // 指令放入匯流排 
  80   1              RS=RW=0;E=1;            // 控制指令 
  81   1              check_BF();                     // 檢查忙錄旗標函數 
  82   1      } 
  83          // === 寫入字元函數===
  84          void write_char(char CHAR)
  85          {       check_BF();             // 檢查忙錄旗標函數 
  86   1              LCDP=CHAR;                      // 字元放入匯流排 
  87   1              RS=1;RW=0;E=1;          // 控制指令 
  88   1              check_BF();             // 檢查忙錄旗標函數 
  89   1      } 
  90          // === 圖形顯示函數 ===
  91          void write_bmp(void)
  92          {       int i,j;                                                // 宣告變數
  93   1              write_inst(0x36);                               // 切換為擴充指令
  94   1              for(i=0;i<Height;i++)                   // Height為圖高之列數
  95   1              {       write_inst(0x80+(31-i));        // 設定GDRAM之Y軸 
  96   2                      write_inst(0x80);                       // 設定GDRAM之X軸 
  97   2                      for(j=0;j<32;j++)                       // 圖最大32 Bytes(即256 bit)
  98   2                              if(j < Width)                   // 若在圖寬之內
  99   2                                      write_char(~BMPpic[Width*i+j]);// 寫入圖形內容
 100   2                              else write_char(0x00);// 寫入空白
 101   2              }
 102   1      } 
 103          // === 閃爍函數(TG=0文字，TG=1圖形) ===
 104          void flash(bit TG,char count,int time)
 105          {       char i;                                                 // 宣告變數
 106   1              for(i=0;i<count;i++)                    // 閃爍count次
 107   1              {       if(!TG)                                         // 文字介面 
 108   2                              write_inst(0x08);               // 關閉顯示器 
 109   2                      else                                            // 圖形介面
 110   2                              write_inst(0x34);               // 關閉顯示器 
 111   2                      DELAY500us(time);                       // 延遲time*0.5ms
 112   2                      if(!TG)                                         // 文字介面 
 113   2                              write_inst(0x0c);               // 開啟顯示器 
 114   2                      else                                            // 圖形介面
 115   2                              write_inst(0x36);               // 開啟顯示器 
 116   2                      DELAY500us(time);                       // 延遲time*0.5ms
 117   2              }
C51 COMPILER V9.01   CH8_4_2                                                               02/16/2012 18:00:19 PAGE 3   

 118   1      } 


MODULE INFORMATION:   STATIC OVERLAYABLE
   CODE SIZE        =    437    ----
   CONSTANT SIZE    =    576    ----
   XDATA SIZE       =   ----    ----
   PDATA SIZE       =   ----    ----
   DATA SIZE        =      2       5
   IDATA SIZE       =   ----    ----
   BIT SIZE         =   ----       1
END OF MODULE INFORMATION.


C51 COMPILATION COMPLETE.  0 WARNING(S),  0 ERROR(S)
