C51 COMPILER V9.01   CH2_1                                                                 09/06/2018 14:51:22 PAGE 1   


C51 COMPILER V9.01, COMPILATION OF MODULE CH2_1
OBJECT MODULE PLACED IN .\Objects\ch2-1.obj
COMPILER INVOKED BY: C:\Keil\C51\BIN\C51.EXE ch2-1.c BROWSE DEBUG OBJECTEXTEND PRINT(.\Listings\ch2-1.lst) OBJECT(.\Obje
                    -cts\ch2-1.obj)

line level    source

   1          #include <reg51.h>
   2          #include <delayANDbeep.h>
   3          #define sw P0
   4          
   5          void main(){
   6   1              buzzer = 1;
   7   1              //set buzzer and switch to OFF at startup
   8   1              while(1){
   9   2                      if(sw== 0xff);  // if(!buzzer_sw)  =  if(buzzer_sw==0)
  10   2                      if(sw== 0xfe)beep(1);
  11   2                      if(sw== 0xfc)beepSW2(1);
  12   2              }
  13   1      }


MODULE INFORMATION:   STATIC OVERLAYABLE
   CODE SIZE        =    464    ----
   CONSTANT SIZE    =   ----    ----
   XDATA SIZE       =   ----    ----
   PDATA SIZE       =   ----    ----
   DATA SIZE        =   ----      12
   IDATA SIZE       =   ----    ----
   BIT SIZE         =   ----    ----
END OF MODULE INFORMATION.


C51 COMPILATION COMPLETE.  0 WARNING(S),  0 ERROR(S)
