TimeQuest Timing Analyzer report for adder_and_sub
Tue Oct 02 14:50:17 2018
Quartus II Version 9.1 Build 350 03/24/2010 Service Pack 2 SJ Web Edition


---------------------
; Table of Contents ;
---------------------
  1. Legal Notice
  2. TimeQuest Timing Analyzer Summary
  3. Parallel Compilation
  4. Clocks
  5. Slow 1200mV 85C Model Fmax Summary
  6. Slow 1200mV 85C Model Setup Summary
  7. Slow 1200mV 85C Model Hold Summary
  8. Slow 1200mV 85C Model Recovery Summary
  9. Slow 1200mV 85C Model Removal Summary
 10. Slow 1200mV 85C Model Minimum Pulse Width Summary
 11. Propagation Delay
 12. Minimum Propagation Delay
 13. Slow 1200mV 85C Model Metastability Report
 14. Slow 1200mV 0C Model Fmax Summary
 15. Slow 1200mV 0C Model Setup Summary
 16. Slow 1200mV 0C Model Hold Summary
 17. Slow 1200mV 0C Model Recovery Summary
 18. Slow 1200mV 0C Model Removal Summary
 19. Slow 1200mV 0C Model Minimum Pulse Width Summary
 20. Propagation Delay
 21. Minimum Propagation Delay
 22. Slow 1200mV 0C Model Metastability Report
 23. Fast 1200mV 0C Model Setup Summary
 24. Fast 1200mV 0C Model Hold Summary
 25. Fast 1200mV 0C Model Recovery Summary
 26. Fast 1200mV 0C Model Removal Summary
 27. Fast 1200mV 0C Model Minimum Pulse Width Summary
 28. Propagation Delay
 29. Minimum Propagation Delay
 30. Fast 1200mV 0C Model Metastability Report
 31. Multicorner Timing Analysis Summary
 32. Progagation Delay
 33. Minimum Progagation Delay
 34. Board Trace Model Assignments
 35. Input Transition Times
 36. Slow Corner Signal Integrity Metrics
 37. Fast Corner Signal Integrity Metrics
 38. Clock Transfers
 39. Report TCCS
 40. Report RSKM
 41. Unconstrained Paths
 42. TimeQuest Timing Analyzer Messages



----------------
; Legal Notice ;
----------------
Copyright (C) 1991-2010 Altera Corporation
Your use of Altera Corporation's design tools, logic functions 
and other software and tools, and its AMPP partner logic 
functions, and any output files from any of the foregoing 
(including device programming or simulation files), and any 
associated documentation or information are expressly subject 
to the terms and conditions of the Altera Program License 
Subscription Agreement, Altera MegaCore Function License 
Agreement, or other applicable license agreement, including, 
without limitation, that your use is for the sole purpose of 
programming logic devices manufactured by Altera and sold by 
Altera or its authorized distributors.  Please refer to the 
applicable agreement for further details.



+-------------------------------------------------------------------------------------+
; TimeQuest Timing Analyzer Summary                                                   ;
+--------------------+----------------------------------------------------------------+
; Quartus II Version ; Version 9.1 Build 350 03/24/2010 Service Pack 2 SJ Web Edition ;
; Revision Name      ; adder_and_sub                                                  ;
; Device Family      ; Cyclone III                                                    ;
; Device Name        ; EP3C10E144C8                                                   ;
; Timing Models      ; Final                                                          ;
; Delay Model        ; Combined                                                       ;
; Rise/Fall Delays   ; Enabled                                                        ;
+--------------------+----------------------------------------------------------------+


Parallel compilation was disabled, but you have multiple processors available. Enable parallel compilation to reduce compilation time.
+-------------------------------------+
; Parallel Compilation                ;
+----------------------------+--------+
; Processors                 ; Number ;
+----------------------------+--------+
; Number detected on machine ; 4      ;
; Maximum allowed            ; 1      ;
+----------------------------+--------+


----------
; Clocks ;
----------
No clocks to report.


--------------------------------------
; Slow 1200mV 85C Model Fmax Summary ;
--------------------------------------
No paths to report.


---------------------------------------
; Slow 1200mV 85C Model Setup Summary ;
---------------------------------------
No paths to report.


--------------------------------------
; Slow 1200mV 85C Model Hold Summary ;
--------------------------------------
No paths to report.


------------------------------------------
; Slow 1200mV 85C Model Recovery Summary ;
------------------------------------------
No paths to report.


-----------------------------------------
; Slow 1200mV 85C Model Removal Summary ;
-----------------------------------------
No paths to report.


-----------------------------------------------------
; Slow 1200mV 85C Model Minimum Pulse Width Summary ;
-----------------------------------------------------
No paths to report.


+--------------------------------------------------------------+
; Propagation Delay                                            ;
+------------+-------------+--------+--------+--------+--------+
; Input Port ; Output Port ; RR     ; RF     ; FR     ; FF     ;
+------------+-------------+--------+--------+--------+--------+
; A[0]       ; result[0]   ; 9.335  ; 9.158  ; 9.678  ; 9.345  ;
; A[0]       ; result[1]   ; 9.970  ; 9.724  ; 10.545 ; 10.237 ;
; A[0]       ; result[2]   ; 9.657  ; 9.480  ; 9.930  ; 9.815  ;
; A[0]       ; result[3]   ; 9.451  ; 9.465  ; 10.026 ; 9.978  ;
; A[0]       ; result[4]   ; 10.006 ; 9.768  ; 10.279 ; 10.103 ;
; A[0]       ; result[5]   ; 10.089 ; 9.927  ; 10.664 ; 10.440 ;
; A[0]       ; result[6]   ; 12.119 ; 11.948 ; 12.392 ; 12.283 ;
; A[0]       ; result[7]   ; 10.157 ; 9.993  ; 10.732 ; 10.506 ;
; A[1]       ; result[1]   ; 9.960  ; 9.651  ; 10.208 ; 9.968  ;
; A[1]       ; result[2]   ; 10.102 ; 9.925  ; 10.086 ; 9.971  ;
; A[1]       ; result[3]   ; 9.896  ; 9.910  ; 10.182 ; 10.134 ;
; A[1]       ; result[4]   ; 10.451 ; 10.213 ; 10.435 ; 10.259 ;
; A[1]       ; result[5]   ; 10.534 ; 10.372 ; 10.820 ; 10.596 ;
; A[1]       ; result[6]   ; 12.564 ; 12.393 ; 12.548 ; 12.439 ;
; A[1]       ; result[7]   ; 10.602 ; 10.438 ; 10.888 ; 10.662 ;
; A[2]       ; result[2]   ; 9.086  ; 9.018  ; 9.399  ; 9.175  ;
; A[2]       ; result[3]   ; 9.425  ; 9.439  ; 9.970  ; 9.922  ;
; A[2]       ; result[4]   ; 9.980  ; 9.742  ; 10.223 ; 10.047 ;
; A[2]       ; result[5]   ; 10.063 ; 9.901  ; 10.608 ; 10.384 ;
; A[2]       ; result[6]   ; 12.093 ; 11.922 ; 12.336 ; 12.227 ;
; A[2]       ; result[7]   ; 10.131 ; 9.967  ; 10.676 ; 10.450 ;
; A[3]       ; result[3]   ; 10.300 ; 10.247 ; 10.611 ; 10.644 ;
; A[3]       ; result[4]   ; 11.306 ; 11.068 ; 11.369 ; 11.193 ;
; A[3]       ; result[5]   ; 11.389 ; 11.227 ; 11.754 ; 11.530 ;
; A[3]       ; result[6]   ; 13.419 ; 13.248 ; 13.482 ; 13.373 ;
; A[3]       ; result[7]   ; 11.457 ; 11.293 ; 11.822 ; 11.596 ;
; A[4]       ; result[4]   ; 9.517  ; 9.390  ; 9.875  ; 9.600  ;
; A[4]       ; result[5]   ; 10.145 ; 9.983  ; 10.734 ; 10.510 ;
; A[4]       ; result[6]   ; 12.175 ; 12.004 ; 12.462 ; 12.353 ;
; A[4]       ; result[7]   ; 10.213 ; 10.049 ; 10.802 ; 10.576 ;
; A[5]       ; result[5]   ; 7.619  ; 7.390  ; 7.742  ; 7.599  ;
; A[5]       ; result[6]   ; 10.100 ; 9.929  ; 9.975  ; 9.866  ;
; A[5]       ; result[7]   ; 8.138  ; 7.974  ; 8.315  ; 8.089  ;
; A[6]       ; result[6]   ; 11.769 ; 11.709 ; 12.054 ; 11.846 ;
; A[6]       ; result[7]   ; 10.352 ; 10.188 ; 10.868 ; 10.642 ;
; A[7]       ; result[7]   ; 9.910  ; 9.692  ; 10.191 ; 9.966  ;
; ADDSUB     ; result[0]   ; 10.584 ; 10.298 ; 10.848 ; 10.562 ;
; ADDSUB     ; result[1]   ; 11.316 ; 11.008 ; 11.532 ; 11.224 ;
; ADDSUB     ; result[2]   ; 11.221 ; 11.044 ; 11.447 ; 11.270 ;
; ADDSUB     ; result[3]   ; 11.043 ; 11.029 ; 11.268 ; 11.255 ;
; ADDSUB     ; result[4]   ; 11.570 ; 11.332 ; 11.796 ; 11.558 ;
; ADDSUB     ; result[5]   ; 11.681 ; 11.491 ; 11.906 ; 11.717 ;
; ADDSUB     ; result[6]   ; 13.683 ; 13.512 ; 13.909 ; 13.738 ;
; ADDSUB     ; result[7]   ; 12.129 ; 11.948 ; 12.409 ; 12.228 ;
; B[0]       ; result[0]   ; 11.107 ; 10.882 ; 11.280 ; 11.048 ;
; B[0]       ; result[1]   ; 11.950 ; 11.642 ; 12.123 ; 11.815 ;
; B[0]       ; result[2]   ; 11.369 ; 11.220 ; 11.535 ; 11.393 ;
; B[0]       ; result[3]   ; 11.431 ; 11.383 ; 11.604 ; 11.556 ;
; B[0]       ; result[4]   ; 11.718 ; 11.508 ; 11.884 ; 11.681 ;
; B[0]       ; result[5]   ; 12.069 ; 11.845 ; 12.242 ; 12.018 ;
; B[0]       ; result[6]   ; 13.831 ; 13.688 ; 13.997 ; 13.861 ;
; B[0]       ; result[7]   ; 12.137 ; 11.911 ; 12.310 ; 12.084 ;
; B[1]       ; result[1]   ; 11.072 ; 10.864 ; 11.345 ; 11.094 ;
; B[1]       ; result[2]   ; 11.233 ; 11.056 ; 11.506 ; 11.329 ;
; B[1]       ; result[3]   ; 11.087 ; 11.041 ; 11.317 ; 11.314 ;
; B[1]       ; result[4]   ; 11.582 ; 11.344 ; 11.855 ; 11.617 ;
; B[1]       ; result[5]   ; 11.725 ; 11.503 ; 11.955 ; 11.776 ;
; B[1]       ; result[6]   ; 13.695 ; 13.524 ; 13.968 ; 13.797 ;
; B[1]       ; result[7]   ; 11.793 ; 11.569 ; 12.023 ; 11.842 ;
; B[2]       ; result[2]   ; 10.420 ; 10.302 ; 10.678 ; 10.583 ;
; B[2]       ; result[3]   ; 10.967 ; 10.919 ; 11.205 ; 11.157 ;
; B[2]       ; result[4]   ; 11.252 ; 11.044 ; 11.533 ; 11.295 ;
; B[2]       ; result[5]   ; 11.605 ; 11.381 ; 11.843 ; 11.619 ;
; B[2]       ; result[6]   ; 13.365 ; 13.224 ; 13.646 ; 13.475 ;
; B[2]       ; result[7]   ; 11.673 ; 11.447 ; 11.911 ; 11.685 ;
; B[3]       ; result[3]   ; 10.114 ; 10.071 ; 10.318 ; 10.290 ;
; B[3]       ; result[4]   ; 11.144 ; 10.906 ; 11.348 ; 11.110 ;
; B[3]       ; result[5]   ; 11.227 ; 11.065 ; 11.431 ; 11.269 ;
; B[3]       ; result[6]   ; 13.257 ; 13.086 ; 13.461 ; 13.290 ;
; B[3]       ; result[7]   ; 11.295 ; 11.131 ; 11.499 ; 11.335 ;
; B[4]       ; result[4]   ; 9.642  ; 9.457  ; 9.907  ; 9.715  ;
; B[4]       ; result[5]   ; 10.482 ; 10.258 ; 10.747 ; 10.523 ;
; B[4]       ; result[6]   ; 12.233 ; 12.101 ; 12.491 ; 12.366 ;
; B[4]       ; result[7]   ; 10.550 ; 10.324 ; 10.815 ; 10.589 ;
; B[5]       ; result[5]   ; 10.686 ; 10.503 ; 10.867 ; 10.641 ;
; B[5]       ; result[6]   ; 13.191 ; 13.020 ; 13.372 ; 13.201 ;
; B[5]       ; result[7]   ; 11.231 ; 11.065 ; 11.410 ; 11.246 ;
; B[6]       ; result[6]   ; 10.050 ; 9.887  ; 10.206 ; 10.043 ;
; B[6]       ; result[7]   ; 8.845  ; 8.619  ; 9.001  ; 8.775  ;
; B[7]       ; result[7]   ; 11.596 ; 11.415 ; 11.774 ; 11.593 ;
; Ci         ; result[0]   ; 11.411 ; 11.125 ; 11.756 ; 11.470 ;
; Ci         ; result[1]   ; 11.546 ; 11.255 ; 11.846 ; 11.600 ;
; Ci         ; result[2]   ; 11.188 ; 11.011 ; 11.533 ; 11.356 ;
; Ci         ; result[3]   ; 11.027 ; 10.996 ; 11.327 ; 11.341 ;
; Ci         ; result[4]   ; 11.537 ; 11.299 ; 11.882 ; 11.644 ;
; Ci         ; result[5]   ; 11.665 ; 11.458 ; 11.965 ; 11.803 ;
; Ci         ; result[6]   ; 13.650 ; 13.479 ; 13.995 ; 13.824 ;
; Ci         ; result[7]   ; 11.733 ; 11.524 ; 12.033 ; 11.869 ;
+------------+-------------+--------+--------+--------+--------+


+--------------------------------------------------------------+
; Minimum Propagation Delay                                    ;
+------------+-------------+--------+--------+--------+--------+
; Input Port ; Output Port ; RR     ; RF     ; FR     ; FF     ;
+------------+-------------+--------+--------+--------+--------+
; A[0]       ; result[0]   ; 9.059  ; 8.836  ; 9.335  ; 9.060  ;
; A[0]       ; result[1]   ; 9.575  ; 9.328  ; 9.911  ; 9.628  ;
; A[0]       ; result[2]   ; 9.201  ; 9.044  ; 9.393  ; 9.272  ;
; A[0]       ; result[3]   ; 9.076  ; 9.078  ; 9.412  ; 9.378  ;
; A[0]       ; result[4]   ; 9.536  ; 9.320  ; 9.728  ; 9.548  ;
; A[0]       ; result[5]   ; 9.688  ; 9.522  ; 10.024 ; 9.822  ;
; A[0]       ; result[6]   ; 11.564 ; 11.412 ; 11.756 ; 11.640 ;
; A[0]       ; result[7]   ; 9.753  ; 9.584  ; 10.089 ; 9.884  ;
; A[1]       ; result[1]   ; 9.618  ; 9.369  ; 9.881  ; 9.592  ;
; A[1]       ; result[2]   ; 9.474  ; 9.317  ; 9.668  ; 9.547  ;
; A[1]       ; result[3]   ; 9.349  ; 9.351  ; 9.687  ; 9.653  ;
; A[1]       ; result[4]   ; 9.809  ; 9.593  ; 10.003 ; 9.823  ;
; A[1]       ; result[5]   ; 9.961  ; 9.795  ; 10.299 ; 10.097 ;
; A[1]       ; result[6]   ; 11.837 ; 11.685 ; 12.031 ; 11.915 ;
; A[1]       ; result[7]   ; 10.026 ; 9.857  ; 10.364 ; 10.159 ;
; A[2]       ; result[2]   ; 8.820  ; 8.702  ; 9.067  ; 8.897  ;
; A[2]       ; result[3]   ; 9.051  ; 9.053  ; 9.358  ; 9.324  ;
; A[2]       ; result[4]   ; 9.511  ; 9.295  ; 9.674  ; 9.494  ;
; A[2]       ; result[5]   ; 9.663  ; 9.497  ; 9.970  ; 9.768  ;
; A[2]       ; result[6]   ; 11.539 ; 11.387 ; 11.702 ; 11.586 ;
; A[2]       ; result[7]   ; 9.728  ; 9.559  ; 10.035 ; 9.830  ;
; A[3]       ; result[3]   ; 9.942  ; 9.936  ; 10.280 ; 10.240 ;
; A[3]       ; result[4]   ; 10.632 ; 10.416 ; 10.906 ; 10.726 ;
; A[3]       ; result[5]   ; 10.784 ; 10.618 ; 11.202 ; 11.000 ;
; A[3]       ; result[6]   ; 12.660 ; 12.508 ; 12.934 ; 12.818 ;
; A[3]       ; result[7]   ; 10.849 ; 10.680 ; 11.267 ; 11.062 ;
; A[4]       ; result[4]   ; 9.235  ; 9.058  ; 9.535  ; 9.306  ;
; A[4]       ; result[5]   ; 9.744  ; 9.578  ; 10.088 ; 9.886  ;
; A[4]       ; result[6]   ; 11.620 ; 11.468 ; 11.820 ; 11.704 ;
; A[4]       ; result[7]   ; 9.809  ; 9.640  ; 10.153 ; 9.948  ;
; A[5]       ; result[5]   ; 7.378  ; 7.204  ; 7.537  ; 7.329  ;
; A[5]       ; result[6]   ; 9.484  ; 9.332  ; 9.579  ; 9.463  ;
; A[5]       ; result[7]   ; 7.673  ; 7.504  ; 7.912  ; 7.707  ;
; A[6]       ; result[6]   ; 11.402 ; 11.289 ; 11.628 ; 11.463 ;
; A[6]       ; result[7]   ; 9.948  ; 9.779  ; 10.218 ; 10.013 ;
; A[7]       ; result[7]   ; 9.639  ; 9.428  ; 9.907  ; 9.688  ;
; ADDSUB     ; result[0]   ; 9.920  ; 9.677  ; 10.108 ; 9.882  ;
; ADDSUB     ; result[1]   ; 10.099 ; 9.852  ; 10.358 ; 10.111 ;
; ADDSUB     ; result[2]   ; 9.706  ; 9.568  ; 9.894  ; 9.773  ;
; ADDSUB     ; result[3]   ; 9.600  ; 9.596  ; 9.840  ; 9.840  ;
; ADDSUB     ; result[4]   ; 9.943  ; 9.726  ; 10.151 ; 9.974  ;
; ADDSUB     ; result[5]   ; 10.212 ; 10.046 ; 10.453 ; 10.254 ;
; ADDSUB     ; result[6]   ; 11.996 ; 11.831 ; 12.237 ; 12.080 ;
; ADDSUB     ; result[7]   ; 10.277 ; 10.108 ; 10.536 ; 10.367 ;
; B[0]       ; result[0]   ; 10.720 ; 10.466 ; 10.883 ; 10.621 ;
; B[0]       ; result[1]   ; 11.212 ; 10.965 ; 11.367 ; 11.120 ;
; B[0]       ; result[2]   ; 10.738 ; 10.617 ; 10.901 ; 10.780 ;
; B[0]       ; result[3]   ; 10.713 ; 10.715 ; 10.868 ; 10.870 ;
; B[0]       ; result[4]   ; 11.073 ; 10.893 ; 11.236 ; 11.056 ;
; B[0]       ; result[5]   ; 11.325 ; 11.159 ; 11.480 ; 11.314 ;
; B[0]       ; result[6]   ; 13.101 ; 12.985 ; 13.264 ; 13.148 ;
; B[0]       ; result[7]   ; 11.390 ; 11.221 ; 11.545 ; 11.376 ;
; B[1]       ; result[1]   ; 10.681 ; 10.392 ; 10.941 ; 10.657 ;
; B[1]       ; result[2]   ; 10.554 ; 10.406 ; 10.778 ; 10.657 ;
; B[1]       ; result[3]   ; 10.438 ; 10.440 ; 10.703 ; 10.705 ;
; B[1]       ; result[4]   ; 10.889 ; 10.682 ; 11.113 ; 10.933 ;
; B[1]       ; result[5]   ; 11.050 ; 10.884 ; 11.315 ; 11.149 ;
; B[1]       ; result[6]   ; 12.917 ; 12.774 ; 13.141 ; 13.025 ;
; B[1]       ; result[7]   ; 11.115 ; 10.946 ; 11.380 ; 11.211 ;
; B[2]       ; result[2]   ; 10.054 ; 9.903  ; 10.285 ; 10.167 ;
; B[2]       ; result[3]   ; 10.259 ; 10.261 ; 10.531 ; 10.502 ;
; B[2]       ; result[4]   ; 10.621 ; 10.441 ; 10.852 ; 10.672 ;
; B[2]       ; result[5]   ; 10.871 ; 10.705 ; 11.143 ; 10.946 ;
; B[2]       ; result[6]   ; 12.649 ; 12.533 ; 12.880 ; 12.764 ;
; B[2]       ; result[7]   ; 10.936 ; 10.767 ; 11.208 ; 11.008 ;
; B[3]       ; result[3]   ; 9.627  ; 9.627  ; 9.844  ; 9.811  ;
; B[3]       ; result[4]   ; 10.297 ; 10.117 ; 10.514 ; 10.334 ;
; B[3]       ; result[5]   ; 10.560 ; 10.391 ; 10.735 ; 10.569 ;
; B[3]       ; result[6]   ; 12.325 ; 12.209 ; 12.542 ; 12.426 ;
; B[3]       ; result[7]   ; 10.625 ; 10.453 ; 10.800 ; 10.631 ;
; B[4]       ; result[4]   ; 9.310  ; 9.093  ; 9.566  ; 9.341  ;
; B[4]       ; result[5]   ; 9.779  ; 9.613  ; 10.027 ; 9.861  ;
; B[4]       ; result[6]   ; 11.570 ; 11.454 ; 11.826 ; 11.710 ;
; B[4]       ; result[7]   ; 9.844  ; 9.675  ; 10.092 ; 9.923  ;
; B[5]       ; result[5]   ; 10.290 ; 10.091 ; 10.425 ; 10.257 ;
; B[5]       ; result[6]   ; 12.376 ; 12.260 ; 12.511 ; 12.395 ;
; B[5]       ; result[7]   ; 10.636 ; 10.467 ; 10.812 ; 10.639 ;
; B[6]       ; result[6]   ; 9.678  ; 9.513  ; 9.823  ; 9.658  ;
; B[6]       ; result[7]   ; 8.172  ; 8.003  ; 8.317  ; 8.148  ;
; B[7]       ; result[7]   ; 11.062 ; 10.844 ; 11.273 ; 11.055 ;
; Ci         ; result[0]   ; 10.712 ; 10.470 ; 10.962 ; 10.736 ;
; Ci         ; result[1]   ; 10.892 ; 10.645 ; 11.233 ; 10.983 ;
; Ci         ; result[2]   ; 10.498 ; 10.361 ; 10.748 ; 10.627 ;
; Ci         ; result[3]   ; 10.393 ; 10.395 ; 10.734 ; 10.733 ;
; Ci         ; result[4]   ; 10.833 ; 10.637 ; 11.083 ; 10.903 ;
; Ci         ; result[5]   ; 11.005 ; 10.839 ; 11.346 ; 11.177 ;
; Ci         ; result[6]   ; 12.861 ; 12.729 ; 13.111 ; 12.995 ;
; Ci         ; result[7]   ; 11.070 ; 10.901 ; 11.411 ; 11.239 ;
+------------+-------------+--------+--------+--------+--------+


----------------------------------------------
; Slow 1200mV 85C Model Metastability Report ;
----------------------------------------------
No synchronizer chains to report.


-------------------------------------
; Slow 1200mV 0C Model Fmax Summary ;
-------------------------------------
No paths to report.


--------------------------------------
; Slow 1200mV 0C Model Setup Summary ;
--------------------------------------
No paths to report.


-------------------------------------
; Slow 1200mV 0C Model Hold Summary ;
-------------------------------------
No paths to report.


-----------------------------------------
; Slow 1200mV 0C Model Recovery Summary ;
-----------------------------------------
No paths to report.


----------------------------------------
; Slow 1200mV 0C Model Removal Summary ;
----------------------------------------
No paths to report.


----------------------------------------------------
; Slow 1200mV 0C Model Minimum Pulse Width Summary ;
----------------------------------------------------
No paths to report.


+--------------------------------------------------------------+
; Propagation Delay                                            ;
+------------+-------------+--------+--------+--------+--------+
; Input Port ; Output Port ; RR     ; RF     ; FR     ; FF     ;
+------------+-------------+--------+--------+--------+--------+
; A[0]       ; result[0]   ; 8.810  ; 8.486  ; 9.032  ; 8.563  ;
; A[0]       ; result[1]   ; 9.426  ; 8.976  ; 9.857  ; 9.354  ;
; A[0]       ; result[2]   ; 9.078  ; 8.779  ; 9.237  ; 8.991  ;
; A[0]       ; result[3]   ; 8.836  ; 8.779  ; 9.267  ; 9.157  ;
; A[0]       ; result[4]   ; 9.407  ; 9.013  ; 9.566  ; 9.225  ;
; A[0]       ; result[5]   ; 9.445  ; 9.221  ; 9.876  ; 9.599  ;
; A[0]       ; result[6]   ; 11.291 ; 11.076 ; 11.450 ; 11.288 ;
; A[0]       ; result[7]   ; 9.506  ; 9.275  ; 9.937  ; 9.653  ;
; A[1]       ; result[1]   ; 9.435  ; 8.925  ; 9.571  ; 9.139  ;
; A[1]       ; result[2]   ; 9.487  ; 9.188  ; 9.397  ; 9.151  ;
; A[1]       ; result[3]   ; 9.245  ; 9.188  ; 9.427  ; 9.317  ;
; A[1]       ; result[4]   ; 9.816  ; 9.422  ; 9.726  ; 9.385  ;
; A[1]       ; result[5]   ; 9.854  ; 9.630  ; 10.036 ; 9.759  ;
; A[1]       ; result[6]   ; 11.700 ; 11.485 ; 11.610 ; 11.448 ;
; A[1]       ; result[7]   ; 9.915  ; 9.684  ; 10.097 ; 9.813  ;
; A[2]       ; result[2]   ; 8.578  ; 8.382  ; 8.767  ; 8.426  ;
; A[2]       ; result[3]   ; 8.823  ; 8.766  ; 9.221  ; 9.111  ;
; A[2]       ; result[4]   ; 9.394  ; 9.000  ; 9.520  ; 9.179  ;
; A[2]       ; result[5]   ; 9.432  ; 9.208  ; 9.830  ; 9.553  ;
; A[2]       ; result[6]   ; 11.278 ; 11.063 ; 11.404 ; 11.242 ;
; A[2]       ; result[7]   ; 9.493  ; 9.262  ; 9.891  ; 9.607  ;
; A[3]       ; result[3]   ; 9.672  ; 9.552  ; 9.819  ; 9.791  ;
; A[3]       ; result[4]   ; 10.639 ; 10.245 ; 10.575 ; 10.234 ;
; A[3]       ; result[5]   ; 10.677 ; 10.453 ; 10.885 ; 10.608 ;
; A[3]       ; result[6]   ; 12.523 ; 12.308 ; 12.459 ; 12.297 ;
; A[3]       ; result[7]   ; 10.738 ; 10.507 ; 10.946 ; 10.662 ;
; A[4]       ; result[4]   ; 8.985  ; 8.694  ; 9.237  ; 8.810  ;
; A[4]       ; result[5]   ; 9.507  ; 9.283  ; 9.969  ; 9.692  ;
; A[4]       ; result[6]   ; 11.353 ; 11.138 ; 11.543 ; 11.381 ;
; A[4]       ; result[7]   ; 9.568  ; 9.337  ; 10.030 ; 9.746  ;
; A[5]       ; result[5]   ; 7.295  ; 7.008  ; 7.533  ; 7.338  ;
; A[5]       ; result[6]   ; 9.537  ; 9.322  ; 9.564  ; 9.402  ;
; A[5]       ; result[7]   ; 7.752  ; 7.521  ; 8.051  ; 7.767  ;
; A[6]       ; result[6]   ; 11.040 ; 10.928 ; 11.163 ; 10.915 ;
; A[6]       ; result[7]   ; 9.739  ; 9.508  ; 10.072 ; 9.788  ;
; A[7]       ; result[7]   ; 9.322  ; 9.044  ; 9.494  ; 9.210  ;
; ADDSUB     ; result[0]   ; 9.964  ; 9.537  ; 10.081 ; 9.654  ;
; ADDSUB     ; result[1]   ; 10.703 ; 10.200 ; 10.782 ; 10.279 ;
; ADDSUB     ; result[2]   ; 10.526 ; 10.227 ; 10.604 ; 10.305 ;
; ADDSUB     ; result[3]   ; 10.373 ; 10.263 ; 10.449 ; 10.339 ;
; ADDSUB     ; result[4]   ; 10.855 ; 10.461 ; 10.933 ; 10.539 ;
; ADDSUB     ; result[5]   ; 10.982 ; 10.705 ; 11.058 ; 10.781 ;
; ADDSUB     ; result[6]   ; 12.739 ; 12.524 ; 12.817 ; 12.602 ;
; ADDSUB     ; result[7]   ; 11.472 ; 11.232 ; 11.577 ; 11.337 ;
; B[0]       ; result[0]   ; 10.525 ; 10.121 ; 10.513 ; 10.103 ;
; B[0]       ; result[1]   ; 11.322 ; 10.819 ; 11.310 ; 10.807 ;
; B[0]       ; result[2]   ; 10.704 ; 10.456 ; 10.690 ; 10.444 ;
; B[0]       ; result[3]   ; 10.732 ; 10.622 ; 10.720 ; 10.610 ;
; B[0]       ; result[4]   ; 11.033 ; 10.690 ; 11.019 ; 10.678 ;
; B[0]       ; result[5]   ; 11.341 ; 11.064 ; 11.329 ; 11.052 ;
; B[0]       ; result[6]   ; 12.917 ; 12.753 ; 12.903 ; 12.741 ;
; B[0]       ; result[7]   ; 11.402 ; 11.118 ; 11.390 ; 11.106 ;
; B[1]       ; result[1]   ; 10.517 ; 10.119 ; 10.593 ; 10.195 ;
; B[1]       ; result[2]   ; 10.534 ; 10.235 ; 10.648 ; 10.349 ;
; B[1]       ; result[3]   ; 10.413 ; 10.303 ; 10.489 ; 10.379 ;
; B[1]       ; result[4]   ; 10.863 ; 10.469 ; 10.977 ; 10.583 ;
; B[1]       ; result[5]   ; 11.022 ; 10.745 ; 11.098 ; 10.821 ;
; B[1]       ; result[6]   ; 12.747 ; 12.532 ; 12.861 ; 12.646 ;
; B[1]       ; result[7]   ; 11.083 ; 10.799 ; 11.159 ; 10.875 ;
; B[2]       ; result[2]   ; 9.863  ; 9.587  ; 9.941  ; 9.703  ;
; B[2]       ; result[3]   ; 10.289 ; 10.179 ; 10.367 ; 10.257 ;
; B[2]       ; result[4]   ; 10.590 ; 10.247 ; 10.706 ; 10.325 ;
; B[2]       ; result[5]   ; 10.898 ; 10.621 ; 10.976 ; 10.699 ;
; B[2]       ; result[6]   ; 12.474 ; 12.310 ; 12.590 ; 12.388 ;
; B[2]       ; result[7]   ; 10.959 ; 10.675 ; 11.037 ; 10.753 ;
; B[3]       ; result[3]   ; 9.480  ; 9.409  ; 9.543  ; 9.484  ;
; B[3]       ; result[4]   ; 10.475 ; 10.081 ; 10.538 ; 10.144 ;
; B[3]       ; result[5]   ; 10.513 ; 10.289 ; 10.587 ; 10.352 ;
; B[3]       ; result[6]   ; 12.359 ; 12.144 ; 12.422 ; 12.207 ;
; B[3]       ; result[7]   ; 10.574 ; 10.343 ; 10.648 ; 10.406 ;
; B[4]       ; result[4]   ; 9.115  ; 8.736  ; 9.282  ; 8.897  ;
; B[4]       ; result[5]   ; 9.825  ; 9.548  ; 9.992  ; 9.715  ;
; B[4]       ; result[6]   ; 11.399 ; 11.237 ; 11.566 ; 11.404 ;
; B[4]       ; result[7]   ; 9.886  ; 9.602  ; 10.053 ; 9.769  ;
; B[5]       ; result[5]   ; 10.040 ; 9.839  ; 10.075 ; 9.836  ;
; B[5]       ; result[6]   ; 12.310 ; 12.095 ; 12.345 ; 12.130 ;
; B[5]       ; result[7]   ; 10.561 ; 10.294 ; 10.560 ; 10.329 ;
; B[6]       ; result[6]   ; 9.573  ; 9.363  ; 9.823  ; 9.613  ;
; B[6]       ; result[7]   ; 8.460  ; 8.176  ; 8.710  ; 8.426  ;
; B[7]       ; result[7]   ; 10.966 ; 10.726 ; 11.020 ; 10.780 ;
; Ci         ; result[0]   ; 10.710 ; 10.283 ; 10.901 ; 10.474 ;
; Ci         ; result[1]   ; 10.883 ; 10.389 ; 11.030 ; 10.580 ;
; Ci         ; result[2]   ; 10.491 ; 10.192 ; 10.682 ; 10.383 ;
; Ci         ; result[3]   ; 10.293 ; 10.192 ; 10.440 ; 10.383 ;
; Ci         ; result[4]   ; 10.820 ; 10.426 ; 11.011 ; 10.617 ;
; Ci         ; result[5]   ; 10.902 ; 10.634 ; 11.049 ; 10.825 ;
; Ci         ; result[6]   ; 12.704 ; 12.489 ; 12.895 ; 12.680 ;
; Ci         ; result[7]   ; 10.963 ; 10.688 ; 11.110 ; 10.879 ;
+------------+-------------+--------+--------+--------+--------+


+--------------------------------------------------------------+
; Minimum Propagation Delay                                    ;
+------------+-------------+--------+--------+--------+--------+
; Input Port ; Output Port ; RR     ; RF     ; FR     ; FF     ;
+------------+-------------+--------+--------+--------+--------+
; A[0]       ; result[0]   ; 8.555  ; 8.198  ; 8.725  ; 8.318  ;
; A[0]       ; result[1]   ; 9.073  ; 8.632  ; 9.290  ; 8.818  ;
; A[0]       ; result[2]   ; 8.670  ; 8.393  ; 8.765  ; 8.519  ;
; A[0]       ; result[3]   ; 8.507  ; 8.443  ; 8.724  ; 8.629  ;
; A[0]       ; result[4]   ; 8.987  ; 8.619  ; 9.082  ; 8.745  ;
; A[0]       ; result[5]   ; 9.093  ; 8.868  ; 9.310  ; 9.054  ;
; A[0]       ; result[6]   ; 10.796 ; 10.600 ; 10.891 ; 10.726 ;
; A[0]       ; result[7]   ; 9.152  ; 8.921  ; 9.369  ; 9.107  ;
; A[1]       ; result[1]   ; 9.117  ; 8.684  ; 9.282  ; 8.807  ;
; A[1]       ; result[2]   ; 8.926  ; 8.649  ; 9.028  ; 8.782  ;
; A[1]       ; result[3]   ; 8.763  ; 8.699  ; 8.987  ; 8.892  ;
; A[1]       ; result[4]   ; 9.243  ; 8.875  ; 9.345  ; 9.008  ;
; A[1]       ; result[5]   ; 9.349  ; 9.124  ; 9.573  ; 9.317  ;
; A[1]       ; result[6]   ; 11.052 ; 10.856 ; 11.154 ; 10.989 ;
; A[1]       ; result[7]   ; 9.408  ; 9.177  ; 9.632  ; 9.370  ;
; A[2]       ; result[2]   ; 8.333  ; 8.098  ; 8.470  ; 8.185  ;
; A[2]       ; result[3]   ; 8.494  ; 8.430  ; 8.678  ; 8.583  ;
; A[2]       ; result[4]   ; 8.974  ; 8.606  ; 9.036  ; 8.699  ;
; A[2]       ; result[5]   ; 9.080  ; 8.855  ; 9.264  ; 9.008  ;
; A[2]       ; result[6]   ; 10.783 ; 10.587 ; 10.845 ; 10.680 ;
; A[2]       ; result[7]   ; 9.139  ; 8.908  ; 9.323  ; 9.061  ;
; A[3]       ; result[3]   ; 9.342  ; 9.283  ; 9.528  ; 9.430  ;
; A[3]       ; result[4]   ; 10.034 ; 9.666  ; 10.165 ; 9.828  ;
; A[3]       ; result[5]   ; 10.140 ; 9.915  ; 10.393 ; 10.137 ;
; A[3]       ; result[6]   ; 11.843 ; 11.647 ; 11.974 ; 11.809 ;
; A[3]       ; result[7]   ; 10.199 ; 9.968  ; 10.452 ; 10.190 ;
; A[4]       ; result[4]   ; 8.722  ; 8.398  ; 8.928  ; 8.553  ;
; A[4]       ; result[5]   ; 9.150  ; 8.925  ; 9.394  ; 9.138  ;
; A[4]       ; result[6]   ; 10.853 ; 10.657 ; 10.975 ; 10.810 ;
; A[4]       ; result[7]   ; 9.209  ; 8.978  ; 9.453  ; 9.191  ;
; A[5]       ; result[5]   ; 7.067  ; 6.847  ; 7.342  ; 7.083  ;
; A[5]       ; result[6]   ; 8.982  ; 8.786  ; 9.202  ; 9.037  ;
; A[5]       ; result[7]   ; 7.338  ; 7.107  ; 7.680  ; 7.418  ;
; A[6]       ; result[6]   ; 10.698 ; 10.546 ; 10.777 ; 10.574 ;
; A[6]       ; result[7]   ; 9.376  ; 9.145  ; 9.493  ; 9.231  ;
; A[7]       ; result[7]   ; 9.076  ; 8.807  ; 9.238  ; 8.964  ;
; ADDSUB     ; result[0]   ; 9.371  ; 8.986  ; 9.425  ; 9.057  ;
; ADDSUB     ; result[1]   ; 9.579  ; 9.138  ; 9.697  ; 9.256  ;
; ADDSUB     ; result[2]   ; 9.162  ; 8.899  ; 9.216  ; 8.970  ;
; ADDSUB     ; result[3]   ; 9.013  ; 8.949  ; 9.131  ; 9.067  ;
; ADDSUB     ; result[4]   ; 9.405  ; 9.029  ; 9.505  ; 9.145  ;
; ADDSUB     ; result[5]   ; 9.599  ; 9.374  ; 9.717  ; 9.458  ;
; ADDSUB     ; result[6]   ; 11.224 ; 11.020 ; 11.340 ; 11.136 ;
; ADDSUB     ; result[7]   ; 9.658  ; 9.427  ; 9.776  ; 9.545  ;
; B[0]       ; result[0]   ; 10.148 ; 9.742  ; 10.129 ; 9.723  ;
; B[0]       ; result[1]   ; 10.624 ; 10.183 ; 10.605 ; 10.164 ;
; B[0]       ; result[2]   ; 10.167 ; 9.921  ; 10.153 ; 9.907  ;
; B[0]       ; result[3]   ; 10.058 ; 9.994  ; 10.039 ; 9.975  ;
; B[0]       ; result[4]   ; 10.484 ; 10.147 ; 10.470 ; 10.133 ;
; B[0]       ; result[5]   ; 10.644 ; 10.419 ; 10.625 ; 10.400 ;
; B[0]       ; result[6]   ; 12.293 ; 12.128 ; 12.279 ; 12.114 ;
; B[0]       ; result[7]   ; 10.703 ; 10.472 ; 10.684 ; 10.453 ;
; B[1]       ; result[1]   ; 10.101 ; 9.626  ; 10.214 ; 9.739  ;
; B[1]       ; result[2]   ; 9.933  ; 9.656  ; 10.046 ; 9.769  ;
; B[1]       ; result[3]   ; 9.770  ; 9.706  ; 9.883  ; 9.819  ;
; B[1]       ; result[4]   ; 10.250 ; 9.882  ; 10.363 ; 9.995  ;
; B[1]       ; result[5]   ; 10.356 ; 10.131 ; 10.469 ; 10.244 ;
; B[1]       ; result[6]   ; 12.059 ; 11.863 ; 12.172 ; 11.976 ;
; B[1]       ; result[7]   ; 10.415 ; 10.184 ; 10.528 ; 10.297 ;
; B[2]       ; result[2]   ; 9.509  ; 9.225  ; 9.600  ; 9.339  ;
; B[2]       ; result[3]   ; 9.628  ; 9.564  ; 9.742  ; 9.678  ;
; B[2]       ; result[4]   ; 10.053 ; 9.716  ; 10.131 ; 9.794  ;
; B[2]       ; result[5]   ; 10.214 ; 9.989  ; 10.328 ; 10.103 ;
; B[2]       ; result[6]   ; 11.862 ; 11.697 ; 11.940 ; 11.775 ;
; B[2]       ; result[7]   ; 10.273 ; 10.042 ; 10.387 ; 10.156 ;
; B[3]       ; result[3]   ; 9.060  ; 8.988  ; 9.127  ; 9.029  ;
; B[3]       ; result[4]   ; 9.739  ; 9.402  ; 9.825  ; 9.486  ;
; B[3]       ; result[5]   ; 9.919  ; 9.694  ; 9.960  ; 9.735  ;
; B[3]       ; result[6]   ; 11.548 ; 11.383 ; 11.634 ; 11.467 ;
; B[3]       ; result[7]   ; 9.978  ; 9.747  ; 10.019 ; 9.788  ;
; B[4]       ; result[4]   ; 8.786  ; 8.410  ; 8.943  ; 8.567  ;
; B[4]       ; result[5]   ; 9.165  ; 8.940  ; 9.322  ; 9.097  ;
; B[4]       ; result[6]   ; 10.832 ; 10.667 ; 10.994 ; 10.829 ;
; B[4]       ; result[7]   ; 9.224  ; 8.993  ; 9.381  ; 9.150  ;
; B[5]       ; result[5]   ; 9.690  ; 9.431  ; 9.712  ; 9.468  ;
; B[5]       ; result[6]   ; 11.613 ; 11.444 ; 11.614 ; 11.449 ;
; B[5]       ; result[7]   ; 9.996  ; 9.765  ; 10.033 ; 9.802  ;
; B[6]       ; result[6]   ; 9.159  ; 8.955  ; 9.397  ; 9.193  ;
; B[6]       ; result[7]   ; 7.788  ; 7.557  ; 8.026  ; 7.795  ;
; B[7]       ; result[7]   ; 10.356 ; 10.086 ; 10.444 ; 10.174 ;
; Ci         ; result[0]   ; 10.089 ; 9.703  ; 10.194 ; 9.826  ;
; Ci         ; result[1]   ; 10.296 ; 9.855  ; 10.486 ; 10.038 ;
; Ci         ; result[2]   ; 9.880  ; 9.616  ; 9.985  ; 9.739  ;
; Ci         ; result[3]   ; 9.730  ; 9.666  ; 9.920  ; 9.849  ;
; Ci         ; result[4]   ; 10.197 ; 9.842  ; 10.302 ; 9.965  ;
; Ci         ; result[5]   ; 10.316 ; 10.091 ; 10.506 ; 10.274 ;
; Ci         ; result[6]   ; 12.006 ; 11.823 ; 12.111 ; 11.946 ;
; Ci         ; result[7]   ; 10.375 ; 10.144 ; 10.565 ; 10.327 ;
+------------+-------------+--------+--------+--------+--------+


---------------------------------------------
; Slow 1200mV 0C Model Metastability Report ;
---------------------------------------------
No synchronizer chains to report.


--------------------------------------
; Fast 1200mV 0C Model Setup Summary ;
--------------------------------------
No paths to report.


-------------------------------------
; Fast 1200mV 0C Model Hold Summary ;
-------------------------------------
No paths to report.


-----------------------------------------
; Fast 1200mV 0C Model Recovery Summary ;
-----------------------------------------
No paths to report.


----------------------------------------
; Fast 1200mV 0C Model Removal Summary ;
----------------------------------------
No paths to report.


----------------------------------------------------
; Fast 1200mV 0C Model Minimum Pulse Width Summary ;
----------------------------------------------------
No paths to report.


+----------------------------------------------------------+
; Propagation Delay                                        ;
+------------+-------------+-------+-------+-------+-------+
; Input Port ; Output Port ; RR    ; RF    ; FR    ; FF    ;
+------------+-------------+-------+-------+-------+-------+
; A[0]       ; result[0]   ; 4.375 ; 4.573 ; 4.993 ; 5.118 ;
; A[0]       ; result[1]   ; 4.622 ; 4.795 ; 5.332 ; 5.480 ;
; A[0]       ; result[2]   ; 4.542 ; 4.665 ; 5.142 ; 5.290 ;
; A[0]       ; result[3]   ; 4.547 ; 4.733 ; 5.257 ; 5.418 ;
; A[0]       ; result[4]   ; 4.655 ; 4.783 ; 5.255 ; 5.408 ;
; A[0]       ; result[5]   ; 4.776 ; 4.898 ; 5.486 ; 5.583 ;
; A[0]       ; result[6]   ; 5.862 ; 6.204 ; 6.462 ; 6.829 ;
; A[0]       ; result[7]   ; 4.787 ; 4.922 ; 5.497 ; 5.607 ;
; A[1]       ; result[1]   ; 4.671 ; 4.814 ; 5.286 ; 5.457 ;
; A[1]       ; result[2]   ; 4.781 ; 4.904 ; 5.287 ; 5.435 ;
; A[1]       ; result[3]   ; 4.786 ; 4.972 ; 5.402 ; 5.563 ;
; A[1]       ; result[4]   ; 4.894 ; 5.022 ; 5.400 ; 5.553 ;
; A[1]       ; result[5]   ; 5.015 ; 5.137 ; 5.631 ; 5.728 ;
; A[1]       ; result[6]   ; 6.101 ; 6.443 ; 6.607 ; 6.974 ;
; A[1]       ; result[7]   ; 5.026 ; 5.161 ; 5.642 ; 5.752 ;
; A[2]       ; result[2]   ; 4.298 ; 4.467 ; 4.920 ; 5.016 ;
; A[2]       ; result[3]   ; 4.520 ; 4.706 ; 5.234 ; 5.395 ;
; A[2]       ; result[4]   ; 4.628 ; 4.756 ; 5.232 ; 5.385 ;
; A[2]       ; result[5]   ; 4.749 ; 4.871 ; 5.463 ; 5.560 ;
; A[2]       ; result[6]   ; 5.835 ; 6.177 ; 6.439 ; 6.806 ;
; A[2]       ; result[7]   ; 4.760 ; 4.895 ; 5.474 ; 5.584 ;
; A[3]       ; result[3]   ; 4.987 ; 5.143 ; 5.705 ; 5.892 ;
; A[3]       ; result[4]   ; 5.286 ; 5.414 ; 5.896 ; 6.049 ;
; A[3]       ; result[5]   ; 5.407 ; 5.529 ; 6.127 ; 6.224 ;
; A[3]       ; result[6]   ; 6.493 ; 6.835 ; 7.103 ; 7.470 ;
; A[3]       ; result[7]   ; 5.418 ; 5.553 ; 6.138 ; 6.248 ;
; A[4]       ; result[4]   ; 4.506 ; 4.679 ; 5.162 ; 5.266 ;
; A[4]       ; result[5]   ; 4.843 ; 4.965 ; 5.591 ; 5.688 ;
; A[4]       ; result[6]   ; 5.929 ; 6.271 ; 6.567 ; 6.934 ;
; A[4]       ; result[7]   ; 4.854 ; 4.989 ; 5.602 ; 5.712 ;
; A[5]       ; result[5]   ; 3.648 ; 3.740 ; 3.918 ; 4.041 ;
; A[5]       ; result[6]   ; 4.925 ; 5.267 ; 5.087 ; 5.454 ;
; A[5]       ; result[7]   ; 3.850 ; 3.985 ; 4.122 ; 4.232 ;
; A[6]       ; result[6]   ; 5.711 ; 6.098 ; 6.353 ; 6.671 ;
; A[6]       ; result[7]   ; 4.852 ; 4.987 ; 5.586 ; 5.696 ;
; A[7]       ; result[7]   ; 4.721 ; 4.837 ; 5.368 ; 5.477 ;
; ADDSUB     ; result[0]   ; 4.900 ; 5.052 ; 5.528 ; 5.680 ;
; ADDSUB     ; result[1]   ; 5.178 ; 5.326 ; 5.771 ; 5.919 ;
; ADDSUB     ; result[2]   ; 5.241 ; 5.364 ; 5.851 ; 5.974 ;
; ADDSUB     ; result[3]   ; 5.246 ; 5.432 ; 5.856 ; 6.042 ;
; ADDSUB     ; result[4]   ; 5.354 ; 5.482 ; 5.964 ; 6.092 ;
; ADDSUB     ; result[5]   ; 5.475 ; 5.597 ; 6.085 ; 6.207 ;
; ADDSUB     ; result[6]   ; 6.561 ; 6.903 ; 7.171 ; 7.513 ;
; ADDSUB     ; result[7]   ; 5.746 ; 5.860 ; 6.390 ; 6.504 ;
; B[0]       ; result[0]   ; 5.110 ; 5.288 ; 5.753 ; 5.931 ;
; B[0]       ; result[1]   ; 5.413 ; 5.561 ; 6.063 ; 6.211 ;
; B[0]       ; result[2]   ; 5.253 ; 5.376 ; 5.896 ; 6.021 ;
; B[0]       ; result[3]   ; 5.338 ; 5.499 ; 5.988 ; 6.149 ;
; B[0]       ; result[4]   ; 5.366 ; 5.494 ; 6.009 ; 6.139 ;
; B[0]       ; result[5]   ; 5.567 ; 5.664 ; 6.217 ; 6.314 ;
; B[0]       ; result[6]   ; 6.573 ; 6.915 ; 7.216 ; 7.560 ;
; B[0]       ; result[7]   ; 5.578 ; 5.688 ; 6.228 ; 6.338 ;
; B[1]       ; result[1]   ; 5.135 ; 5.259 ; 5.767 ; 5.891 ;
; B[1]       ; result[2]   ; 5.253 ; 5.376 ; 5.885 ; 6.008 ;
; B[1]       ; result[3]   ; 5.258 ; 5.444 ; 5.890 ; 6.076 ;
; B[1]       ; result[4]   ; 5.366 ; 5.494 ; 5.998 ; 6.126 ;
; B[1]       ; result[5]   ; 5.487 ; 5.609 ; 6.119 ; 6.241 ;
; B[1]       ; result[6]   ; 6.573 ; 6.915 ; 7.205 ; 7.547 ;
; B[1]       ; result[7]   ; 5.498 ; 5.633 ; 6.130 ; 6.265 ;
; B[2]       ; result[2]   ; 4.898 ; 5.047 ; 5.538 ; 5.687 ;
; B[2]       ; result[3]   ; 5.180 ; 5.341 ; 5.802 ; 5.963 ;
; B[2]       ; result[4]   ; 5.204 ; 5.332 ; 5.844 ; 5.972 ;
; B[2]       ; result[5]   ; 5.409 ; 5.506 ; 6.031 ; 6.128 ;
; B[2]       ; result[6]   ; 6.411 ; 6.753 ; 7.051 ; 7.393 ;
; B[2]       ; result[7]   ; 5.420 ; 5.530 ; 6.042 ; 6.152 ;
; B[3]       ; result[3]   ; 4.841 ; 4.973 ; 5.432 ; 5.571 ;
; B[3]       ; result[4]   ; 5.148 ; 5.276 ; 5.739 ; 5.867 ;
; B[3]       ; result[5]   ; 5.269 ; 5.391 ; 5.860 ; 5.982 ;
; B[3]       ; result[6]   ; 6.355 ; 6.697 ; 6.946 ; 7.288 ;
; B[3]       ; result[7]   ; 5.280 ; 5.415 ; 5.871 ; 6.006 ;
; B[4]       ; result[4]   ; 4.517 ; 4.669 ; 5.077 ; 5.229 ;
; B[4]       ; result[5]   ; 4.910 ; 5.007 ; 5.477 ; 5.574 ;
; B[4]       ; result[6]   ; 5.916 ; 6.258 ; 6.476 ; 6.820 ;
; B[4]       ; result[7]   ; 4.921 ; 5.031 ; 5.488 ; 5.598 ;
; B[5]       ; result[5]   ; 5.030 ; 5.105 ; 5.626 ; 5.694 ;
; B[5]       ; result[6]   ; 6.315 ; 6.657 ; 6.911 ; 7.253 ;
; B[5]       ; result[7]   ; 5.240 ; 5.375 ; 5.836 ; 5.971 ;
; B[6]       ; result[6]   ; 4.914 ; 5.280 ; 5.195 ; 5.561 ;
; B[6]       ; result[7]   ; 4.104 ; 4.214 ; 4.392 ; 4.502 ;
; B[7]       ; result[7]   ; 5.479 ; 5.593 ; 6.061 ; 6.175 ;
; Ci         ; result[0]   ; 5.309 ; 5.461 ; 6.039 ; 6.191 ;
; Ci         ; result[1]   ; 5.343 ; 5.512 ; 6.069 ; 6.242 ;
; Ci         ; result[2]   ; 5.259 ; 5.382 ; 5.989 ; 6.112 ;
; Ci         ; result[3]   ; 5.268 ; 5.450 ; 5.994 ; 6.180 ;
; Ci         ; result[4]   ; 5.372 ; 5.500 ; 6.102 ; 6.230 ;
; Ci         ; result[5]   ; 5.497 ; 5.615 ; 6.223 ; 6.345 ;
; Ci         ; result[6]   ; 6.579 ; 6.921 ; 7.309 ; 7.651 ;
; Ci         ; result[7]   ; 5.508 ; 5.639 ; 6.234 ; 6.369 ;
+------------+-------------+-------+-------+-------+-------+


+----------------------------------------------------------+
; Minimum Propagation Delay                                ;
+------------+-------------+-------+-------+-------+-------+
; Input Port ; Output Port ; RR    ; RF    ; FR    ; FF    ;
+------------+-------------+-------+-------+-------+-------+
; A[0]       ; result[0]   ; 4.256 ; 4.417 ; 4.830 ; 4.973 ;
; A[0]       ; result[1]   ; 4.454 ; 4.617 ; 5.062 ; 5.210 ;
; A[0]       ; result[2]   ; 4.354 ; 4.478 ; 4.902 ; 5.041 ;
; A[0]       ; result[3]   ; 4.382 ; 4.558 ; 4.990 ; 5.151 ;
; A[0]       ; result[4]   ; 4.464 ; 4.593 ; 5.012 ; 5.156 ;
; A[0]       ; result[5]   ; 4.602 ; 4.717 ; 5.210 ; 5.310 ;
; A[0]       ; result[6]   ; 5.623 ; 5.957 ; 6.171 ; 6.520 ;
; A[0]       ; result[7]   ; 4.614 ; 4.740 ; 5.222 ; 5.333 ;
; A[1]       ; result[1]   ; 4.520 ; 4.676 ; 5.130 ; 5.270 ;
; A[1]       ; result[2]   ; 4.515 ; 4.639 ; 5.099 ; 5.238 ;
; A[1]       ; result[3]   ; 4.543 ; 4.719 ; 5.187 ; 5.348 ;
; A[1]       ; result[4]   ; 4.625 ; 4.754 ; 5.209 ; 5.353 ;
; A[1]       ; result[5]   ; 4.763 ; 4.878 ; 5.407 ; 5.507 ;
; A[1]       ; result[6]   ; 5.784 ; 6.118 ; 6.368 ; 6.717 ;
; A[1]       ; result[7]   ; 4.775 ; 4.901 ; 5.419 ; 5.530 ;
; A[2]       ; result[2]   ; 4.182 ; 4.315 ; 4.759 ; 4.874 ;
; A[2]       ; result[3]   ; 4.356 ; 4.532 ; 4.967 ; 5.128 ;
; A[2]       ; result[4]   ; 4.438 ; 4.567 ; 4.989 ; 5.133 ;
; A[2]       ; result[5]   ; 4.576 ; 4.691 ; 5.187 ; 5.287 ;
; A[2]       ; result[6]   ; 5.597 ; 5.931 ; 6.148 ; 6.497 ;
; A[2]       ; result[7]   ; 4.588 ; 4.714 ; 5.199 ; 5.310 ;
; A[3]       ; result[3]   ; 4.823 ; 4.990 ; 5.541 ; 5.692 ;
; A[3]       ; result[4]   ; 5.000 ; 5.129 ; 5.689 ; 5.833 ;
; A[3]       ; result[5]   ; 5.138 ; 5.253 ; 5.887 ; 5.987 ;
; A[3]       ; result[6]   ; 6.159 ; 6.493 ; 6.848 ; 7.197 ;
; A[3]       ; result[7]   ; 5.150 ; 5.276 ; 5.899 ; 6.010 ;
; A[4]       ; result[4]   ; 4.382 ; 4.520 ; 5.000 ; 5.119 ;
; A[4]       ; result[5]   ; 4.666 ; 4.781 ; 5.309 ; 5.409 ;
; A[4]       ; result[6]   ; 5.687 ; 6.021 ; 6.270 ; 6.619 ;
; A[4]       ; result[7]   ; 4.678 ; 4.804 ; 5.321 ; 5.432 ;
; A[5]       ; result[5]   ; 3.540 ; 3.646 ; 3.828 ; 3.918 ;
; A[5]       ; result[6]   ; 4.656 ; 4.990 ; 4.915 ; 5.264 ;
; A[5]       ; result[7]   ; 3.647 ; 3.773 ; 3.966 ; 4.077 ;
; A[6]       ; result[6]   ; 5.537 ; 5.880 ; 6.144 ; 6.468 ;
; A[6]       ; result[7]   ; 4.674 ; 4.800 ; 5.306 ; 5.417 ;
; A[7]       ; result[7]   ; 4.593 ; 4.705 ; 5.231 ; 5.336 ;
; ADDSUB     ; result[0]   ; 4.619 ; 4.781 ; 5.207 ; 5.374 ;
; ADDSUB     ; result[1]   ; 4.681 ; 4.844 ; 5.302 ; 5.465 ;
; ADDSUB     ; result[2]   ; 4.571 ; 4.705 ; 5.159 ; 5.298 ;
; ADDSUB     ; result[3]   ; 4.601 ; 4.770 ; 5.184 ; 5.353 ;
; ADDSUB     ; result[4]   ; 4.615 ; 4.753 ; 5.198 ; 5.336 ;
; ADDSUB     ; result[5]   ; 4.803 ; 4.911 ; 5.416 ; 5.524 ;
; ADDSUB     ; result[6]   ; 5.777 ; 6.120 ; 6.360 ; 6.703 ;
; ADDSUB     ; result[7]   ; 4.841 ; 4.967 ; 5.462 ; 5.588 ;
; B[0]       ; result[0]   ; 4.911 ; 5.072 ; 5.552 ; 5.713 ;
; B[0]       ; result[1]   ; 5.119 ; 5.267 ; 5.760 ; 5.908 ;
; B[0]       ; result[2]   ; 4.959 ; 5.098 ; 5.600 ; 5.739 ;
; B[0]       ; result[3]   ; 5.047 ; 5.208 ; 5.688 ; 5.849 ;
; B[0]       ; result[4]   ; 5.069 ; 5.213 ; 5.710 ; 5.854 ;
; B[0]       ; result[5]   ; 5.267 ; 5.367 ; 5.908 ; 6.008 ;
; B[0]       ; result[6]   ; 6.228 ; 6.577 ; 6.869 ; 7.218 ;
; B[0]       ; result[7]   ; 5.279 ; 5.390 ; 5.920 ; 6.031 ;
; B[1]       ; result[1]   ; 4.919 ; 5.073 ; 5.522 ; 5.676 ;
; B[1]       ; result[2]   ; 4.904 ; 5.043 ; 5.507 ; 5.646 ;
; B[1]       ; result[3]   ; 4.992 ; 5.153 ; 5.595 ; 5.756 ;
; B[1]       ; result[4]   ; 5.014 ; 5.158 ; 5.617 ; 5.761 ;
; B[1]       ; result[5]   ; 5.212 ; 5.312 ; 5.815 ; 5.915 ;
; B[1]       ; result[6]   ; 6.173 ; 6.522 ; 6.776 ; 7.125 ;
; B[1]       ; result[7]   ; 5.224 ; 5.335 ; 5.827 ; 5.938 ;
; B[2]       ; result[2]   ; 4.715 ; 4.848 ; 5.326 ; 5.459 ;
; B[2]       ; result[3]   ; 4.899 ; 5.060 ; 5.510 ; 5.671 ;
; B[2]       ; result[4]   ; 4.921 ; 5.065 ; 5.532 ; 5.676 ;
; B[2]       ; result[5]   ; 5.119 ; 5.219 ; 5.730 ; 5.830 ;
; B[2]       ; result[6]   ; 6.080 ; 6.429 ; 6.691 ; 7.040 ;
; B[2]       ; result[7]   ; 5.131 ; 5.242 ; 5.742 ; 5.853 ;
; B[3]       ; result[3]   ; 4.592 ; 4.761 ; 5.181 ; 5.350 ;
; B[3]       ; result[4]   ; 4.759 ; 4.903 ; 5.348 ; 5.492 ;
; B[3]       ; result[5]   ; 4.957 ; 5.057 ; 5.545 ; 5.646 ;
; B[3]       ; result[6]   ; 5.918 ; 6.267 ; 6.507 ; 6.856 ;
; B[3]       ; result[7]   ; 4.969 ; 5.080 ; 5.557 ; 5.669 ;
; B[4]       ; result[4]   ; 4.344 ; 4.482 ; 4.904 ; 5.042 ;
; B[4]       ; result[5]   ; 4.638 ; 4.738 ; 5.198 ; 5.298 ;
; B[4]       ; result[6]   ; 5.599 ; 5.948 ; 6.159 ; 6.508 ;
; B[4]       ; result[7]   ; 4.650 ; 4.761 ; 5.210 ; 5.321 ;
; B[5]       ; result[5]   ; 4.821 ; 4.929 ; 5.389 ; 5.497 ;
; B[5]       ; result[6]   ; 5.927 ; 6.276 ; 6.495 ; 6.844 ;
; B[5]       ; result[7]   ; 4.978 ; 5.089 ; 5.546 ; 5.657 ;
; B[6]       ; result[6]   ; 4.721 ; 5.064 ; 5.012 ; 5.355 ;
; B[6]       ; result[7]   ; 3.868 ; 3.979 ; 4.159 ; 4.270 ;
; B[7]       ; result[7]   ; 5.161 ; 5.280 ; 5.718 ; 5.837 ;
; Ci         ; result[0]   ; 5.013 ; 5.175 ; 5.692 ; 5.859 ;
; Ci         ; result[1]   ; 5.075 ; 5.238 ; 5.794 ; 5.952 ;
; Ci         ; result[2]   ; 4.965 ; 5.099 ; 5.644 ; 5.783 ;
; Ci         ; result[3]   ; 5.003 ; 5.179 ; 5.722 ; 5.893 ;
; Ci         ; result[4]   ; 5.075 ; 5.214 ; 5.754 ; 5.898 ;
; Ci         ; result[5]   ; 5.223 ; 5.338 ; 5.942 ; 6.052 ;
; Ci         ; result[6]   ; 6.234 ; 6.578 ; 6.913 ; 7.262 ;
; Ci         ; result[7]   ; 5.235 ; 5.361 ; 5.954 ; 6.075 ;
+------------+-------------+-------+-------+-------+-------+


---------------------------------------------
; Fast 1200mV 0C Model Metastability Report ;
---------------------------------------------
No synchronizer chains to report.


+----------------------------------------------------------------------------+
; Multicorner Timing Analysis Summary                                        ;
+------------------+-------+------+----------+---------+---------------------+
; Clock            ; Setup ; Hold ; Recovery ; Removal ; Minimum Pulse Width ;
+------------------+-------+------+----------+---------+---------------------+
; Worst-case Slack ; N/A   ; N/A  ; N/A      ; N/A     ; N/A                 ;
; Design-wide TNS  ; 0.0   ; 0.0  ; 0.0      ; 0.0     ; 0.0                 ;
+------------------+-------+------+----------+---------+---------------------+


+--------------------------------------------------------------+
; Progagation Delay                                            ;
+------------+-------------+--------+--------+--------+--------+
; Input Port ; Output Port ; RR     ; RF     ; FR     ; FF     ;
+------------+-------------+--------+--------+--------+--------+
; A[0]       ; result[0]   ; 9.335  ; 9.158  ; 9.678  ; 9.345  ;
; A[0]       ; result[1]   ; 9.970  ; 9.724  ; 10.545 ; 10.237 ;
; A[0]       ; result[2]   ; 9.657  ; 9.480  ; 9.930  ; 9.815  ;
; A[0]       ; result[3]   ; 9.451  ; 9.465  ; 10.026 ; 9.978  ;
; A[0]       ; result[4]   ; 10.006 ; 9.768  ; 10.279 ; 10.103 ;
; A[0]       ; result[5]   ; 10.089 ; 9.927  ; 10.664 ; 10.440 ;
; A[0]       ; result[6]   ; 12.119 ; 11.948 ; 12.392 ; 12.283 ;
; A[0]       ; result[7]   ; 10.157 ; 9.993  ; 10.732 ; 10.506 ;
; A[1]       ; result[1]   ; 9.960  ; 9.651  ; 10.208 ; 9.968  ;
; A[1]       ; result[2]   ; 10.102 ; 9.925  ; 10.086 ; 9.971  ;
; A[1]       ; result[3]   ; 9.896  ; 9.910  ; 10.182 ; 10.134 ;
; A[1]       ; result[4]   ; 10.451 ; 10.213 ; 10.435 ; 10.259 ;
; A[1]       ; result[5]   ; 10.534 ; 10.372 ; 10.820 ; 10.596 ;
; A[1]       ; result[6]   ; 12.564 ; 12.393 ; 12.548 ; 12.439 ;
; A[1]       ; result[7]   ; 10.602 ; 10.438 ; 10.888 ; 10.662 ;
; A[2]       ; result[2]   ; 9.086  ; 9.018  ; 9.399  ; 9.175  ;
; A[2]       ; result[3]   ; 9.425  ; 9.439  ; 9.970  ; 9.922  ;
; A[2]       ; result[4]   ; 9.980  ; 9.742  ; 10.223 ; 10.047 ;
; A[2]       ; result[5]   ; 10.063 ; 9.901  ; 10.608 ; 10.384 ;
; A[2]       ; result[6]   ; 12.093 ; 11.922 ; 12.336 ; 12.227 ;
; A[2]       ; result[7]   ; 10.131 ; 9.967  ; 10.676 ; 10.450 ;
; A[3]       ; result[3]   ; 10.300 ; 10.247 ; 10.611 ; 10.644 ;
; A[3]       ; result[4]   ; 11.306 ; 11.068 ; 11.369 ; 11.193 ;
; A[3]       ; result[5]   ; 11.389 ; 11.227 ; 11.754 ; 11.530 ;
; A[3]       ; result[6]   ; 13.419 ; 13.248 ; 13.482 ; 13.373 ;
; A[3]       ; result[7]   ; 11.457 ; 11.293 ; 11.822 ; 11.596 ;
; A[4]       ; result[4]   ; 9.517  ; 9.390  ; 9.875  ; 9.600  ;
; A[4]       ; result[5]   ; 10.145 ; 9.983  ; 10.734 ; 10.510 ;
; A[4]       ; result[6]   ; 12.175 ; 12.004 ; 12.462 ; 12.353 ;
; A[4]       ; result[7]   ; 10.213 ; 10.049 ; 10.802 ; 10.576 ;
; A[5]       ; result[5]   ; 7.619  ; 7.390  ; 7.742  ; 7.599  ;
; A[5]       ; result[6]   ; 10.100 ; 9.929  ; 9.975  ; 9.866  ;
; A[5]       ; result[7]   ; 8.138  ; 7.974  ; 8.315  ; 8.089  ;
; A[6]       ; result[6]   ; 11.769 ; 11.709 ; 12.054 ; 11.846 ;
; A[6]       ; result[7]   ; 10.352 ; 10.188 ; 10.868 ; 10.642 ;
; A[7]       ; result[7]   ; 9.910  ; 9.692  ; 10.191 ; 9.966  ;
; ADDSUB     ; result[0]   ; 10.584 ; 10.298 ; 10.848 ; 10.562 ;
; ADDSUB     ; result[1]   ; 11.316 ; 11.008 ; 11.532 ; 11.224 ;
; ADDSUB     ; result[2]   ; 11.221 ; 11.044 ; 11.447 ; 11.270 ;
; ADDSUB     ; result[3]   ; 11.043 ; 11.029 ; 11.268 ; 11.255 ;
; ADDSUB     ; result[4]   ; 11.570 ; 11.332 ; 11.796 ; 11.558 ;
; ADDSUB     ; result[5]   ; 11.681 ; 11.491 ; 11.906 ; 11.717 ;
; ADDSUB     ; result[6]   ; 13.683 ; 13.512 ; 13.909 ; 13.738 ;
; ADDSUB     ; result[7]   ; 12.129 ; 11.948 ; 12.409 ; 12.228 ;
; B[0]       ; result[0]   ; 11.107 ; 10.882 ; 11.280 ; 11.048 ;
; B[0]       ; result[1]   ; 11.950 ; 11.642 ; 12.123 ; 11.815 ;
; B[0]       ; result[2]   ; 11.369 ; 11.220 ; 11.535 ; 11.393 ;
; B[0]       ; result[3]   ; 11.431 ; 11.383 ; 11.604 ; 11.556 ;
; B[0]       ; result[4]   ; 11.718 ; 11.508 ; 11.884 ; 11.681 ;
; B[0]       ; result[5]   ; 12.069 ; 11.845 ; 12.242 ; 12.018 ;
; B[0]       ; result[6]   ; 13.831 ; 13.688 ; 13.997 ; 13.861 ;
; B[0]       ; result[7]   ; 12.137 ; 11.911 ; 12.310 ; 12.084 ;
; B[1]       ; result[1]   ; 11.072 ; 10.864 ; 11.345 ; 11.094 ;
; B[1]       ; result[2]   ; 11.233 ; 11.056 ; 11.506 ; 11.329 ;
; B[1]       ; result[3]   ; 11.087 ; 11.041 ; 11.317 ; 11.314 ;
; B[1]       ; result[4]   ; 11.582 ; 11.344 ; 11.855 ; 11.617 ;
; B[1]       ; result[5]   ; 11.725 ; 11.503 ; 11.955 ; 11.776 ;
; B[1]       ; result[6]   ; 13.695 ; 13.524 ; 13.968 ; 13.797 ;
; B[1]       ; result[7]   ; 11.793 ; 11.569 ; 12.023 ; 11.842 ;
; B[2]       ; result[2]   ; 10.420 ; 10.302 ; 10.678 ; 10.583 ;
; B[2]       ; result[3]   ; 10.967 ; 10.919 ; 11.205 ; 11.157 ;
; B[2]       ; result[4]   ; 11.252 ; 11.044 ; 11.533 ; 11.295 ;
; B[2]       ; result[5]   ; 11.605 ; 11.381 ; 11.843 ; 11.619 ;
; B[2]       ; result[6]   ; 13.365 ; 13.224 ; 13.646 ; 13.475 ;
; B[2]       ; result[7]   ; 11.673 ; 11.447 ; 11.911 ; 11.685 ;
; B[3]       ; result[3]   ; 10.114 ; 10.071 ; 10.318 ; 10.290 ;
; B[3]       ; result[4]   ; 11.144 ; 10.906 ; 11.348 ; 11.110 ;
; B[3]       ; result[5]   ; 11.227 ; 11.065 ; 11.431 ; 11.269 ;
; B[3]       ; result[6]   ; 13.257 ; 13.086 ; 13.461 ; 13.290 ;
; B[3]       ; result[7]   ; 11.295 ; 11.131 ; 11.499 ; 11.335 ;
; B[4]       ; result[4]   ; 9.642  ; 9.457  ; 9.907  ; 9.715  ;
; B[4]       ; result[5]   ; 10.482 ; 10.258 ; 10.747 ; 10.523 ;
; B[4]       ; result[6]   ; 12.233 ; 12.101 ; 12.491 ; 12.366 ;
; B[4]       ; result[7]   ; 10.550 ; 10.324 ; 10.815 ; 10.589 ;
; B[5]       ; result[5]   ; 10.686 ; 10.503 ; 10.867 ; 10.641 ;
; B[5]       ; result[6]   ; 13.191 ; 13.020 ; 13.372 ; 13.201 ;
; B[5]       ; result[7]   ; 11.231 ; 11.065 ; 11.410 ; 11.246 ;
; B[6]       ; result[6]   ; 10.050 ; 9.887  ; 10.206 ; 10.043 ;
; B[6]       ; result[7]   ; 8.845  ; 8.619  ; 9.001  ; 8.775  ;
; B[7]       ; result[7]   ; 11.596 ; 11.415 ; 11.774 ; 11.593 ;
; Ci         ; result[0]   ; 11.411 ; 11.125 ; 11.756 ; 11.470 ;
; Ci         ; result[1]   ; 11.546 ; 11.255 ; 11.846 ; 11.600 ;
; Ci         ; result[2]   ; 11.188 ; 11.011 ; 11.533 ; 11.356 ;
; Ci         ; result[3]   ; 11.027 ; 10.996 ; 11.327 ; 11.341 ;
; Ci         ; result[4]   ; 11.537 ; 11.299 ; 11.882 ; 11.644 ;
; Ci         ; result[5]   ; 11.665 ; 11.458 ; 11.965 ; 11.803 ;
; Ci         ; result[6]   ; 13.650 ; 13.479 ; 13.995 ; 13.824 ;
; Ci         ; result[7]   ; 11.733 ; 11.524 ; 12.033 ; 11.869 ;
+------------+-------------+--------+--------+--------+--------+


+----------------------------------------------------------+
; Minimum Progagation Delay                                ;
+------------+-------------+-------+-------+-------+-------+
; Input Port ; Output Port ; RR    ; RF    ; FR    ; FF    ;
+------------+-------------+-------+-------+-------+-------+
; A[0]       ; result[0]   ; 4.256 ; 4.417 ; 4.830 ; 4.973 ;
; A[0]       ; result[1]   ; 4.454 ; 4.617 ; 5.062 ; 5.210 ;
; A[0]       ; result[2]   ; 4.354 ; 4.478 ; 4.902 ; 5.041 ;
; A[0]       ; result[3]   ; 4.382 ; 4.558 ; 4.990 ; 5.151 ;
; A[0]       ; result[4]   ; 4.464 ; 4.593 ; 5.012 ; 5.156 ;
; A[0]       ; result[5]   ; 4.602 ; 4.717 ; 5.210 ; 5.310 ;
; A[0]       ; result[6]   ; 5.623 ; 5.957 ; 6.171 ; 6.520 ;
; A[0]       ; result[7]   ; 4.614 ; 4.740 ; 5.222 ; 5.333 ;
; A[1]       ; result[1]   ; 4.520 ; 4.676 ; 5.130 ; 5.270 ;
; A[1]       ; result[2]   ; 4.515 ; 4.639 ; 5.099 ; 5.238 ;
; A[1]       ; result[3]   ; 4.543 ; 4.719 ; 5.187 ; 5.348 ;
; A[1]       ; result[4]   ; 4.625 ; 4.754 ; 5.209 ; 5.353 ;
; A[1]       ; result[5]   ; 4.763 ; 4.878 ; 5.407 ; 5.507 ;
; A[1]       ; result[6]   ; 5.784 ; 6.118 ; 6.368 ; 6.717 ;
; A[1]       ; result[7]   ; 4.775 ; 4.901 ; 5.419 ; 5.530 ;
; A[2]       ; result[2]   ; 4.182 ; 4.315 ; 4.759 ; 4.874 ;
; A[2]       ; result[3]   ; 4.356 ; 4.532 ; 4.967 ; 5.128 ;
; A[2]       ; result[4]   ; 4.438 ; 4.567 ; 4.989 ; 5.133 ;
; A[2]       ; result[5]   ; 4.576 ; 4.691 ; 5.187 ; 5.287 ;
; A[2]       ; result[6]   ; 5.597 ; 5.931 ; 6.148 ; 6.497 ;
; A[2]       ; result[7]   ; 4.588 ; 4.714 ; 5.199 ; 5.310 ;
; A[3]       ; result[3]   ; 4.823 ; 4.990 ; 5.541 ; 5.692 ;
; A[3]       ; result[4]   ; 5.000 ; 5.129 ; 5.689 ; 5.833 ;
; A[3]       ; result[5]   ; 5.138 ; 5.253 ; 5.887 ; 5.987 ;
; A[3]       ; result[6]   ; 6.159 ; 6.493 ; 6.848 ; 7.197 ;
; A[3]       ; result[7]   ; 5.150 ; 5.276 ; 5.899 ; 6.010 ;
; A[4]       ; result[4]   ; 4.382 ; 4.520 ; 5.000 ; 5.119 ;
; A[4]       ; result[5]   ; 4.666 ; 4.781 ; 5.309 ; 5.409 ;
; A[4]       ; result[6]   ; 5.687 ; 6.021 ; 6.270 ; 6.619 ;
; A[4]       ; result[7]   ; 4.678 ; 4.804 ; 5.321 ; 5.432 ;
; A[5]       ; result[5]   ; 3.540 ; 3.646 ; 3.828 ; 3.918 ;
; A[5]       ; result[6]   ; 4.656 ; 4.990 ; 4.915 ; 5.264 ;
; A[5]       ; result[7]   ; 3.647 ; 3.773 ; 3.966 ; 4.077 ;
; A[6]       ; result[6]   ; 5.537 ; 5.880 ; 6.144 ; 6.468 ;
; A[6]       ; result[7]   ; 4.674 ; 4.800 ; 5.306 ; 5.417 ;
; A[7]       ; result[7]   ; 4.593 ; 4.705 ; 5.231 ; 5.336 ;
; ADDSUB     ; result[0]   ; 4.619 ; 4.781 ; 5.207 ; 5.374 ;
; ADDSUB     ; result[1]   ; 4.681 ; 4.844 ; 5.302 ; 5.465 ;
; ADDSUB     ; result[2]   ; 4.571 ; 4.705 ; 5.159 ; 5.298 ;
; ADDSUB     ; result[3]   ; 4.601 ; 4.770 ; 5.184 ; 5.353 ;
; ADDSUB     ; result[4]   ; 4.615 ; 4.753 ; 5.198 ; 5.336 ;
; ADDSUB     ; result[5]   ; 4.803 ; 4.911 ; 5.416 ; 5.524 ;
; ADDSUB     ; result[6]   ; 5.777 ; 6.120 ; 6.360 ; 6.703 ;
; ADDSUB     ; result[7]   ; 4.841 ; 4.967 ; 5.462 ; 5.588 ;
; B[0]       ; result[0]   ; 4.911 ; 5.072 ; 5.552 ; 5.713 ;
; B[0]       ; result[1]   ; 5.119 ; 5.267 ; 5.760 ; 5.908 ;
; B[0]       ; result[2]   ; 4.959 ; 5.098 ; 5.600 ; 5.739 ;
; B[0]       ; result[3]   ; 5.047 ; 5.208 ; 5.688 ; 5.849 ;
; B[0]       ; result[4]   ; 5.069 ; 5.213 ; 5.710 ; 5.854 ;
; B[0]       ; result[5]   ; 5.267 ; 5.367 ; 5.908 ; 6.008 ;
; B[0]       ; result[6]   ; 6.228 ; 6.577 ; 6.869 ; 7.218 ;
; B[0]       ; result[7]   ; 5.279 ; 5.390 ; 5.920 ; 6.031 ;
; B[1]       ; result[1]   ; 4.919 ; 5.073 ; 5.522 ; 5.676 ;
; B[1]       ; result[2]   ; 4.904 ; 5.043 ; 5.507 ; 5.646 ;
; B[1]       ; result[3]   ; 4.992 ; 5.153 ; 5.595 ; 5.756 ;
; B[1]       ; result[4]   ; 5.014 ; 5.158 ; 5.617 ; 5.761 ;
; B[1]       ; result[5]   ; 5.212 ; 5.312 ; 5.815 ; 5.915 ;
; B[1]       ; result[6]   ; 6.173 ; 6.522 ; 6.776 ; 7.125 ;
; B[1]       ; result[7]   ; 5.224 ; 5.335 ; 5.827 ; 5.938 ;
; B[2]       ; result[2]   ; 4.715 ; 4.848 ; 5.326 ; 5.459 ;
; B[2]       ; result[3]   ; 4.899 ; 5.060 ; 5.510 ; 5.671 ;
; B[2]       ; result[4]   ; 4.921 ; 5.065 ; 5.532 ; 5.676 ;
; B[2]       ; result[5]   ; 5.119 ; 5.219 ; 5.730 ; 5.830 ;
; B[2]       ; result[6]   ; 6.080 ; 6.429 ; 6.691 ; 7.040 ;
; B[2]       ; result[7]   ; 5.131 ; 5.242 ; 5.742 ; 5.853 ;
; B[3]       ; result[3]   ; 4.592 ; 4.761 ; 5.181 ; 5.350 ;
; B[3]       ; result[4]   ; 4.759 ; 4.903 ; 5.348 ; 5.492 ;
; B[3]       ; result[5]   ; 4.957 ; 5.057 ; 5.545 ; 5.646 ;
; B[3]       ; result[6]   ; 5.918 ; 6.267 ; 6.507 ; 6.856 ;
; B[3]       ; result[7]   ; 4.969 ; 5.080 ; 5.557 ; 5.669 ;
; B[4]       ; result[4]   ; 4.344 ; 4.482 ; 4.904 ; 5.042 ;
; B[4]       ; result[5]   ; 4.638 ; 4.738 ; 5.198 ; 5.298 ;
; B[4]       ; result[6]   ; 5.599 ; 5.948 ; 6.159 ; 6.508 ;
; B[4]       ; result[7]   ; 4.650 ; 4.761 ; 5.210 ; 5.321 ;
; B[5]       ; result[5]   ; 4.821 ; 4.929 ; 5.389 ; 5.497 ;
; B[5]       ; result[6]   ; 5.927 ; 6.276 ; 6.495 ; 6.844 ;
; B[5]       ; result[7]   ; 4.978 ; 5.089 ; 5.546 ; 5.657 ;
; B[6]       ; result[6]   ; 4.721 ; 5.064 ; 5.012 ; 5.355 ;
; B[6]       ; result[7]   ; 3.868 ; 3.979 ; 4.159 ; 4.270 ;
; B[7]       ; result[7]   ; 5.161 ; 5.280 ; 5.718 ; 5.837 ;
; Ci         ; result[0]   ; 5.013 ; 5.175 ; 5.692 ; 5.859 ;
; Ci         ; result[1]   ; 5.075 ; 5.238 ; 5.794 ; 5.952 ;
; Ci         ; result[2]   ; 4.965 ; 5.099 ; 5.644 ; 5.783 ;
; Ci         ; result[3]   ; 5.003 ; 5.179 ; 5.722 ; 5.893 ;
; Ci         ; result[4]   ; 5.075 ; 5.214 ; 5.754 ; 5.898 ;
; Ci         ; result[5]   ; 5.223 ; 5.338 ; 5.942 ; 6.052 ;
; Ci         ; result[6]   ; 6.234 ; 6.578 ; 6.913 ; 7.262 ;
; Ci         ; result[7]   ; 5.235 ; 5.361 ; 5.954 ; 6.075 ;
+------------+-------------+-------+-------+-------+-------+


+------------------------------------------------------------------------------------------------------------------------------------------------------------------------------------------------------------------------------------------------------------------------------------------------------------------------------------------------------------------+
; Board Trace Model Assignments                                                                                                                                                                                                                                                                                                                                    ;
+---------------+--------------+-------------------+-------------------------+-------------------------+---------------+---------------------+----------------+------------------+--------+------------------+------------------------+------------------------+--------------+---------------+-----------------+-------+---------------------+--------------------+
; Pin           ; I/O Standard ; Near Tline Length ; Near Tline L per Length ; Near Tline C per Length ; Near Series R ; Near Differential R ; Near Pull-up R ; Near Pull-down R ; Near C ; Far Tline Length ; Far Tline L per Length ; Far Tline C per Length ; Far Series R ; Far Pull-up R ; Far Pull-down R ; Far C ; Termination Voltage ; Far Differential R ;
+---------------+--------------+-------------------+-------------------------+-------------------------+---------------+---------------------+----------------+------------------+--------+------------------+------------------------+------------------------+--------------+---------------+-----------------+-------+---------------------+--------------------+
; Co            ; 2.5 V        ; 0 in              ; 0 H/in                  ; 0 F/in                  ; short         ; -                   ; open           ; open             ; open   ; 0 in             ; 0 H/in                 ; 0 F/in                 ; short        ; open          ; open            ; open  ; 0 V                 ; -                  ;
; result[0]     ; 2.5 V        ; 0 in              ; 0 H/in                  ; 0 F/in                  ; short         ; -                   ; open           ; open             ; open   ; 0 in             ; 0 H/in                 ; 0 F/in                 ; short        ; open          ; open            ; open  ; 0 V                 ; -                  ;
; result[1]     ; 2.5 V        ; 0 in              ; 0 H/in                  ; 0 F/in                  ; short         ; -                   ; open           ; open             ; open   ; 0 in             ; 0 H/in                 ; 0 F/in                 ; short        ; open          ; open            ; open  ; 0 V                 ; -                  ;
; result[2]     ; 2.5 V        ; 0 in              ; 0 H/in                  ; 0 F/in                  ; short         ; -                   ; open           ; open             ; open   ; 0 in             ; 0 H/in                 ; 0 F/in                 ; short        ; open          ; open            ; open  ; 0 V                 ; -                  ;
; result[3]     ; 2.5 V        ; 0 in              ; 0 H/in                  ; 0 F/in                  ; short         ; -                   ; open           ; open             ; open   ; 0 in             ; 0 H/in                 ; 0 F/in                 ; short        ; open          ; open            ; open  ; 0 V                 ; -                  ;
; result[4]     ; 2.5 V        ; 0 in              ; 0 H/in                  ; 0 F/in                  ; short         ; -                   ; open           ; open             ; open   ; 0 in             ; 0 H/in                 ; 0 F/in                 ; short        ; open          ; open            ; open  ; 0 V                 ; -                  ;
; result[5]     ; 2.5 V        ; 0 in              ; 0 H/in                  ; 0 F/in                  ; short         ; -                   ; open           ; open             ; open   ; 0 in             ; 0 H/in                 ; 0 F/in                 ; short        ; open          ; open            ; open  ; 0 V                 ; -                  ;
; result[6]     ; 2.5 V        ; 0 in              ; 0 H/in                  ; 0 F/in                  ; short         ; -                   ; open           ; open             ; open   ; 0 in             ; 0 H/in                 ; 0 F/in                 ; short        ; open          ; open            ; open  ; 0 V                 ; -                  ;
; result[7]     ; 2.5 V        ; 0 in              ; 0 H/in                  ; 0 F/in                  ; short         ; -                   ; open           ; open             ; open   ; 0 in             ; 0 H/in                 ; 0 F/in                 ; short        ; open          ; open            ; open  ; 0 V                 ; -                  ;
; ~ALTERA_DCLK~ ; 2.5 V        ; 0 in              ; 0 H/in                  ; 0 F/in                  ; short         ; -                   ; open           ; open             ; open   ; 0 in             ; 0 H/in                 ; 0 F/in                 ; short        ; open          ; open            ; open  ; 0 V                 ; -                  ;
; ~ALTERA_nCEO~ ; 2.5 V        ; 0 in              ; 0 H/in                  ; 0 F/in                  ; short         ; -                   ; open           ; open             ; open   ; 0 in             ; 0 H/in                 ; 0 F/in                 ; short        ; open          ; open            ; open  ; 0 V                 ; -                  ;
+---------------+--------------+-------------------+-------------------------+-------------------------+---------------+---------------------+----------------+------------------+--------+------------------+------------------------+------------------------+--------------+---------------+-----------------+-------+---------------------+--------------------+


+----------------------------------------------------------------------------+
; Input Transition Times                                                     ;
+-------------------------+--------------+-----------------+-----------------+
; Pin                     ; I/O Standard ; 10-90 Rise Time ; 90-10 Fall Time ;
+-------------------------+--------------+-----------------+-----------------+
; B[0]                    ; 2.5 V        ; 2000 ps         ; 2000 ps         ;
; ADDSUB                  ; 2.5 V        ; 2000 ps         ; 2000 ps         ;
; A[0]                    ; 2.5 V        ; 2000 ps         ; 2000 ps         ;
; Ci                      ; 2.5 V        ; 2000 ps         ; 2000 ps         ;
; B[1]                    ; 2.5 V        ; 2000 ps         ; 2000 ps         ;
; A[1]                    ; 2.5 V        ; 2000 ps         ; 2000 ps         ;
; B[2]                    ; 2.5 V        ; 2000 ps         ; 2000 ps         ;
; A[2]                    ; 2.5 V        ; 2000 ps         ; 2000 ps         ;
; B[3]                    ; 2.5 V        ; 2000 ps         ; 2000 ps         ;
; A[3]                    ; 2.5 V        ; 2000 ps         ; 2000 ps         ;
; B[4]                    ; 2.5 V        ; 2000 ps         ; 2000 ps         ;
; A[4]                    ; 2.5 V        ; 2000 ps         ; 2000 ps         ;
; B[5]                    ; 2.5 V        ; 2000 ps         ; 2000 ps         ;
; A[5]                    ; 2.5 V        ; 2000 ps         ; 2000 ps         ;
; B[6]                    ; 2.5 V        ; 2000 ps         ; 2000 ps         ;
; A[6]                    ; 2.5 V        ; 2000 ps         ; 2000 ps         ;
; B[7]                    ; 2.5 V        ; 2000 ps         ; 2000 ps         ;
; A[7]                    ; 2.5 V        ; 2000 ps         ; 2000 ps         ;
; ~ALTERA_ASDO_DATA1~     ; 2.5 V        ; 2000 ps         ; 2000 ps         ;
; ~ALTERA_FLASH_nCE_nCSO~ ; 2.5 V        ; 2000 ps         ; 2000 ps         ;
; ~ALTERA_DATA0~          ; 2.5 V        ; 2000 ps         ; 2000 ps         ;
+-------------------------+--------------+-----------------+-----------------+


+--------------------------------------------------------------------------------------------------------------------------------------------------------------------------------------------------------------------------------------------------------------------------------------------------------------------------------------------------------------------------------------------------------------------------------------------------------------------------------------------------------------------------------------------------------------------------------------------------------------------------------------------------------------------------------------------+
; Slow Corner Signal Integrity Metrics                                                                                                                                                                                                                                                                                                                                                                                                                                                                                                                                                                                                                                                       ;
+---------------+--------------+---------------------+---------------------+------------------------------+------------------------------+---------------------+---------------------+--------------------------------------+--------------------------------------+-----------------------------+-----------------------------+----------------------------+----------------------------+-----------------------------+-----------------------------+--------------------+--------------------+-------------------------------------+-------------------------------------+----------------------------+----------------------------+---------------------------+---------------------------+
; Pin           ; I/O Standard ; Board Delay on Rise ; Board Delay on Fall ; Steady State Voh at FPGA Pin ; Steady State Vol at FPGA Pin ; Voh Max at FPGA Pin ; Vol Min at FPGA Pin ; Ringback Voltage on Rise at FPGA Pin ; Ringback Voltage on Fall at FPGA Pin ; 10-90 Rise Time at FPGA Pin ; 90-10 Fall Time at FPGA Pin ; Monotonic Rise at FPGA Pin ; Monotonic Fall at FPGA Pin ; Steady State Voh at Far-end ; Steady State Vol at Far-end ; Voh Max at Far-end ; Vol Min at Far-end ; Ringback Voltage on Rise at Far-end ; Ringback Voltage on Fall at Far-end ; 10-90 Rise Time at Far-end ; 90-10 Fall Time at Far-end ; Monotonic Rise at Far-end ; Monotonic Fall at Far-end ;
+---------------+--------------+---------------------+---------------------+------------------------------+------------------------------+---------------------+---------------------+--------------------------------------+--------------------------------------+-----------------------------+-----------------------------+----------------------------+----------------------------+-----------------------------+-----------------------------+--------------------+--------------------+-------------------------------------+-------------------------------------+----------------------------+----------------------------+---------------------------+---------------------------+
; Co            ; 2.5 V        ; 0 s                 ; 0 s                 ; 2.32 V                       ; 2.84e-007 V                  ; 2.35 V              ; -0.0105 V           ; 0.143 V                              ; 0.041 V                              ; 4.81e-010 s                 ; 4.81e-010 s                 ; Yes                        ; Yes                        ; 2.32 V                      ; 2.84e-007 V                 ; 2.35 V             ; -0.0105 V          ; 0.143 V                             ; 0.041 V                             ; 4.81e-010 s                ; 4.81e-010 s                ; Yes                       ; Yes                       ;
; result[0]     ; 2.5 V        ; 0 s                 ; 0 s                 ; 2.32 V                       ; 2.84e-007 V                  ; 2.35 V              ; -0.0105 V           ; 0.143 V                              ; 0.041 V                              ; 4.81e-010 s                 ; 4.81e-010 s                 ; Yes                        ; Yes                        ; 2.32 V                      ; 2.84e-007 V                 ; 2.35 V             ; -0.0105 V          ; 0.143 V                             ; 0.041 V                             ; 4.81e-010 s                ; 4.81e-010 s                ; Yes                       ; Yes                       ;
; result[1]     ; 2.5 V        ; 0 s                 ; 0 s                 ; 2.32 V                       ; 2.84e-007 V                  ; 2.35 V              ; -0.0105 V           ; 0.143 V                              ; 0.041 V                              ; 4.81e-010 s                 ; 4.81e-010 s                 ; Yes                        ; Yes                        ; 2.32 V                      ; 2.84e-007 V                 ; 2.35 V             ; -0.0105 V          ; 0.143 V                             ; 0.041 V                             ; 4.81e-010 s                ; 4.81e-010 s                ; Yes                       ; Yes                       ;
; result[2]     ; 2.5 V        ; 0 s                 ; 0 s                 ; 2.32 V                       ; 2.84e-007 V                  ; 2.35 V              ; -0.0105 V           ; 0.143 V                              ; 0.041 V                              ; 4.81e-010 s                 ; 4.81e-010 s                 ; Yes                        ; Yes                        ; 2.32 V                      ; 2.84e-007 V                 ; 2.35 V             ; -0.0105 V          ; 0.143 V                             ; 0.041 V                             ; 4.81e-010 s                ; 4.81e-010 s                ; Yes                       ; Yes                       ;
; result[3]     ; 2.5 V        ; 0 s                 ; 0 s                 ; 2.32 V                       ; 2.84e-007 V                  ; 2.35 V              ; -0.0105 V           ; 0.143 V                              ; 0.041 V                              ; 4.81e-010 s                 ; 4.81e-010 s                 ; Yes                        ; Yes                        ; 2.32 V                      ; 2.84e-007 V                 ; 2.35 V             ; -0.0105 V          ; 0.143 V                             ; 0.041 V                             ; 4.81e-010 s                ; 4.81e-010 s                ; Yes                       ; Yes                       ;
; result[4]     ; 2.5 V        ; 0 s                 ; 0 s                 ; 2.32 V                       ; 2.84e-007 V                  ; 2.35 V              ; -0.0105 V           ; 0.143 V                              ; 0.041 V                              ; 4.81e-010 s                 ; 4.81e-010 s                 ; Yes                        ; Yes                        ; 2.32 V                      ; 2.84e-007 V                 ; 2.35 V             ; -0.0105 V          ; 0.143 V                             ; 0.041 V                             ; 4.81e-010 s                ; 4.81e-010 s                ; Yes                       ; Yes                       ;
; result[5]     ; 2.5 V        ; 0 s                 ; 0 s                 ; 2.32 V                       ; 2.84e-007 V                  ; 2.35 V              ; -0.0105 V           ; 0.143 V                              ; 0.041 V                              ; 4.81e-010 s                 ; 4.81e-010 s                 ; Yes                        ; Yes                        ; 2.32 V                      ; 2.84e-007 V                 ; 2.35 V             ; -0.0105 V          ; 0.143 V                             ; 0.041 V                             ; 4.81e-010 s                ; 4.81e-010 s                ; Yes                       ; Yes                       ;
; result[6]     ; 2.5 V        ; 0 s                 ; 0 s                 ; 2.32 V                       ; 2.84e-007 V                  ; 2.35 V              ; -0.0105 V           ; 0.143 V                              ; 0.041 V                              ; 4.81e-010 s                 ; 4.81e-010 s                 ; Yes                        ; Yes                        ; 2.32 V                      ; 2.84e-007 V                 ; 2.35 V             ; -0.0105 V          ; 0.143 V                             ; 0.041 V                             ; 4.81e-010 s                ; 4.81e-010 s                ; Yes                       ; Yes                       ;
; result[7]     ; 2.5 V        ; 0 s                 ; 0 s                 ; 2.32 V                       ; 2.84e-007 V                  ; 2.35 V              ; -0.0105 V           ; 0.143 V                              ; 0.041 V                              ; 4.81e-010 s                 ; 4.81e-010 s                 ; Yes                        ; Yes                        ; 2.32 V                      ; 2.84e-007 V                 ; 2.35 V             ; -0.0105 V          ; 0.143 V                             ; 0.041 V                             ; 4.81e-010 s                ; 4.81e-010 s                ; Yes                       ; Yes                       ;
; ~ALTERA_DCLK~ ; 2.5 V        ; 0 s                 ; 0 s                 ; 2.32 V                       ; 1.53e-007 V                  ; 2.35 V              ; -0.00333 V          ; 0.096 V                              ; 0.006 V                              ; 4.5e-010 s                  ; 3.85e-010 s                 ; Yes                        ; Yes                        ; 2.32 V                      ; 1.53e-007 V                 ; 2.35 V             ; -0.00333 V         ; 0.096 V                             ; 0.006 V                             ; 4.5e-010 s                 ; 3.85e-010 s                ; Yes                       ; Yes                       ;
; ~ALTERA_nCEO~ ; 2.5 V        ; 0 s                 ; 0 s                 ; 2.32 V                       ; 2.51e-007 V                  ; 2.34 V              ; -0.00726 V          ; 0.108 V                              ; 0.026 V                              ; 6.58e-010 s                 ; 8.2e-010 s                  ; Yes                        ; Yes                        ; 2.32 V                      ; 2.51e-007 V                 ; 2.34 V             ; -0.00726 V         ; 0.108 V                             ; 0.026 V                             ; 6.58e-010 s                ; 8.2e-010 s                 ; Yes                       ; Yes                       ;
+---------------+--------------+---------------------+---------------------+------------------------------+------------------------------+---------------------+---------------------+--------------------------------------+--------------------------------------+-----------------------------+-----------------------------+----------------------------+----------------------------+-----------------------------+-----------------------------+--------------------+--------------------+-------------------------------------+-------------------------------------+----------------------------+----------------------------+---------------------------+---------------------------+


+--------------------------------------------------------------------------------------------------------------------------------------------------------------------------------------------------------------------------------------------------------------------------------------------------------------------------------------------------------------------------------------------------------------------------------------------------------------------------------------------------------------------------------------------------------------------------------------------------------------------------------------------------------------------------------------------+
; Fast Corner Signal Integrity Metrics                                                                                                                                                                                                                                                                                                                                                                                                                                                                                                                                                                                                                                                       ;
+---------------+--------------+---------------------+---------------------+------------------------------+------------------------------+---------------------+---------------------+--------------------------------------+--------------------------------------+-----------------------------+-----------------------------+----------------------------+----------------------------+-----------------------------+-----------------------------+--------------------+--------------------+-------------------------------------+-------------------------------------+----------------------------+----------------------------+---------------------------+---------------------------+
; Pin           ; I/O Standard ; Board Delay on Rise ; Board Delay on Fall ; Steady State Voh at FPGA Pin ; Steady State Vol at FPGA Pin ; Voh Max at FPGA Pin ; Vol Min at FPGA Pin ; Ringback Voltage on Rise at FPGA Pin ; Ringback Voltage on Fall at FPGA Pin ; 10-90 Rise Time at FPGA Pin ; 90-10 Fall Time at FPGA Pin ; Monotonic Rise at FPGA Pin ; Monotonic Fall at FPGA Pin ; Steady State Voh at Far-end ; Steady State Vol at Far-end ; Voh Max at Far-end ; Vol Min at Far-end ; Ringback Voltage on Rise at Far-end ; Ringback Voltage on Fall at Far-end ; 10-90 Rise Time at Far-end ; 90-10 Fall Time at Far-end ; Monotonic Rise at Far-end ; Monotonic Fall at Far-end ;
+---------------+--------------+---------------------+---------------------+------------------------------+------------------------------+---------------------+---------------------+--------------------------------------+--------------------------------------+-----------------------------+-----------------------------+----------------------------+----------------------------+-----------------------------+-----------------------------+--------------------+--------------------+-------------------------------------+-------------------------------------+----------------------------+----------------------------+---------------------------+---------------------------+
; Co            ; 2.5 V        ; 0 s                 ; 0 s                 ; 2.62 V                       ; 4.02e-008 V                  ; 2.71 V              ; -0.0351 V           ; 0.173 V                              ; 0.098 V                              ; 2.73e-010 s                 ; 2.69e-010 s                 ; Yes                        ; Yes                        ; 2.62 V                      ; 4.02e-008 V                 ; 2.71 V             ; -0.0351 V          ; 0.173 V                             ; 0.098 V                             ; 2.73e-010 s                ; 2.69e-010 s                ; Yes                       ; Yes                       ;
; result[0]     ; 2.5 V        ; 0 s                 ; 0 s                 ; 2.62 V                       ; 4.02e-008 V                  ; 2.71 V              ; -0.0351 V           ; 0.173 V                              ; 0.098 V                              ; 2.73e-010 s                 ; 2.69e-010 s                 ; Yes                        ; Yes                        ; 2.62 V                      ; 4.02e-008 V                 ; 2.71 V             ; -0.0351 V          ; 0.173 V                             ; 0.098 V                             ; 2.73e-010 s                ; 2.69e-010 s                ; Yes                       ; Yes                       ;
; result[1]     ; 2.5 V        ; 0 s                 ; 0 s                 ; 2.62 V                       ; 4.02e-008 V                  ; 2.71 V              ; -0.0351 V           ; 0.173 V                              ; 0.098 V                              ; 2.73e-010 s                 ; 2.69e-010 s                 ; Yes                        ; Yes                        ; 2.62 V                      ; 4.02e-008 V                 ; 2.71 V             ; -0.0351 V          ; 0.173 V                             ; 0.098 V                             ; 2.73e-010 s                ; 2.69e-010 s                ; Yes                       ; Yes                       ;
; result[2]     ; 2.5 V        ; 0 s                 ; 0 s                 ; 2.62 V                       ; 4.02e-008 V                  ; 2.71 V              ; -0.0351 V           ; 0.173 V                              ; 0.098 V                              ; 2.73e-010 s                 ; 2.69e-010 s                 ; Yes                        ; Yes                        ; 2.62 V                      ; 4.02e-008 V                 ; 2.71 V             ; -0.0351 V          ; 0.173 V                             ; 0.098 V                             ; 2.73e-010 s                ; 2.69e-010 s                ; Yes                       ; Yes                       ;
; result[3]     ; 2.5 V        ; 0 s                 ; 0 s                 ; 2.62 V                       ; 4.02e-008 V                  ; 2.71 V              ; -0.0351 V           ; 0.173 V                              ; 0.098 V                              ; 2.73e-010 s                 ; 2.69e-010 s                 ; Yes                        ; Yes                        ; 2.62 V                      ; 4.02e-008 V                 ; 2.71 V             ; -0.0351 V          ; 0.173 V                             ; 0.098 V                             ; 2.73e-010 s                ; 2.69e-010 s                ; Yes                       ; Yes                       ;
; result[4]     ; 2.5 V        ; 0 s                 ; 0 s                 ; 2.62 V                       ; 4.02e-008 V                  ; 2.71 V              ; -0.0351 V           ; 0.173 V                              ; 0.098 V                              ; 2.73e-010 s                 ; 2.69e-010 s                 ; Yes                        ; Yes                        ; 2.62 V                      ; 4.02e-008 V                 ; 2.71 V             ; -0.0351 V          ; 0.173 V                             ; 0.098 V                             ; 2.73e-010 s                ; 2.69e-010 s                ; Yes                       ; Yes                       ;
; result[5]     ; 2.5 V        ; 0 s                 ; 0 s                 ; 2.62 V                       ; 4.02e-008 V                  ; 2.71 V              ; -0.0351 V           ; 0.173 V                              ; 0.098 V                              ; 2.73e-010 s                 ; 2.69e-010 s                 ; Yes                        ; Yes                        ; 2.62 V                      ; 4.02e-008 V                 ; 2.71 V             ; -0.0351 V          ; 0.173 V                             ; 0.098 V                             ; 2.73e-010 s                ; 2.69e-010 s                ; Yes                       ; Yes                       ;
; result[6]     ; 2.5 V        ; 0 s                 ; 0 s                 ; 2.62 V                       ; 4.02e-008 V                  ; 2.71 V              ; -0.0351 V           ; 0.173 V                              ; 0.098 V                              ; 2.73e-010 s                 ; 2.69e-010 s                 ; Yes                        ; Yes                        ; 2.62 V                      ; 4.02e-008 V                 ; 2.71 V             ; -0.0351 V          ; 0.173 V                             ; 0.098 V                             ; 2.73e-010 s                ; 2.69e-010 s                ; Yes                       ; Yes                       ;
; result[7]     ; 2.5 V        ; 0 s                 ; 0 s                 ; 2.62 V                       ; 4.02e-008 V                  ; 2.71 V              ; -0.0351 V           ; 0.173 V                              ; 0.098 V                              ; 2.73e-010 s                 ; 2.69e-010 s                 ; Yes                        ; Yes                        ; 2.62 V                      ; 4.02e-008 V                 ; 2.71 V             ; -0.0351 V          ; 0.173 V                             ; 0.098 V                             ; 2.73e-010 s                ; 2.69e-010 s                ; Yes                       ; Yes                       ;
; ~ALTERA_DCLK~ ; 2.5 V        ; 0 s                 ; 0 s                 ; 2.62 V                       ; 2.2e-008 V                   ; 2.74 V              ; -0.061 V            ; 0.159 V                              ; 0.078 V                              ; 2.7e-010 s                  ; 2.2e-010 s                  ; No                         ; Yes                        ; 2.62 V                      ; 2.2e-008 V                  ; 2.74 V             ; -0.061 V           ; 0.159 V                             ; 0.078 V                             ; 2.7e-010 s                 ; 2.2e-010 s                 ; No                        ; Yes                       ;
; ~ALTERA_nCEO~ ; 2.5 V        ; 0 s                 ; 0 s                 ; 2.62 V                       ; 3.52e-008 V                  ; 2.7 V               ; -0.012 V            ; 0.274 V                              ; 0.034 V                              ; 3.18e-010 s                 ; 4.96e-010 s                 ; No                         ; Yes                        ; 2.62 V                      ; 3.52e-008 V                 ; 2.7 V              ; -0.012 V           ; 0.274 V                             ; 0.034 V                             ; 3.18e-010 s                ; 4.96e-010 s                ; No                        ; Yes                       ;
+---------------+--------------+---------------------+---------------------+------------------------------+------------------------------+---------------------+---------------------+--------------------------------------+--------------------------------------+-----------------------------+-----------------------------+----------------------------+----------------------------+-----------------------------+-----------------------------+--------------------+--------------------+-------------------------------------+-------------------------------------+----------------------------+----------------------------+---------------------------+---------------------------+


-------------------
; Clock Transfers ;
-------------------
Nothing to report.


---------------
; Report TCCS ;
---------------
No dedicated SERDES Transmitter circuitry present in device or used in design


---------------
; Report RSKM ;
---------------
No dedicated SERDES Receiver circuitry present in device or used in design


+------------------------------------------------+
; Unconstrained Paths                            ;
+---------------------------------+-------+------+
; Property                        ; Setup ; Hold ;
+---------------------------------+-------+------+
; Illegal Clocks                  ; 0     ; 0    ;
; Unconstrained Clocks            ; 0     ; 0    ;
; Unconstrained Input Ports       ; 18    ; 18   ;
; Unconstrained Input Port Paths  ; 88    ; 88   ;
; Unconstrained Output Ports      ; 8     ; 8    ;
; Unconstrained Output Port Paths ; 88    ; 88   ;
+---------------------------------+-------+------+


+------------------------------------+
; TimeQuest Timing Analyzer Messages ;
+------------------------------------+
Info: *******************************************************************
Info: Running Quartus II TimeQuest Timing Analyzer
    Info: Version 9.1 Build 350 03/24/2010 Service Pack 2 SJ Web Edition
    Info: Processing started: Tue Oct 02 14:50:16 2018
Info: Command: quartus_sta adder_and_sub -c adder_and_sub
Info: qsta_default_script.tcl version: #1
Info: Core supply voltage is 1.2V
Info: Low junction temperature is 0 degrees C
Info: High junction temperature is 85 degrees C
Critical Warning: Synopsys Design Constraints File file not found: 'adder_and_sub.sdc'. A Synopsys Design Constraints File is required by the TimeQuest Timing Analyzer to get proper timing constraints. Without it, the Compiler will not properly optimize the design.
Info: No user constrained base clocks found in the design. Calling "derive_clocks -period 1.0"
Info: The command derive_clocks did not find any clocks to derive.  No clocks were created or changed.
Warning: No clocks defined in design.
Info: No user constrained clock uncertainty found in the design. Calling "derive_clock_uncertainty"
Info: The derive_clock_uncertainty command did not apply clock uncertainty to any clock-to-clock transfers.
Info: No clocks to report
Info: Analyzing Slow 1200mV 85C Model
Info: No fmax paths to report
Info: No Setup paths to report
Info: No Hold paths to report
Info: No Recovery paths to report
Info: No Removal paths to report
Info: No Minimum Pulse Width paths to report
Info: Analyzing Slow 1200mV 0C Model
Info: Started post-fitting delay annotation
Info: Delay annotation completed successfully
Info: No user constrained base clocks found in the design. Calling "derive_clocks -period 1.0"
Info: The command derive_clocks did not find any clocks to derive.  No clocks were created or changed.
Warning: No clocks defined in design.
Info: The derive_clock_uncertainty command did not apply clock uncertainty to any clock-to-clock transfers.
Info: No fmax paths to report
Info: No Setup paths to report
Info: No Hold paths to report
Info: No Recovery paths to report
Info: No Removal paths to report
Info: No Minimum Pulse Width paths to report
Info: Analyzing Fast 1200mV 0C Model
Info: Started post-fitting delay annotation
Info: Delay annotation completed successfully
Info: No user constrained base clocks found in the design. Calling "derive_clocks -period 1.0"
Info: The command derive_clocks did not find any clocks to derive.  No clocks were created or changed.
Warning: No clocks defined in design.
Info: The derive_clock_uncertainty command did not apply clock uncertainty to any clock-to-clock transfers.
Info: No Setup paths to report
Info: No Hold paths to report
Info: No Recovery paths to report
Info: No Removal paths to report
Info: No Minimum Pulse Width paths to report
Info: Design is not fully constrained for setup requirements
Info: Design is not fully constrained for hold requirements
Info: Quartus II TimeQuest Timing Analyzer was successful. 0 errors, 4 warnings
    Info: Peak virtual memory: 257 megabytes
    Info: Processing ended: Tue Oct 02 14:50:17 2018
    Info: Elapsed time: 00:00:01
    Info: Total CPU time (on all processors): 00:00:01


