Classic Timing Analyzer report for Divider_with_switch_7seg_180608
Fri Jun 08 16:18:14 2018
Quartus II Version 9.1 Build 350 03/24/2010 Service Pack 2 SJ Web Edition


---------------------
; Table of Contents ;
---------------------
  1. Legal Notice
  2. Timing Analyzer Summary
  3. Timing Analyzer Settings
  4. Clock Settings Summary
  5. Parallel Compilation
  6. Clock Setup: 'GCKP18'
  7. tco
  8. Timing Analyzer Messages



----------------
; Legal Notice ;
----------------
Copyright (C) 1991-2010 Altera Corporation
Your use of Altera Corporation's design tools, logic functions 
and other software and tools, and its AMPP partner logic 
functions, and any output files from any of the foregoing 
(including device programming or simulation files), and any 
associated documentation or information are expressly subject 
to the terms and conditions of the Altera Program License 
Subscription Agreement, Altera MegaCore Function License 
Agreement, or other applicable license agreement, including, 
without limitation, that your use is for the sole purpose of 
programming logic devices manufactured by Altera and sold by 
Altera or its authorized distributors.  Please refer to the 
applicable agreement for further details.



+---------------------------------------------------------------------------------------------------------------------------------------------------+
; Timing Analyzer Summary                                                                                                                           ;
+------------------------------+-------+---------------+----------------------------------+---------+--------+------------+----------+--------------+
; Type                         ; Slack ; Required Time ; Actual Time                      ; From    ; To     ; From Clock ; To Clock ; Failed Paths ;
+------------------------------+-------+---------------+----------------------------------+---------+--------+------------+----------+--------------+
; Worst-case tco               ; N/A   ; None          ; 17.029 ns                        ; SCAN[1] ; D[6]   ; GCKP18     ; --       ; 0            ;
; Clock Setup: 'GCKP18'        ; N/A   ; None          ; 179.60 MHz ( period = 5.568 ns ) ; FD[3]   ; FD[18] ; GCKP18     ; GCKP18   ; 0            ;
; Total number of failed paths ;       ;               ;                                  ;         ;        ;            ;          ; 0            ;
+------------------------------+-------+---------------+----------------------------------+---------+--------+------------+----------+--------------+


+-----------------------------------------------------------------------------------------------------------------------------------------------------+
; Timing Analyzer Settings                                                                                                                            ;
+------------------------------------------------------------------------------------------------------+--------------------+------+----+-------------+
; Option                                                                                               ; Setting            ; From ; To ; Entity Name ;
+------------------------------------------------------------------------------------------------------+--------------------+------+----+-------------+
; Device Name                                                                                          ; EPM1270T144C5      ;      ;    ;             ;
; Timing Models                                                                                        ; Final              ;      ;    ;             ;
; Default hold multicycle                                                                              ; Same as Multicycle ;      ;    ;             ;
; Cut paths between unrelated clock domains                                                            ; On                 ;      ;    ;             ;
; Cut off read during write signal paths                                                               ; On                 ;      ;    ;             ;
; Cut off feedback from I/O pins                                                                       ; On                 ;      ;    ;             ;
; Report Combined Fast/Slow Timing                                                                     ; Off                ;      ;    ;             ;
; Ignore Clock Settings                                                                                ; Off                ;      ;    ;             ;
; Analyze latches as synchronous elements                                                              ; On                 ;      ;    ;             ;
; Enable Recovery/Removal analysis                                                                     ; Off                ;      ;    ;             ;
; Enable Clock Latency                                                                                 ; Off                ;      ;    ;             ;
; Use TimeQuest Timing Analyzer                                                                        ; Off                ;      ;    ;             ;
; Minimum Core Junction Temperature                                                                    ; 0                  ;      ;    ;             ;
; Maximum Core Junction Temperature                                                                    ; 85                 ;      ;    ;             ;
; Number of source nodes to report per destination node                                                ; 10                 ;      ;    ;             ;
; Number of destination nodes to report                                                                ; 10                 ;      ;    ;             ;
; Number of paths to report                                                                            ; 200                ;      ;    ;             ;
; Report Minimum Timing Checks                                                                         ; Off                ;      ;    ;             ;
; Use Fast Timing Models                                                                               ; Off                ;      ;    ;             ;
; Report IO Paths Separately                                                                           ; Off                ;      ;    ;             ;
; Perform Multicorner Analysis                                                                         ; Off                ;      ;    ;             ;
; Reports the worst-case path for each clock domain and analysis                                       ; Off                ;      ;    ;             ;
; Reports worst-case timing paths for each clock domain and analysis                                   ; On                 ;      ;    ;             ;
; Specifies the maximum number of worst-case timing paths to report for each clock domain and analysis ; 100                ;      ;    ;             ;
; Removes common clock path pessimism (CCPP) during slack computation                                  ; Off                ;      ;    ;             ;
; Output I/O Timing Endpoint                                                                           ; Near End           ;      ;    ;             ;
+------------------------------------------------------------------------------------------------------+--------------------+------+----+-------------+


+------------------------------------------------------------------------------------------------------------------------------------------------------------------------------------+
; Clock Settings Summary                                                                                                                                                             ;
+-----------------+--------------------+----------+------------------+---------------+--------------+----------+-----------------------+---------------------+--------+--------------+
; Clock Node Name ; Clock Setting Name ; Type     ; Fmax Requirement ; Early Latency ; Late Latency ; Based on ; Multiply Base Fmax by ; Divide Base Fmax by ; Offset ; Phase offset ;
+-----------------+--------------------+----------+------------------+---------------+--------------+----------+-----------------------+---------------------+--------+--------------+
; GCKP18          ;                    ; User Pin ; None             ; 0.000 ns      ; 0.000 ns     ; --       ; N/A                   ; N/A                 ; N/A    ;              ;
+-----------------+--------------------+----------+------------------+---------------+--------------+----------+-----------------------+---------------------+--------+--------------+


Parallel compilation was disabled, but you have multiple processors available. Enable parallel compilation to reduce compilation time.
+-------------------------------------+
; Parallel Compilation                ;
+----------------------------+--------+
; Processors                 ; Number ;
+----------------------------+--------+
; Number detected on machine ; 4      ;
; Maximum allowed            ; 1      ;
+----------------------------+--------+


+-----------------------------------------------------------------------------------------------------------------------------------------------------------------------------------------------------------------------------+
; Clock Setup: 'GCKP18'                                                                                                                                                                                                       ;
+-----------------------------------------+-----------------------------------------------------+--------+--------+------------+----------+-----------------------------+---------------------------+-------------------------+
; Slack                                   ; Actual fmax (period)                                ; From   ; To     ; From Clock ; To Clock ; Required Setup Relationship ; Required Longest P2P Time ; Actual Longest P2P Time ;
+-----------------------------------------+-----------------------------------------------------+--------+--------+------------+----------+-----------------------------+---------------------------+-------------------------+
; N/A                                     ; 179.60 MHz ( period = 5.568 ns )                    ; FD[3]  ; FD[22] ; GCKP18     ; GCKP18   ; None                        ; None                      ; 4.859 ns                ;
; N/A                                     ; 179.60 MHz ( period = 5.568 ns )                    ; FD[3]  ; FD[21] ; GCKP18     ; GCKP18   ; None                        ; None                      ; 4.859 ns                ;
; N/A                                     ; 179.60 MHz ( period = 5.568 ns )                    ; FD[3]  ; FD[20] ; GCKP18     ; GCKP18   ; None                        ; None                      ; 4.859 ns                ;
; N/A                                     ; 179.60 MHz ( period = 5.568 ns )                    ; FD[3]  ; FD[19] ; GCKP18     ; GCKP18   ; None                        ; None                      ; 4.859 ns                ;
; N/A                                     ; 179.60 MHz ( period = 5.568 ns )                    ; FD[3]  ; FD[18] ; GCKP18     ; GCKP18   ; None                        ; None                      ; 4.859 ns                ;
; N/A                                     ; 180.02 MHz ( period = 5.555 ns )                    ; FD[3]  ; FD[25] ; GCKP18     ; GCKP18   ; None                        ; None                      ; 4.846 ns                ;
; N/A                                     ; 180.02 MHz ( period = 5.555 ns )                    ; FD[3]  ; FD[24] ; GCKP18     ; GCKP18   ; None                        ; None                      ; 4.846 ns                ;
; N/A                                     ; 180.02 MHz ( period = 5.555 ns )                    ; FD[3]  ; FD[23] ; GCKP18     ; GCKP18   ; None                        ; None                      ; 4.846 ns                ;
; N/A                                     ; 183.62 MHz ( period = 5.446 ns )                    ; FD[4]  ; FD[22] ; GCKP18     ; GCKP18   ; None                        ; None                      ; 4.737 ns                ;
; N/A                                     ; 183.62 MHz ( period = 5.446 ns )                    ; FD[4]  ; FD[21] ; GCKP18     ; GCKP18   ; None                        ; None                      ; 4.737 ns                ;
; N/A                                     ; 183.62 MHz ( period = 5.446 ns )                    ; FD[4]  ; FD[20] ; GCKP18     ; GCKP18   ; None                        ; None                      ; 4.737 ns                ;
; N/A                                     ; 183.62 MHz ( period = 5.446 ns )                    ; FD[4]  ; FD[19] ; GCKP18     ; GCKP18   ; None                        ; None                      ; 4.737 ns                ;
; N/A                                     ; 183.62 MHz ( period = 5.446 ns )                    ; FD[4]  ; FD[18] ; GCKP18     ; GCKP18   ; None                        ; None                      ; 4.737 ns                ;
; N/A                                     ; 184.06 MHz ( period = 5.433 ns )                    ; FD[4]  ; FD[25] ; GCKP18     ; GCKP18   ; None                        ; None                      ; 4.724 ns                ;
; N/A                                     ; 184.06 MHz ( period = 5.433 ns )                    ; FD[4]  ; FD[24] ; GCKP18     ; GCKP18   ; None                        ; None                      ; 4.724 ns                ;
; N/A                                     ; 184.06 MHz ( period = 5.433 ns )                    ; FD[4]  ; FD[23] ; GCKP18     ; GCKP18   ; None                        ; None                      ; 4.724 ns                ;
; N/A                                     ; 185.15 MHz ( period = 5.401 ns )                    ; FD[1]  ; FD[22] ; GCKP18     ; GCKP18   ; None                        ; None                      ; 4.692 ns                ;
; N/A                                     ; 185.15 MHz ( period = 5.401 ns )                    ; FD[1]  ; FD[21] ; GCKP18     ; GCKP18   ; None                        ; None                      ; 4.692 ns                ;
; N/A                                     ; 185.15 MHz ( period = 5.401 ns )                    ; FD[1]  ; FD[20] ; GCKP18     ; GCKP18   ; None                        ; None                      ; 4.692 ns                ;
; N/A                                     ; 185.15 MHz ( period = 5.401 ns )                    ; FD[1]  ; FD[19] ; GCKP18     ; GCKP18   ; None                        ; None                      ; 4.692 ns                ;
; N/A                                     ; 185.15 MHz ( period = 5.401 ns )                    ; FD[1]  ; FD[18] ; GCKP18     ; GCKP18   ; None                        ; None                      ; 4.692 ns                ;
; N/A                                     ; 185.60 MHz ( period = 5.388 ns )                    ; FD[1]  ; FD[25] ; GCKP18     ; GCKP18   ; None                        ; None                      ; 4.679 ns                ;
; N/A                                     ; 185.60 MHz ( period = 5.388 ns )                    ; FD[1]  ; FD[24] ; GCKP18     ; GCKP18   ; None                        ; None                      ; 4.679 ns                ;
; N/A                                     ; 185.60 MHz ( period = 5.388 ns )                    ; FD[1]  ; FD[23] ; GCKP18     ; GCKP18   ; None                        ; None                      ; 4.679 ns                ;
; N/A                                     ; 190.51 MHz ( period = 5.249 ns )                    ; FD[2]  ; FD[22] ; GCKP18     ; GCKP18   ; None                        ; None                      ; 4.540 ns                ;
; N/A                                     ; 190.51 MHz ( period = 5.249 ns )                    ; FD[2]  ; FD[21] ; GCKP18     ; GCKP18   ; None                        ; None                      ; 4.540 ns                ;
; N/A                                     ; 190.51 MHz ( period = 5.249 ns )                    ; FD[2]  ; FD[20] ; GCKP18     ; GCKP18   ; None                        ; None                      ; 4.540 ns                ;
; N/A                                     ; 190.51 MHz ( period = 5.249 ns )                    ; FD[2]  ; FD[19] ; GCKP18     ; GCKP18   ; None                        ; None                      ; 4.540 ns                ;
; N/A                                     ; 190.51 MHz ( period = 5.249 ns )                    ; FD[2]  ; FD[18] ; GCKP18     ; GCKP18   ; None                        ; None                      ; 4.540 ns                ;
; N/A                                     ; 190.99 MHz ( period = 5.236 ns )                    ; FD[2]  ; FD[25] ; GCKP18     ; GCKP18   ; None                        ; None                      ; 4.527 ns                ;
; N/A                                     ; 190.99 MHz ( period = 5.236 ns )                    ; FD[2]  ; FD[24] ; GCKP18     ; GCKP18   ; None                        ; None                      ; 4.527 ns                ;
; N/A                                     ; 190.99 MHz ( period = 5.236 ns )                    ; FD[2]  ; FD[23] ; GCKP18     ; GCKP18   ; None                        ; None                      ; 4.527 ns                ;
; N/A                                     ; 191.94 MHz ( period = 5.210 ns )                    ; FD[0]  ; FD[22] ; GCKP18     ; GCKP18   ; None                        ; None                      ; 4.501 ns                ;
; N/A                                     ; 191.94 MHz ( period = 5.210 ns )                    ; FD[0]  ; FD[21] ; GCKP18     ; GCKP18   ; None                        ; None                      ; 4.501 ns                ;
; N/A                                     ; 191.94 MHz ( period = 5.210 ns )                    ; FD[0]  ; FD[20] ; GCKP18     ; GCKP18   ; None                        ; None                      ; 4.501 ns                ;
; N/A                                     ; 191.94 MHz ( period = 5.210 ns )                    ; FD[0]  ; FD[19] ; GCKP18     ; GCKP18   ; None                        ; None                      ; 4.501 ns                ;
; N/A                                     ; 191.94 MHz ( period = 5.210 ns )                    ; FD[0]  ; FD[18] ; GCKP18     ; GCKP18   ; None                        ; None                      ; 4.501 ns                ;
; N/A                                     ; 192.42 MHz ( period = 5.197 ns )                    ; FD[0]  ; FD[25] ; GCKP18     ; GCKP18   ; None                        ; None                      ; 4.488 ns                ;
; N/A                                     ; 192.42 MHz ( period = 5.197 ns )                    ; FD[0]  ; FD[24] ; GCKP18     ; GCKP18   ; None                        ; None                      ; 4.488 ns                ;
; N/A                                     ; 192.42 MHz ( period = 5.197 ns )                    ; FD[0]  ; FD[23] ; GCKP18     ; GCKP18   ; None                        ; None                      ; 4.488 ns                ;
; N/A                                     ; 192.68 MHz ( period = 5.190 ns )                    ; FD[6]  ; FD[22] ; GCKP18     ; GCKP18   ; None                        ; None                      ; 4.481 ns                ;
; N/A                                     ; 192.68 MHz ( period = 5.190 ns )                    ; FD[6]  ; FD[21] ; GCKP18     ; GCKP18   ; None                        ; None                      ; 4.481 ns                ;
; N/A                                     ; 192.68 MHz ( period = 5.190 ns )                    ; FD[6]  ; FD[20] ; GCKP18     ; GCKP18   ; None                        ; None                      ; 4.481 ns                ;
; N/A                                     ; 192.68 MHz ( period = 5.190 ns )                    ; FD[6]  ; FD[19] ; GCKP18     ; GCKP18   ; None                        ; None                      ; 4.481 ns                ;
; N/A                                     ; 192.68 MHz ( period = 5.190 ns )                    ; FD[6]  ; FD[18] ; GCKP18     ; GCKP18   ; None                        ; None                      ; 4.481 ns                ;
; N/A                                     ; 193.16 MHz ( period = 5.177 ns )                    ; FD[6]  ; FD[25] ; GCKP18     ; GCKP18   ; None                        ; None                      ; 4.468 ns                ;
; N/A                                     ; 193.16 MHz ( period = 5.177 ns )                    ; FD[6]  ; FD[24] ; GCKP18     ; GCKP18   ; None                        ; None                      ; 4.468 ns                ;
; N/A                                     ; 193.16 MHz ( period = 5.177 ns )                    ; FD[6]  ; FD[23] ; GCKP18     ; GCKP18   ; None                        ; None                      ; 4.468 ns                ;
; N/A                                     ; 196.43 MHz ( period = 5.091 ns )                    ; FD[5]  ; FD[22] ; GCKP18     ; GCKP18   ; None                        ; None                      ; 4.382 ns                ;
; N/A                                     ; 196.43 MHz ( period = 5.091 ns )                    ; FD[5]  ; FD[21] ; GCKP18     ; GCKP18   ; None                        ; None                      ; 4.382 ns                ;
; N/A                                     ; 196.43 MHz ( period = 5.091 ns )                    ; FD[5]  ; FD[20] ; GCKP18     ; GCKP18   ; None                        ; None                      ; 4.382 ns                ;
; N/A                                     ; 196.43 MHz ( period = 5.091 ns )                    ; FD[5]  ; FD[19] ; GCKP18     ; GCKP18   ; None                        ; None                      ; 4.382 ns                ;
; N/A                                     ; 196.43 MHz ( period = 5.091 ns )                    ; FD[5]  ; FD[18] ; GCKP18     ; GCKP18   ; None                        ; None                      ; 4.382 ns                ;
; N/A                                     ; 196.93 MHz ( period = 5.078 ns )                    ; FD[5]  ; FD[25] ; GCKP18     ; GCKP18   ; None                        ; None                      ; 4.369 ns                ;
; N/A                                     ; 196.93 MHz ( period = 5.078 ns )                    ; FD[5]  ; FD[24] ; GCKP18     ; GCKP18   ; None                        ; None                      ; 4.369 ns                ;
; N/A                                     ; 196.93 MHz ( period = 5.078 ns )                    ; FD[5]  ; FD[23] ; GCKP18     ; GCKP18   ; None                        ; None                      ; 4.369 ns                ;
; N/A                                     ; 201.09 MHz ( period = 4.973 ns )                    ; FD[13] ; FD[22] ; GCKP18     ; GCKP18   ; None                        ; None                      ; 4.264 ns                ;
; N/A                                     ; 201.09 MHz ( period = 4.973 ns )                    ; FD[13] ; FD[21] ; GCKP18     ; GCKP18   ; None                        ; None                      ; 4.264 ns                ;
; N/A                                     ; 201.09 MHz ( period = 4.973 ns )                    ; FD[13] ; FD[20] ; GCKP18     ; GCKP18   ; None                        ; None                      ; 4.264 ns                ;
; N/A                                     ; 201.09 MHz ( period = 4.973 ns )                    ; FD[13] ; FD[19] ; GCKP18     ; GCKP18   ; None                        ; None                      ; 4.264 ns                ;
; N/A                                     ; 201.09 MHz ( period = 4.973 ns )                    ; FD[13] ; FD[18] ; GCKP18     ; GCKP18   ; None                        ; None                      ; 4.264 ns                ;
; N/A                                     ; 201.09 MHz ( period = 4.973 ns )                    ; FD[3]  ; FD[12] ; GCKP18     ; GCKP18   ; None                        ; None                      ; 4.264 ns                ;
; N/A                                     ; 201.09 MHz ( period = 4.973 ns )                    ; FD[3]  ; FD[11] ; GCKP18     ; GCKP18   ; None                        ; None                      ; 4.264 ns                ;
; N/A                                     ; 201.09 MHz ( period = 4.973 ns )                    ; FD[3]  ; FD[10] ; GCKP18     ; GCKP18   ; None                        ; None                      ; 4.264 ns                ;
; N/A                                     ; 201.09 MHz ( period = 4.973 ns )                    ; FD[3]  ; FD[9]  ; GCKP18     ; GCKP18   ; None                        ; None                      ; 4.264 ns                ;
; N/A                                     ; 201.09 MHz ( period = 4.973 ns )                    ; FD[3]  ; FD[8]  ; GCKP18     ; GCKP18   ; None                        ; None                      ; 4.264 ns                ;
; N/A                                     ; 201.57 MHz ( period = 4.961 ns )                    ; FD[8]  ; FD[22] ; GCKP18     ; GCKP18   ; None                        ; None                      ; 4.252 ns                ;
; N/A                                     ; 201.57 MHz ( period = 4.961 ns )                    ; FD[8]  ; FD[21] ; GCKP18     ; GCKP18   ; None                        ; None                      ; 4.252 ns                ;
; N/A                                     ; 201.57 MHz ( period = 4.961 ns )                    ; FD[8]  ; FD[20] ; GCKP18     ; GCKP18   ; None                        ; None                      ; 4.252 ns                ;
; N/A                                     ; 201.57 MHz ( period = 4.961 ns )                    ; FD[8]  ; FD[19] ; GCKP18     ; GCKP18   ; None                        ; None                      ; 4.252 ns                ;
; N/A                                     ; 201.57 MHz ( period = 4.961 ns )                    ; FD[8]  ; FD[18] ; GCKP18     ; GCKP18   ; None                        ; None                      ; 4.252 ns                ;
; N/A                                     ; 201.61 MHz ( period = 4.960 ns )                    ; FD[13] ; FD[25] ; GCKP18     ; GCKP18   ; None                        ; None                      ; 4.251 ns                ;
; N/A                                     ; 201.61 MHz ( period = 4.960 ns )                    ; FD[13] ; FD[24] ; GCKP18     ; GCKP18   ; None                        ; None                      ; 4.251 ns                ;
; N/A                                     ; 201.61 MHz ( period = 4.960 ns )                    ; FD[13] ; FD[23] ; GCKP18     ; GCKP18   ; None                        ; None                      ; 4.251 ns                ;
; N/A                                     ; 201.61 MHz ( period = 4.960 ns )                    ; FD[3]  ; FD[17] ; GCKP18     ; GCKP18   ; None                        ; None                      ; 4.251 ns                ;
; N/A                                     ; 201.61 MHz ( period = 4.960 ns )                    ; FD[3]  ; FD[16] ; GCKP18     ; GCKP18   ; None                        ; None                      ; 4.251 ns                ;
; N/A                                     ; 201.61 MHz ( period = 4.960 ns )                    ; FD[3]  ; FD[15] ; GCKP18     ; GCKP18   ; None                        ; None                      ; 4.251 ns                ;
; N/A                                     ; 201.61 MHz ( period = 4.960 ns )                    ; FD[3]  ; FD[14] ; GCKP18     ; GCKP18   ; None                        ; None                      ; 4.251 ns                ;
; N/A                                     ; 201.61 MHz ( period = 4.960 ns )                    ; FD[3]  ; FD[13] ; GCKP18     ; GCKP18   ; None                        ; None                      ; 4.251 ns                ;
; N/A                                     ; 202.10 MHz ( period = 4.948 ns )                    ; FD[8]  ; FD[25] ; GCKP18     ; GCKP18   ; None                        ; None                      ; 4.239 ns                ;
; N/A                                     ; 202.10 MHz ( period = 4.948 ns )                    ; FD[8]  ; FD[24] ; GCKP18     ; GCKP18   ; None                        ; None                      ; 4.239 ns                ;
; N/A                                     ; 202.10 MHz ( period = 4.948 ns )                    ; FD[8]  ; FD[23] ; GCKP18     ; GCKP18   ; None                        ; None                      ; 4.239 ns                ;
; N/A                                     ; 202.47 MHz ( period = 4.939 ns )                    ; FD[7]  ; FD[22] ; GCKP18     ; GCKP18   ; None                        ; None                      ; 4.230 ns                ;
; N/A                                     ; 202.47 MHz ( period = 4.939 ns )                    ; FD[7]  ; FD[21] ; GCKP18     ; GCKP18   ; None                        ; None                      ; 4.230 ns                ;
; N/A                                     ; 202.47 MHz ( period = 4.939 ns )                    ; FD[7]  ; FD[20] ; GCKP18     ; GCKP18   ; None                        ; None                      ; 4.230 ns                ;
; N/A                                     ; 202.47 MHz ( period = 4.939 ns )                    ; FD[7]  ; FD[19] ; GCKP18     ; GCKP18   ; None                        ; None                      ; 4.230 ns                ;
; N/A                                     ; 202.47 MHz ( period = 4.939 ns )                    ; FD[7]  ; FD[18] ; GCKP18     ; GCKP18   ; None                        ; None                      ; 4.230 ns                ;
; N/A                                     ; 203.00 MHz ( period = 4.926 ns )                    ; FD[7]  ; FD[25] ; GCKP18     ; GCKP18   ; None                        ; None                      ; 4.217 ns                ;
; N/A                                     ; 203.00 MHz ( period = 4.926 ns )                    ; FD[7]  ; FD[24] ; GCKP18     ; GCKP18   ; None                        ; None                      ; 4.217 ns                ;
; N/A                                     ; 203.00 MHz ( period = 4.926 ns )                    ; FD[7]  ; FD[23] ; GCKP18     ; GCKP18   ; None                        ; None                      ; 4.217 ns                ;
; N/A                                     ; 206.14 MHz ( period = 4.851 ns )                    ; FD[14] ; FD[22] ; GCKP18     ; GCKP18   ; None                        ; None                      ; 4.142 ns                ;
; N/A                                     ; 206.14 MHz ( period = 4.851 ns )                    ; FD[14] ; FD[21] ; GCKP18     ; GCKP18   ; None                        ; None                      ; 4.142 ns                ;
; N/A                                     ; 206.14 MHz ( period = 4.851 ns )                    ; FD[14] ; FD[20] ; GCKP18     ; GCKP18   ; None                        ; None                      ; 4.142 ns                ;
; N/A                                     ; 206.14 MHz ( period = 4.851 ns )                    ; FD[14] ; FD[19] ; GCKP18     ; GCKP18   ; None                        ; None                      ; 4.142 ns                ;
; N/A                                     ; 206.14 MHz ( period = 4.851 ns )                    ; FD[14] ; FD[18] ; GCKP18     ; GCKP18   ; None                        ; None                      ; 4.142 ns                ;
; N/A                                     ; 206.14 MHz ( period = 4.851 ns )                    ; FD[4]  ; FD[12] ; GCKP18     ; GCKP18   ; None                        ; None                      ; 4.142 ns                ;
; N/A                                     ; 206.14 MHz ( period = 4.851 ns )                    ; FD[4]  ; FD[11] ; GCKP18     ; GCKP18   ; None                        ; None                      ; 4.142 ns                ;
; N/A                                     ; 206.14 MHz ( period = 4.851 ns )                    ; FD[4]  ; FD[10] ; GCKP18     ; GCKP18   ; None                        ; None                      ; 4.142 ns                ;
; N/A                                     ; 206.14 MHz ( period = 4.851 ns )                    ; FD[4]  ; FD[9]  ; GCKP18     ; GCKP18   ; None                        ; None                      ; 4.142 ns                ;
; N/A                                     ; 206.14 MHz ( period = 4.851 ns )                    ; FD[4]  ; FD[8]  ; GCKP18     ; GCKP18   ; None                        ; None                      ; 4.142 ns                ;
; N/A                                     ; 206.27 MHz ( period = 4.848 ns )                    ; FD[9]  ; FD[22] ; GCKP18     ; GCKP18   ; None                        ; None                      ; 4.139 ns                ;
; N/A                                     ; 206.27 MHz ( period = 4.848 ns )                    ; FD[9]  ; FD[21] ; GCKP18     ; GCKP18   ; None                        ; None                      ; 4.139 ns                ;
; N/A                                     ; 206.27 MHz ( period = 4.848 ns )                    ; FD[9]  ; FD[20] ; GCKP18     ; GCKP18   ; None                        ; None                      ; 4.139 ns                ;
; N/A                                     ; 206.27 MHz ( period = 4.848 ns )                    ; FD[9]  ; FD[19] ; GCKP18     ; GCKP18   ; None                        ; None                      ; 4.139 ns                ;
; N/A                                     ; 206.27 MHz ( period = 4.848 ns )                    ; FD[9]  ; FD[18] ; GCKP18     ; GCKP18   ; None                        ; None                      ; 4.139 ns                ;
; N/A                                     ; 206.70 MHz ( period = 4.838 ns )                    ; FD[14] ; FD[25] ; GCKP18     ; GCKP18   ; None                        ; None                      ; 4.129 ns                ;
; N/A                                     ; 206.70 MHz ( period = 4.838 ns )                    ; FD[14] ; FD[24] ; GCKP18     ; GCKP18   ; None                        ; None                      ; 4.129 ns                ;
; N/A                                     ; 206.70 MHz ( period = 4.838 ns )                    ; FD[14] ; FD[23] ; GCKP18     ; GCKP18   ; None                        ; None                      ; 4.129 ns                ;
; N/A                                     ; 206.70 MHz ( period = 4.838 ns )                    ; FD[4]  ; FD[17] ; GCKP18     ; GCKP18   ; None                        ; None                      ; 4.129 ns                ;
; N/A                                     ; 206.70 MHz ( period = 4.838 ns )                    ; FD[4]  ; FD[16] ; GCKP18     ; GCKP18   ; None                        ; None                      ; 4.129 ns                ;
; N/A                                     ; 206.70 MHz ( period = 4.838 ns )                    ; FD[4]  ; FD[15] ; GCKP18     ; GCKP18   ; None                        ; None                      ; 4.129 ns                ;
; N/A                                     ; 206.70 MHz ( period = 4.838 ns )                    ; FD[4]  ; FD[14] ; GCKP18     ; GCKP18   ; None                        ; None                      ; 4.129 ns                ;
; N/A                                     ; 206.70 MHz ( period = 4.838 ns )                    ; FD[4]  ; FD[13] ; GCKP18     ; GCKP18   ; None                        ; None                      ; 4.129 ns                ;
; N/A                                     ; 206.83 MHz ( period = 4.835 ns )                    ; FD[9]  ; FD[25] ; GCKP18     ; GCKP18   ; None                        ; None                      ; 4.126 ns                ;
; N/A                                     ; 206.83 MHz ( period = 4.835 ns )                    ; FD[9]  ; FD[24] ; GCKP18     ; GCKP18   ; None                        ; None                      ; 4.126 ns                ;
; N/A                                     ; 206.83 MHz ( period = 4.835 ns )                    ; FD[9]  ; FD[23] ; GCKP18     ; GCKP18   ; None                        ; None                      ; 4.126 ns                ;
; N/A                                     ; 208.07 MHz ( period = 4.806 ns )                    ; FD[11] ; FD[22] ; GCKP18     ; GCKP18   ; None                        ; None                      ; 4.097 ns                ;
; N/A                                     ; 208.07 MHz ( period = 4.806 ns )                    ; FD[11] ; FD[21] ; GCKP18     ; GCKP18   ; None                        ; None                      ; 4.097 ns                ;
; N/A                                     ; 208.07 MHz ( period = 4.806 ns )                    ; FD[11] ; FD[20] ; GCKP18     ; GCKP18   ; None                        ; None                      ; 4.097 ns                ;
; N/A                                     ; 208.07 MHz ( period = 4.806 ns )                    ; FD[11] ; FD[19] ; GCKP18     ; GCKP18   ; None                        ; None                      ; 4.097 ns                ;
; N/A                                     ; 208.07 MHz ( period = 4.806 ns )                    ; FD[11] ; FD[18] ; GCKP18     ; GCKP18   ; None                        ; None                      ; 4.097 ns                ;
; N/A                                     ; 208.07 MHz ( period = 4.806 ns )                    ; FD[1]  ; FD[12] ; GCKP18     ; GCKP18   ; None                        ; None                      ; 4.097 ns                ;
; N/A                                     ; 208.07 MHz ( period = 4.806 ns )                    ; FD[1]  ; FD[11] ; GCKP18     ; GCKP18   ; None                        ; None                      ; 4.097 ns                ;
; N/A                                     ; 208.07 MHz ( period = 4.806 ns )                    ; FD[1]  ; FD[10] ; GCKP18     ; GCKP18   ; None                        ; None                      ; 4.097 ns                ;
; N/A                                     ; 208.07 MHz ( period = 4.806 ns )                    ; FD[1]  ; FD[9]  ; GCKP18     ; GCKP18   ; None                        ; None                      ; 4.097 ns                ;
; N/A                                     ; 208.07 MHz ( period = 4.806 ns )                    ; FD[1]  ; FD[8]  ; GCKP18     ; GCKP18   ; None                        ; None                      ; 4.097 ns                ;
; N/A                                     ; 208.64 MHz ( period = 4.793 ns )                    ; FD[11] ; FD[25] ; GCKP18     ; GCKP18   ; None                        ; None                      ; 4.084 ns                ;
; N/A                                     ; 208.64 MHz ( period = 4.793 ns )                    ; FD[11] ; FD[24] ; GCKP18     ; GCKP18   ; None                        ; None                      ; 4.084 ns                ;
; N/A                                     ; 208.64 MHz ( period = 4.793 ns )                    ; FD[11] ; FD[23] ; GCKP18     ; GCKP18   ; None                        ; None                      ; 4.084 ns                ;
; N/A                                     ; 208.64 MHz ( period = 4.793 ns )                    ; FD[1]  ; FD[17] ; GCKP18     ; GCKP18   ; None                        ; None                      ; 4.084 ns                ;
; N/A                                     ; 208.64 MHz ( period = 4.793 ns )                    ; FD[1]  ; FD[16] ; GCKP18     ; GCKP18   ; None                        ; None                      ; 4.084 ns                ;
; N/A                                     ; 208.64 MHz ( period = 4.793 ns )                    ; FD[1]  ; FD[15] ; GCKP18     ; GCKP18   ; None                        ; None                      ; 4.084 ns                ;
; N/A                                     ; 208.64 MHz ( period = 4.793 ns )                    ; FD[1]  ; FD[14] ; GCKP18     ; GCKP18   ; None                        ; None                      ; 4.084 ns                ;
; N/A                                     ; 208.64 MHz ( period = 4.793 ns )                    ; FD[1]  ; FD[13] ; GCKP18     ; GCKP18   ; None                        ; None                      ; 4.084 ns                ;
; N/A                                     ; 211.64 MHz ( period = 4.725 ns )                    ; FD[10] ; FD[22] ; GCKP18     ; GCKP18   ; None                        ; None                      ; 4.016 ns                ;
; N/A                                     ; 211.64 MHz ( period = 4.725 ns )                    ; FD[10] ; FD[21] ; GCKP18     ; GCKP18   ; None                        ; None                      ; 4.016 ns                ;
; N/A                                     ; 211.64 MHz ( period = 4.725 ns )                    ; FD[10] ; FD[20] ; GCKP18     ; GCKP18   ; None                        ; None                      ; 4.016 ns                ;
; N/A                                     ; 211.64 MHz ( period = 4.725 ns )                    ; FD[10] ; FD[19] ; GCKP18     ; GCKP18   ; None                        ; None                      ; 4.016 ns                ;
; N/A                                     ; 211.64 MHz ( period = 4.725 ns )                    ; FD[10] ; FD[18] ; GCKP18     ; GCKP18   ; None                        ; None                      ; 4.016 ns                ;
; N/A                                     ; 212.22 MHz ( period = 4.712 ns )                    ; FD[10] ; FD[25] ; GCKP18     ; GCKP18   ; None                        ; None                      ; 4.003 ns                ;
; N/A                                     ; 212.22 MHz ( period = 4.712 ns )                    ; FD[10] ; FD[24] ; GCKP18     ; GCKP18   ; None                        ; None                      ; 4.003 ns                ;
; N/A                                     ; 212.22 MHz ( period = 4.712 ns )                    ; FD[10] ; FD[23] ; GCKP18     ; GCKP18   ; None                        ; None                      ; 4.003 ns                ;
; N/A                                     ; 214.87 MHz ( period = 4.654 ns )                    ; FD[12] ; FD[22] ; GCKP18     ; GCKP18   ; None                        ; None                      ; 3.945 ns                ;
; N/A                                     ; 214.87 MHz ( period = 4.654 ns )                    ; FD[12] ; FD[21] ; GCKP18     ; GCKP18   ; None                        ; None                      ; 3.945 ns                ;
; N/A                                     ; 214.87 MHz ( period = 4.654 ns )                    ; FD[12] ; FD[20] ; GCKP18     ; GCKP18   ; None                        ; None                      ; 3.945 ns                ;
; N/A                                     ; 214.87 MHz ( period = 4.654 ns )                    ; FD[12] ; FD[19] ; GCKP18     ; GCKP18   ; None                        ; None                      ; 3.945 ns                ;
; N/A                                     ; 214.87 MHz ( period = 4.654 ns )                    ; FD[12] ; FD[18] ; GCKP18     ; GCKP18   ; None                        ; None                      ; 3.945 ns                ;
; N/A                                     ; 214.87 MHz ( period = 4.654 ns )                    ; FD[2]  ; FD[12] ; GCKP18     ; GCKP18   ; None                        ; None                      ; 3.945 ns                ;
; N/A                                     ; 214.87 MHz ( period = 4.654 ns )                    ; FD[2]  ; FD[11] ; GCKP18     ; GCKP18   ; None                        ; None                      ; 3.945 ns                ;
; N/A                                     ; 214.87 MHz ( period = 4.654 ns )                    ; FD[2]  ; FD[10] ; GCKP18     ; GCKP18   ; None                        ; None                      ; 3.945 ns                ;
; N/A                                     ; 214.87 MHz ( period = 4.654 ns )                    ; FD[2]  ; FD[9]  ; GCKP18     ; GCKP18   ; None                        ; None                      ; 3.945 ns                ;
; N/A                                     ; 214.87 MHz ( period = 4.654 ns )                    ; FD[2]  ; FD[8]  ; GCKP18     ; GCKP18   ; None                        ; None                      ; 3.945 ns                ;
; N/A                                     ; 215.47 MHz ( period = 4.641 ns )                    ; FD[12] ; FD[25] ; GCKP18     ; GCKP18   ; None                        ; None                      ; 3.932 ns                ;
; N/A                                     ; 215.47 MHz ( period = 4.641 ns )                    ; FD[12] ; FD[24] ; GCKP18     ; GCKP18   ; None                        ; None                      ; 3.932 ns                ;
; N/A                                     ; 215.47 MHz ( period = 4.641 ns )                    ; FD[12] ; FD[23] ; GCKP18     ; GCKP18   ; None                        ; None                      ; 3.932 ns                ;
; N/A                                     ; 215.47 MHz ( period = 4.641 ns )                    ; FD[2]  ; FD[17] ; GCKP18     ; GCKP18   ; None                        ; None                      ; 3.932 ns                ;
; N/A                                     ; 215.47 MHz ( period = 4.641 ns )                    ; FD[2]  ; FD[16] ; GCKP18     ; GCKP18   ; None                        ; None                      ; 3.932 ns                ;
; N/A                                     ; 215.47 MHz ( period = 4.641 ns )                    ; FD[2]  ; FD[15] ; GCKP18     ; GCKP18   ; None                        ; None                      ; 3.932 ns                ;
; N/A                                     ; 215.47 MHz ( period = 4.641 ns )                    ; FD[2]  ; FD[14] ; GCKP18     ; GCKP18   ; None                        ; None                      ; 3.932 ns                ;
; N/A                                     ; 215.47 MHz ( period = 4.641 ns )                    ; FD[2]  ; FD[13] ; GCKP18     ; GCKP18   ; None                        ; None                      ; 3.932 ns                ;
; N/A                                     ; 216.68 MHz ( period = 4.615 ns )                    ; FD[0]  ; FD[12] ; GCKP18     ; GCKP18   ; None                        ; None                      ; 3.906 ns                ;
; N/A                                     ; 216.68 MHz ( period = 4.615 ns )                    ; FD[0]  ; FD[11] ; GCKP18     ; GCKP18   ; None                        ; None                      ; 3.906 ns                ;
; N/A                                     ; 216.68 MHz ( period = 4.615 ns )                    ; FD[0]  ; FD[10] ; GCKP18     ; GCKP18   ; None                        ; None                      ; 3.906 ns                ;
; N/A                                     ; 216.68 MHz ( period = 4.615 ns )                    ; FD[0]  ; FD[9]  ; GCKP18     ; GCKP18   ; None                        ; None                      ; 3.906 ns                ;
; N/A                                     ; 216.68 MHz ( period = 4.615 ns )                    ; FD[0]  ; FD[8]  ; GCKP18     ; GCKP18   ; None                        ; None                      ; 3.906 ns                ;
; N/A                                     ; 217.30 MHz ( period = 4.602 ns )                    ; FD[0]  ; FD[17] ; GCKP18     ; GCKP18   ; None                        ; None                      ; 3.893 ns                ;
; N/A                                     ; 217.30 MHz ( period = 4.602 ns )                    ; FD[0]  ; FD[16] ; GCKP18     ; GCKP18   ; None                        ; None                      ; 3.893 ns                ;
; N/A                                     ; 217.30 MHz ( period = 4.602 ns )                    ; FD[0]  ; FD[15] ; GCKP18     ; GCKP18   ; None                        ; None                      ; 3.893 ns                ;
; N/A                                     ; 217.30 MHz ( period = 4.602 ns )                    ; FD[0]  ; FD[14] ; GCKP18     ; GCKP18   ; None                        ; None                      ; 3.893 ns                ;
; N/A                                     ; 217.30 MHz ( period = 4.602 ns )                    ; FD[0]  ; FD[13] ; GCKP18     ; GCKP18   ; None                        ; None                      ; 3.893 ns                ;
; N/A                                     ; 217.63 MHz ( period = 4.595 ns )                    ; FD[16] ; FD[22] ; GCKP18     ; GCKP18   ; None                        ; None                      ; 3.886 ns                ;
; N/A                                     ; 217.63 MHz ( period = 4.595 ns )                    ; FD[16] ; FD[21] ; GCKP18     ; GCKP18   ; None                        ; None                      ; 3.886 ns                ;
; N/A                                     ; 217.63 MHz ( period = 4.595 ns )                    ; FD[16] ; FD[20] ; GCKP18     ; GCKP18   ; None                        ; None                      ; 3.886 ns                ;
; N/A                                     ; 217.63 MHz ( period = 4.595 ns )                    ; FD[16] ; FD[19] ; GCKP18     ; GCKP18   ; None                        ; None                      ; 3.886 ns                ;
; N/A                                     ; 217.63 MHz ( period = 4.595 ns )                    ; FD[16] ; FD[18] ; GCKP18     ; GCKP18   ; None                        ; None                      ; 3.886 ns                ;
; N/A                                     ; 217.63 MHz ( period = 4.595 ns )                    ; FD[6]  ; FD[12] ; GCKP18     ; GCKP18   ; None                        ; None                      ; 3.886 ns                ;
; N/A                                     ; 217.63 MHz ( period = 4.595 ns )                    ; FD[6]  ; FD[11] ; GCKP18     ; GCKP18   ; None                        ; None                      ; 3.886 ns                ;
; N/A                                     ; 217.63 MHz ( period = 4.595 ns )                    ; FD[6]  ; FD[10] ; GCKP18     ; GCKP18   ; None                        ; None                      ; 3.886 ns                ;
; N/A                                     ; 217.63 MHz ( period = 4.595 ns )                    ; FD[6]  ; FD[9]  ; GCKP18     ; GCKP18   ; None                        ; None                      ; 3.886 ns                ;
; N/A                                     ; 217.63 MHz ( period = 4.595 ns )                    ; FD[6]  ; FD[8]  ; GCKP18     ; GCKP18   ; None                        ; None                      ; 3.886 ns                ;
; N/A                                     ; 218.25 MHz ( period = 4.582 ns )                    ; FD[16] ; FD[25] ; GCKP18     ; GCKP18   ; None                        ; None                      ; 3.873 ns                ;
; N/A                                     ; 218.25 MHz ( period = 4.582 ns )                    ; FD[16] ; FD[24] ; GCKP18     ; GCKP18   ; None                        ; None                      ; 3.873 ns                ;
; N/A                                     ; 218.25 MHz ( period = 4.582 ns )                    ; FD[16] ; FD[23] ; GCKP18     ; GCKP18   ; None                        ; None                      ; 3.873 ns                ;
; N/A                                     ; 218.25 MHz ( period = 4.582 ns )                    ; FD[6]  ; FD[17] ; GCKP18     ; GCKP18   ; None                        ; None                      ; 3.873 ns                ;
; N/A                                     ; 218.25 MHz ( period = 4.582 ns )                    ; FD[6]  ; FD[16] ; GCKP18     ; GCKP18   ; None                        ; None                      ; 3.873 ns                ;
; N/A                                     ; 218.25 MHz ( period = 4.582 ns )                    ; FD[6]  ; FD[15] ; GCKP18     ; GCKP18   ; None                        ; None                      ; 3.873 ns                ;
; N/A                                     ; 218.25 MHz ( period = 4.582 ns )                    ; FD[6]  ; FD[14] ; GCKP18     ; GCKP18   ; None                        ; None                      ; 3.873 ns                ;
; N/A                                     ; 218.25 MHz ( period = 4.582 ns )                    ; FD[6]  ; FD[13] ; GCKP18     ; GCKP18   ; None                        ; None                      ; 3.873 ns                ;
; N/A                                     ; 221.98 MHz ( period = 4.505 ns )                    ; FD[15] ; FD[22] ; GCKP18     ; GCKP18   ; None                        ; None                      ; 3.796 ns                ;
; N/A                                     ; 221.98 MHz ( period = 4.505 ns )                    ; FD[15] ; FD[21] ; GCKP18     ; GCKP18   ; None                        ; None                      ; 3.796 ns                ;
; N/A                                     ; 221.98 MHz ( period = 4.505 ns )                    ; FD[15] ; FD[20] ; GCKP18     ; GCKP18   ; None                        ; None                      ; 3.796 ns                ;
; N/A                                     ; 221.98 MHz ( period = 4.505 ns )                    ; FD[15] ; FD[19] ; GCKP18     ; GCKP18   ; None                        ; None                      ; 3.796 ns                ;
; N/A                                     ; 221.98 MHz ( period = 4.505 ns )                    ; FD[15] ; FD[18] ; GCKP18     ; GCKP18   ; None                        ; None                      ; 3.796 ns                ;
; N/A                                     ; 222.42 MHz ( period = 4.496 ns )                    ; FD[5]  ; FD[12] ; GCKP18     ; GCKP18   ; None                        ; None                      ; 3.787 ns                ;
; N/A                                     ; 222.42 MHz ( period = 4.496 ns )                    ; FD[5]  ; FD[11] ; GCKP18     ; GCKP18   ; None                        ; None                      ; 3.787 ns                ;
; N/A                                     ; 222.42 MHz ( period = 4.496 ns )                    ; FD[5]  ; FD[10] ; GCKP18     ; GCKP18   ; None                        ; None                      ; 3.787 ns                ;
; N/A                                     ; 222.42 MHz ( period = 4.496 ns )                    ; FD[5]  ; FD[9]  ; GCKP18     ; GCKP18   ; None                        ; None                      ; 3.787 ns                ;
; N/A                                     ; 222.42 MHz ( period = 4.496 ns )                    ; FD[5]  ; FD[8]  ; GCKP18     ; GCKP18   ; None                        ; None                      ; 3.787 ns                ;
; N/A                                     ; 222.62 MHz ( period = 4.492 ns )                    ; FD[15] ; FD[25] ; GCKP18     ; GCKP18   ; None                        ; None                      ; 3.783 ns                ;
; N/A                                     ; 222.62 MHz ( period = 4.492 ns )                    ; FD[15] ; FD[24] ; GCKP18     ; GCKP18   ; None                        ; None                      ; 3.783 ns                ;
; Timing analysis restricted to 200 rows. ; To change the limit use Settings (Assignments menu) ;        ;        ;            ;          ;                             ;                           ;                         ;
+-----------------------------------------+-----------------------------------------------------+--------+--------+------------+----------+-----------------------------+---------------------------+-------------------------+


+-------------------------------------------------------------------+
; tco                                                               ;
+-------+--------------+------------+---------+--------+------------+
; Slack ; Required tco ; Actual tco ; From    ; To     ; From Clock ;
+-------+--------------+------------+---------+--------+------------+
; N/A   ; None         ; 17.029 ns  ; SCAN[1] ; D[6]   ; GCKP18     ;
; N/A   ; None         ; 16.887 ns  ; SCAN[1] ; D[4]   ; GCKP18     ;
; N/A   ; None         ; 16.743 ns  ; SCAN[0] ; D[4]   ; GCKP18     ;
; N/A   ; None         ; 16.516 ns  ; SCAN[2] ; D[6]   ; GCKP18     ;
; N/A   ; None         ; 16.511 ns  ; SCAN[2] ; D[4]   ; GCKP18     ;
; N/A   ; None         ; 16.343 ns  ; SCAN[0] ; D[6]   ; GCKP18     ;
; N/A   ; None         ; 16.191 ns  ; SCAN[1] ; SEG[6] ; GCKP18     ;
; N/A   ; None         ; 16.185 ns  ; SCAN[1] ; SEG[7] ; GCKP18     ;
; N/A   ; None         ; 15.982 ns  ; SCAN[0] ; SEG[7] ; GCKP18     ;
; N/A   ; None         ; 15.969 ns  ; SCAN[0] ; SEG[6] ; GCKP18     ;
; N/A   ; None         ; 15.957 ns  ; SCAN[2] ; SEG[2] ; GCKP18     ;
; N/A   ; None         ; 15.846 ns  ; SCAN[0] ; SEG[2] ; GCKP18     ;
; N/A   ; None         ; 15.667 ns  ; SCAN[1] ; D[3]   ; GCKP18     ;
; N/A   ; None         ; 15.659 ns  ; SCAN[1] ; D[7]   ; GCKP18     ;
; N/A   ; None         ; 15.651 ns  ; SCAN[1] ; SEG[4] ; GCKP18     ;
; N/A   ; None         ; 15.651 ns  ; SCAN[1] ; SEG[3] ; GCKP18     ;
; N/A   ; None         ; 15.638 ns  ; SCAN[2] ; SEG[7] ; GCKP18     ;
; N/A   ; None         ; 15.629 ns  ; SCAN[2] ; SEG[6] ; GCKP18     ;
; N/A   ; None         ; 15.612 ns  ; SCAN[1] ; D[2]   ; GCKP18     ;
; N/A   ; None         ; 15.510 ns  ; SCAN[1] ; SEG[5] ; GCKP18     ;
; N/A   ; None         ; 15.504 ns  ; SCAN[1] ; D[0]   ; GCKP18     ;
; N/A   ; None         ; 15.465 ns  ; SCAN[1] ; SEG[1] ; GCKP18     ;
; N/A   ; None         ; 15.454 ns  ; SCAN[0] ; D[7]   ; GCKP18     ;
; N/A   ; None         ; 15.448 ns  ; SCAN[0] ; SEG[4] ; GCKP18     ;
; N/A   ; None         ; 15.448 ns  ; SCAN[0] ; SEG[3] ; GCKP18     ;
; N/A   ; None         ; 15.390 ns  ; SCAN[0] ; D[2]   ; GCKP18     ;
; N/A   ; None         ; 15.308 ns  ; SCAN[0] ; D[3]   ; GCKP18     ;
; N/A   ; None         ; 15.306 ns  ; SCAN[0] ; D[0]   ; GCKP18     ;
; N/A   ; None         ; 15.305 ns  ; SCAN[0] ; SEG[5] ; GCKP18     ;
; N/A   ; None         ; 15.297 ns  ; SCAN[2] ; D[1]   ; GCKP18     ;
; N/A   ; None         ; 15.234 ns  ; SCAN[0] ; SEG[1] ; GCKP18     ;
; N/A   ; None         ; 15.176 ns  ; SCAN[2] ; D[3]   ; GCKP18     ;
; N/A   ; None         ; 15.110 ns  ; SCAN[2] ; D[7]   ; GCKP18     ;
; N/A   ; None         ; 15.104 ns  ; SCAN[2] ; SEG[4] ; GCKP18     ;
; N/A   ; None         ; 15.104 ns  ; SCAN[2] ; SEG[3] ; GCKP18     ;
; N/A   ; None         ; 15.072 ns  ; SCAN[1] ; D[5]   ; GCKP18     ;
; N/A   ; None         ; 15.050 ns  ; SCAN[2] ; D[2]   ; GCKP18     ;
; N/A   ; None         ; 14.967 ns  ; SCAN[2] ; D[0]   ; GCKP18     ;
; N/A   ; None         ; 14.961 ns  ; SCAN[2] ; SEG[5] ; GCKP18     ;
; N/A   ; None         ; 14.902 ns  ; SCAN[2] ; SEG[1] ; GCKP18     ;
; N/A   ; None         ; 14.869 ns  ; SCAN[0] ; D[5]   ; GCKP18     ;
; N/A   ; None         ; 14.844 ns  ; SCAN[0] ; D[1]   ; GCKP18     ;
; N/A   ; None         ; 14.543 ns  ; SCAN[1] ; D[1]   ; GCKP18     ;
; N/A   ; None         ; 14.525 ns  ; SCAN[2] ; D[5]   ; GCKP18     ;
+-------+--------------+------------+---------+--------+------------+


+--------------------------+
; Timing Analyzer Messages ;
+--------------------------+
Info: *******************************************************************
Info: Running Quartus II Classic Timing Analyzer
    Info: Version 9.1 Build 350 03/24/2010 Service Pack 2 SJ Web Edition
    Info: Processing started: Fri Jun 08 16:18:14 2018
Info: Command: quartus_tan --read_settings_files=off --write_settings_files=off Divider_with_switch_7seg_180608 -c Divider_with_switch_7seg_180608
Info: Started post-fitting delay annotation
Info: Delay annotation completed successfully
Warning: Found pins functioning as undefined clocks and/or memory enables
    Info: Assuming node "GCKP18" is an undefined clock
Warning: Found 1 node(s) in clock paths which may be acting as ripple and/or gated clocks -- node(s) analyzed as buffer(s) resulting in clock skew
    Info: Detected ripple clock "FD[25]" as buffer
Info: Clock "GCKP18" has Internal fmax of 179.6 MHz between source register "FD[3]" and destination register "FD[22]" (period= 5.568 ns)
    Info: + Longest register to register delay is 4.859 ns
        Info: 1: + IC(0.000 ns) + CELL(0.000 ns) = 0.000 ns; Loc. = LC_X13_Y3_N5; Fanout = 3; REG Node = 'FD[3]'
        Info: 2: + IC(0.892 ns) + CELL(0.978 ns) = 1.870 ns; Loc. = LC_X13_Y3_N5; Fanout = 2; COMB Node = 'FD[3]~45'
        Info: 3: + IC(0.000 ns) + CELL(0.123 ns) = 1.993 ns; Loc. = LC_X13_Y3_N6; Fanout = 2; COMB Node = 'FD[4]~43'
        Info: 4: + IC(0.000 ns) + CELL(0.123 ns) = 2.116 ns; Loc. = LC_X13_Y3_N7; Fanout = 2; COMB Node = 'FD[5]~41'
        Info: 5: + IC(0.000 ns) + CELL(0.123 ns) = 2.239 ns; Loc. = LC_X13_Y3_N8; Fanout = 2; COMB Node = 'FD[6]~39'
        Info: 6: + IC(0.000 ns) + CELL(0.399 ns) = 2.638 ns; Loc. = LC_X13_Y3_N9; Fanout = 6; COMB Node = 'FD[7]~37'
        Info: 7: + IC(0.000 ns) + CELL(0.246 ns) = 2.884 ns; Loc. = LC_X14_Y3_N4; Fanout = 6; COMB Node = 'FD[12]~27'
        Info: 8: + IC(0.000 ns) + CELL(0.349 ns) = 3.233 ns; Loc. = LC_X14_Y3_N9; Fanout = 6; COMB Node = 'FD[17]~17'
        Info: 9: + IC(0.000 ns) + CELL(1.626 ns) = 4.859 ns; Loc. = LC_X15_Y3_N4; Fanout = 2; REG Node = 'FD[22]'
        Info: Total cell delay = 3.967 ns ( 81.64 % )
        Info: Total interconnect delay = 0.892 ns ( 18.36 % )
    Info: - Smallest clock skew is 0.000 ns
        Info: + Shortest clock path from clock "GCKP18" to destination register is 3.819 ns
            Info: 1: + IC(0.000 ns) + CELL(1.163 ns) = 1.163 ns; Loc. = PIN_18; Fanout = 26; CLK Node = 'GCKP18'
            Info: 2: + IC(1.738 ns) + CELL(0.918 ns) = 3.819 ns; Loc. = LC_X15_Y3_N4; Fanout = 2; REG Node = 'FD[22]'
            Info: Total cell delay = 2.081 ns ( 54.49 % )
            Info: Total interconnect delay = 1.738 ns ( 45.51 % )
        Info: - Longest clock path from clock "GCKP18" to source register is 3.819 ns
            Info: 1: + IC(0.000 ns) + CELL(1.163 ns) = 1.163 ns; Loc. = PIN_18; Fanout = 26; CLK Node = 'GCKP18'
            Info: 2: + IC(1.738 ns) + CELL(0.918 ns) = 3.819 ns; Loc. = LC_X13_Y3_N5; Fanout = 3; REG Node = 'FD[3]'
            Info: Total cell delay = 2.081 ns ( 54.49 % )
            Info: Total interconnect delay = 1.738 ns ( 45.51 % )
    Info: + Micro clock to output delay of source is 0.376 ns
    Info: + Micro setup delay of destination is 0.333 ns
Info: tco from clock "GCKP18" to destination pin "D[6]" through register "SCAN[1]" is 17.029 ns
    Info: + Longest clock path from clock "GCKP18" to source register is 8.724 ns
        Info: 1: + IC(0.000 ns) + CELL(1.163 ns) = 1.163 ns; Loc. = PIN_18; Fanout = 26; CLK Node = 'GCKP18'
        Info: 2: + IC(1.738 ns) + CELL(1.294 ns) = 4.195 ns; Loc. = LC_X15_Y3_N7; Fanout = 4; REG Node = 'FD[25]'
        Info: 3: + IC(3.611 ns) + CELL(0.918 ns) = 8.724 ns; Loc. = LC_X4_Y10_N2; Fanout = 11; REG Node = 'SCAN[1]'
        Info: Total cell delay = 3.375 ns ( 38.69 % )
        Info: Total interconnect delay = 5.349 ns ( 61.31 % )
    Info: + Micro clock to output delay of source is 0.376 ns
    Info: + Longest register to pin delay is 7.929 ns
        Info: 1: + IC(0.000 ns) + CELL(0.000 ns) = 0.000 ns; Loc. = LC_X4_Y10_N2; Fanout = 11; REG Node = 'SCAN[1]'
        Info: 2: + IC(2.517 ns) + CELL(0.740 ns) = 3.257 ns; Loc. = LC_X7_Y9_N2; Fanout = 1; COMB Node = 'Equal6~4'
        Info: 3: + IC(2.350 ns) + CELL(2.322 ns) = 7.929 ns; Loc. = PIN_143; Fanout = 0; PIN Node = 'D[6]'
        Info: Total cell delay = 3.062 ns ( 38.62 % )
        Info: Total interconnect delay = 4.867 ns ( 61.38 % )
Info: Quartus II Classic Timing Analyzer was successful. 0 errors, 2 warnings
    Info: Peak virtual memory: 156 megabytes
    Info: Processing ended: Fri Jun 08 16:18:14 2018
    Info: Elapsed time: 00:00:00
    Info: Total CPU time (on all processors): 00:00:00


