C51 COMPILER V9.01   CH2_7_3                                                               02/02/2012 15:07:51 PAGE 1   


C51 COMPILER V9.01, COMPILATION OF MODULE CH2_7_3
OBJECT MODULE PLACED IN Ch2-7-3.OBJ
COMPILER INVOKED BY: C:\Keil\C51\BIN\C51.EXE Ch2-7-3.c BROWSE DEBUG OBJECTEXTEND

line level    source

   1          #include        <reg51.h>                               // 包含reg51.h標頭檔  
   2          #define LED  P1                                         // 定義LED連接到Port 1 
   3          void    DELAY1ms(int);                          // 宣告1ms延時函數 
   4          void    LEFT(char);                             // 宣告單燈左移函數 
   5          void    RIGHT(char);                    // 宣告單燈右移函數 
   6          //==== 主程式 =========================================
   7          main()           
   8          {       while(1)                                                // 無窮盡迴圈 
   9   1              {       LEFT(1);                                        // 單燈左移一圈 
  10   2                      RIGHT(1);                                       // 單燈右移一圈 
  11   2              }
  12   1      }
  13          //==== 單燈左移函數 ==============================
  14          void    LEFT(char x)
  15          {       char i,j;
  16   1              for(i=0;i<x;i++)                // 產生x圈單燈左移  
  17   1              {       LED=0xfe;                       // 設定單燈左移初值0xfe=1111 1110 
  18   2                      for(j=0;j<7;j++)        // 移位7次
  19   2                      {       DELAY1ms(100);  // 延遲0.1秒(即顯示0.1秒)  
  20   3                              LED=(LED<<1)|1;// LED左移一位，而最右邊強制為1
  21   3                      }
  22   2                      DELAY1ms(100);          // 延遲0.1秒(即顯示0.1秒) 
  23   2              }
  24   1      }
  25          //==== 單燈右移函數 ==============================
  26          void    RIGHT(char x)
  27          {       char i,j;
  28   1              for(i=0;i<x;i++)                // 產生x圈單燈右移  
  29   1              {       LED=0x7f;                       // 設定單燈右移初值0x7f=0111 1111 
  30   2                      for(j=0;j<7;j++)        // 移位7次  
  31   2                      {       DELAY1ms(100);  // 延遲0.1秒(即顯示0.1秒)  
  32   3                              LED=(LED>>1)|0x80;// LED右移一位，而最左邊強制為1
  33   3                      }
  34   2                      DELAY1ms(100);          // 延遲0.1秒(即顯示0.1秒) 
  35   2              }
  36   1      }
  37          //==== 延時函數(1ms) ==============================
  38          void    DELAY1ms(int x) 
  39          {       int     i,j;
  40   1              for(i=0;i<x;i++)                        // 外迴圈(1ms*x)
  41   1                      for(j=0;j<120;j++);             // 內迴圈(1ms)
  42   1      }


MODULE INFORMATION:   STATIC OVERLAYABLE
   CODE SIZE        =    162    ----
   CONSTANT SIZE    =   ----    ----
   XDATA SIZE       =   ----    ----
   PDATA SIZE       =   ----    ----
   DATA SIZE        =   ----       6
   IDATA SIZE       =   ----    ----
   BIT SIZE         =   ----    ----
END OF MODULE INFORMATION.


C51 COMPILATION COMPLETE.  0 WARNING(S),  0 ERROR(S)
