C51 COMPILER V9.01   BUTTON_WITH_7SEG                                                      10/04/2018 11:58:38 PAGE 1   


C51 COMPILER V9.01, COMPILATION OF MODULE BUTTON_WITH_7SEG
OBJECT MODULE PLACED IN button_with_7seg.OBJ
COMPILER INVOKED BY: C:\Keil\C51\BIN\C51.EXE button_with_7seg.c BROWSE DEBUG OBJECTEXTEND

line level    source

   1          #include<reg51.h>
   2          #define seg7 P0
   3          sbit seg7dp = P0^7;
   4          sbit pb4 = P2^1;//7seg number add one when pressed
   5          sbit pb3 = P2^0;//7seg number sub one when pressed
   6          char seg7hexCode[16] = {0xc0,0xf9,0xa4,0xb0,0x99,0x92,0x82,0xf8,0x80,0x98};
   7          int seg7number = 0;
   8          /*
   9          接線說明:
  10          a -> P0.0 (P0^0) a為LSB(最低位元)
  11          b -> P0.1
  12          依序a,b,c,d,e,f,g......
  13          最後為dp -> P0.7 dp為MSB(最高位元)
  14          */
  15          void delay(int ms);
  16          int check7segNumber();
  17          void main(){
  18   1              while(1){
  19   2                      seg7 = seg7hexCode[seg7number];//show number on 7Seg
  20   2                      if(pb4 == 0){
  21   3                              delay(10);
  22   3                              if(pb4 == 0){
  23   4                                      if(check7segNumber() == 9) seg7number = 0;
  24   4                                      else seg7number +=1;
  25   4                                      while(pb4 == 0);//wait until button released
  26   4                              }
  27   3                              delay(10);
  28   3                      }
  29   2                      if(pb3 == 0){
  30   3                              delay(10);
  31   3                              if(pb3 == 0){
  32   4                                      if(check7segNumber() == 0) seg7number = 9;
  33   4                                      else seg7number -=1;
  34   4                                      while(pb3 == 0);//wait until button released
  35   4                              }
  36   3                              delay(10);
  37   3                      }
  38   2              }
  39   1      }
  40          
  41          void delay(int ms){
  42   1              int i,j;
  43   1              for(i = 0;i < ms;i++)
  44   1                      for(j=0;j<120;j++);//do null
  45   1      }
  46          
  47          int check7segNumber(){
  48   1              if(seg7number >= 9) return 9;
  49   1              else if(seg7number <= 0) return 0;
  50   1              else return -1;
  51   1      }


MODULE INFORMATION:   STATIC OVERLAYABLE
   CODE SIZE        =    167    ----
C51 COMPILER V9.01   BUTTON_WITH_7SEG                                                      10/04/2018 11:58:38 PAGE 2   

   CONSTANT SIZE    =   ----    ----
   XDATA SIZE       =   ----    ----
   PDATA SIZE       =   ----    ----
   DATA SIZE        =     18    ----
   IDATA SIZE       =   ----    ----
   BIT SIZE         =   ----    ----
END OF MODULE INFORMATION.


C51 COMPILATION COMPLETE.  0 WARNING(S),  0 ERROR(S)
